This is pdfTeX, Version 3.141592653-2.6-1.40.22 (TeX Live 2021) (preloaded format=pdflatex 2021.11.4)  4 NOV 2022 17:54
entering extended mode
 restricted \write18 enabled.
 file:line:error style messages enabled.
 %&-line parsing enabled.
**"/Users/anthonykevins/OneDrive - Universiteit Utrecht/Work/Other Work Documents/GitHub/academic-kickstart/Latex/Teaching Portfolio/Short_Teaching_Portfolio.tex"
(/Users/anthonykevins/OneDrive - Universiteit Utrecht/Work/Other Work Documents/GitHub/academic-kickstart/Latex/Teaching Portfolio/Short_Teaching_Portfolio.tex
LaTeX2e <2020-10-01> patch level 4
L3 programming layer <2021-02-18> (/usr/local/texlive/2021/texmf-dist/tex/latex/base/article.cls
Document Class: article 2020/04/10 v1.4m Standard LaTeX document class
(/usr/local/texlive/2021/texmf-dist/tex/latex/base/size11.clo
File: size11.clo 2020/04/10 v1.4m Standard LaTeX file (size option)
)
\c@part=\count179
\c@section=\count180
\c@subsection=\count181
\c@subsubsection=\count182
\c@paragraph=\count183
\c@subparagraph=\count184
\c@figure=\count185
\c@table=\count186
\abovecaptionskip=\skip47
\belowcaptionskip=\skip48
\bibindent=\dimen138
) (/usr/local/texlive/2021/texmf-dist/tex/latex/tools/tabularx.sty
Package: tabularx 2020/01/15 v2.11c `tabularx' package (DPC)
 (/usr/local/texlive/2021/texmf-dist/tex/latex/tools/array.sty
Package: array 2020/10/01 v2.5c Tabular extension package (FMi)
\col@sep=\dimen139
\ar@mcellbox=\box47
\extrarowheight=\dimen140
\NC@list=\toks15
\extratabsurround=\skip49
\backup@length=\skip50
\ar@cellbox=\box48
)
\TX@col@width=\dimen141
\TX@old@table=\dimen142
\TX@old@col=\dimen143
\TX@target=\dimen144
\TX@delta=\dimen145
\TX@cols=\count187
\TX@ftn=\toks16
) (/usr/local/texlive/2021/texmf-dist/tex/latex/hyphenat/hyphenat.sty
Package: hyphenat 2009/09/02 v2.3c hyphenation utilities
\langwohyphens=\language87
LaTeX Info: Redefining \_ on input line 43.
) (/usr/local/texlive/2021/texmf-dist/tex/latex/base/inputenc.sty
Package: inputenc 2020/08/01 v1.3d Input encoding file
\inpenc@prehook=\toks17
\inpenc@posthook=\toks18
 (/usr/local/texlive/2021/texmf-dist/tex/latex/ucs/utf8x.def
File: utf8x.def 2004/10/17 UCS: Input encoding UTF-8
)) (/usr/local/texlive/2021/texmf-dist/tex/latex/ucs/ucs.sty
Package: ucs 2013/05/11 v2.2 UCS: Unicode input support
 (/usr/local/texlive/2021/texmf-dist/tex/latex/ucs/data/uni-global.def
File: uni-global.def 2013/05/13 UCS: Unicode global data
)
\uc@secondtry=\count188
\uc@combtoks=\toks19
\uc@combtoksb=\toks20
\uc@temptokena=\toks21
) (/usr/local/texlive/2021/texmf-dist/tex/latex/lm/lmodern.sty
Package: lmodern 2015/05/01 v1.6.1 Latin Modern Fonts
LaTeX Font Info:    Overwriting symbol font `operators' in version `normal'
(Font)                  OT1/cmr/m/n --> OT1/lmr/m/n on input line 22.
LaTeX Font Info:    Overwriting symbol font `letters' in version `normal'
(Font)                  OML/cmm/m/it --> OML/lmm/m/it on input line 23.
LaTeX Font Info:    Overwriting symbol font `symbols' in version `normal'
(Font)                  OMS/cmsy/m/n --> OMS/lmsy/m/n on input line 24.
LaTeX Font Info:    Overwriting symbol font `largesymbols' in version `normal'
(Font)                  OMX/cmex/m/n --> OMX/lmex/m/n on input line 25.
LaTeX Font Info:    Overwriting symbol font `operators' in version `bold'
(Font)                  OT1/cmr/bx/n --> OT1/lmr/bx/n on input line 26.
LaTeX Font Info:    Overwriting symbol font `letters' in version `bold'
(Font)                  OML/cmm/b/it --> OML/lmm/b/it on input line 27.
LaTeX Font Info:    Overwriting symbol font `symbols' in version `bold'
(Font)                  OMS/cmsy/b/n --> OMS/lmsy/b/n on input line 28.
LaTeX Font Info:    Overwriting symbol font `largesymbols' in version `bold'
(Font)                  OMX/cmex/m/n --> OMX/lmex/m/n on input line 29.
LaTeX Font Info:    Overwriting math alphabet `\mathbf' in version `normal'
(Font)                  OT1/cmr/bx/n --> OT1/lmr/bx/n on input line 31.
LaTeX Font Info:    Overwriting math alphabet `\mathsf' in version `normal'
(Font)                  OT1/cmss/m/n --> OT1/lmss/m/n on input line 32.
LaTeX Font Info:    Overwriting math alphabet `\mathit' in version `normal'
(Font)                  OT1/cmr/m/it --> OT1/lmr/m/it on input line 33.
LaTeX Font Info:    Overwriting math alphabet `\mathtt' in version `normal'
(Font)                  OT1/cmtt/m/n --> OT1/lmtt/m/n on input line 34.
LaTeX Font Info:    Overwriting math alphabet `\mathbf' in version `bold'
(Font)                  OT1/cmr/bx/n --> OT1/lmr/bx/n on input line 35.
LaTeX Font Info:    Overwriting math alphabet `\mathsf' in version `bold'
(Font)                  OT1/cmss/bx/n --> OT1/lmss/bx/n on input line 36.
LaTeX Font Info:    Overwriting math alphabet `\mathit' in version `bold'
(Font)                  OT1/cmr/bx/it --> OT1/lmr/bx/it on input line 37.
LaTeX Font Info:    Overwriting math alphabet `\mathtt' in version `bold'
(Font)                  OT1/cmtt/m/n --> OT1/lmtt/m/n on input line 38.
) (/usr/local/texlive/2021/texmf-dist/tex/latex/base/textcomp.sty
Package: textcomp 2020/02/02 v2.0n Standard LaTeX package
) (/usr/local/texlive/2021/texmf-dist/tex/latex/enumitem/enumitem.sty
Package: enumitem 2019/06/20 v3.9 Customized lists
\enitkv@toks@=\toks22
\labelindent=\skip51
\enit@outerparindent=\dimen146
\enit@toks=\toks23
\enit@inbox=\box49
\enit@count@id=\count189
\enitdp@description=\count190
) (/usr/local/texlive/2021/texmf-dist/tex/latex/ltablex/ltablex.sty
Package: ltablex 2014/08/13 v1.1 Modified tabularx
 (/usr/local/texlive/2021/texmf-dist/tex/latex/tools/longtable.sty
Package: longtable 2020/01/07 v4.13 Multi-page Table package (DPC)
\LTleft=\skip52
\LTright=\skip53
\LTpre=\skip54
\LTpost=\skip55
\LTchunksize=\count191
\LTcapwidth=\dimen147
\LT@head=\box50
\LT@firsthead=\box51
\LT@foot=\box52
\LT@lastfoot=\box53
\LT@cols=\count192
\LT@rows=\count193
\c@LT@tables=\count194
\c@LT@chunks=\count195
\LT@p@ftn=\toks24
)) (/usr/local/texlive/2021/texmf-dist/tex/generic/babel/babel.sty
Package: babel 2021/03/24 3.56 The Babel package
 (/usr/local/texlive/2021/texmf-dist/tex/generic/babel/babel.def
File: babel.def 2021/03/24 3.56 Babel common definitions
\babel@savecnt=\count196
\U@D=\dimen148
\l@babelnohyphens=\language88
 (/usr/local/texlive/2021/texmf-dist/tex/generic/babel/txtbabel.def)
\bbl@readstream=\read2
)
\bbl@dirlevel=\count197
 (/usr/local/texlive/2021/texmf-dist/tex/generic/babel-english/english.ldf
Language: english 2017/06/06 v3.3r English support from the babel system
Package babel Info: \l@canadian = using hyphenrules for english
(babel)             (\language0) on input line 102.
Package babel Info: \l@australian = using hyphenrules for ukenglish
(babel)             (\language21) on input line 105.
Package babel Info: \l@newzealand = using hyphenrules for ukenglish
(babel)             (\language21) on input line 108.
)) (/usr/local/texlive/2021/texmf-dist/tex/latex/blindtext/blindtext.sty
Package: blindtext 2012/01/06 V2.0 blindtext-Package
 (/usr/local/texlive/2021/texmf-dist/tex/latex/tools/xspace.sty
Package: xspace 2014/10/28 v1.13 Space after command names (DPC,MH)
)
\c@blindtext=\count198
\c@Blindtext=\count199
\c@blind@countparstart=\count266
\blind@countxx=\count267
\blindtext@numBlindtext=\count268
\blind@countyy=\count269
\c@blindlist=\count270
\c@blindlistlevel=\count271
\c@blindlist@level=\count272
\blind@listitem=\count273
\c@blind@listcount=\count274
\c@blind@levelcount=\count275
\blind@mathformula=\count276
\blind@Mathformula=\count277
\c@blind@randomcount=\count278
\c@blind@randommax=\count279
\c@blind@pangramcount=\count280
\c@blind@pangrammax=\count281
) (/usr/local/texlive/2021/texmf-dist/tex/latex/microtype/microtype.sty
Package: microtype 2021/03/14 v2.8c Micro-typographical refinements (RS)
 (/usr/local/texlive/2021/texmf-dist/tex/latex/graphics/keyval.sty
Package: keyval 2014/10/28 v1.15 key=value parser (DPC)
\KV@toks@=\toks25
)
\MT@toks=\toks26
\MT@count=\count282
LaTeX Info: Redefining \textls on input line 790.
\MT@outer@kern=\dimen149
LaTeX Info: Redefining \textmicrotypecontext on input line 1374.
\MT@listname@count=\count283
 (/usr/local/texlive/2021/texmf-dist/tex/latex/microtype/microtype-pdftex.def
File: microtype-pdftex.def 2021/03/14 v2.8c Definitions specific to pdftex (RS)
LaTeX Info: Redefining \lsstyle on input line 915.
LaTeX Info: Redefining \lslig on input line 915.
\MT@outer@space=\skip56
)
Package microtype Info: Loading configuration file microtype.cfg.
 (/usr/local/texlive/2021/texmf-dist/tex/latex/microtype/microtype.cfg
File: microtype.cfg 2021/03/14 v2.8c microtype main configuration file (RS)
)) (/usr/local/texlive/2021/texmf-dist/tex/latex/hyperref/hyperref.sty
Package: hyperref 2021-02-27 v7.00k Hypertext links for LaTeX
 (/usr/local/texlive/2021/texmf-dist/tex/generic/ltxcmds/ltxcmds.sty
Package: ltxcmds 2020-05-10 v1.25 LaTeX kernel commands for general use (HO)
) (/usr/local/texlive/2021/texmf-dist/tex/generic/iftex/iftex.sty
Package: iftex 2020/03/06 v1.0d TeX engine tests
) (/usr/local/texlive/2021/texmf-dist/tex/generic/pdftexcmds/pdftexcmds.sty
Package: pdftexcmds 2020-06-27 v0.33 Utility functions of pdfTeX for LuaTeX (HO)
 (/usr/local/texlive/2021/texmf-dist/tex/generic/infwarerr/infwarerr.sty
Package: infwarerr 2019/12/03 v1.5 Providing info/warning/error messages (HO)
)
Package pdftexcmds Info: \pdf@primitive is available.
Package pdftexcmds Info: \pdf@ifprimitive is available.
Package pdftexcmds Info: \pdfdraftmode found.
) (/usr/local/texlive/2021/texmf-dist/tex/generic/kvsetkeys/kvsetkeys.sty
Package: kvsetkeys 2019/12/15 v1.18 Key value parser (HO)
) (/usr/local/texlive/2021/texmf-dist/tex/generic/kvdefinekeys/kvdefinekeys.sty
Package: kvdefinekeys 2019-12-19 v1.6 Define keys (HO)
) (/usr/local/texlive/2021/texmf-dist/tex/generic/pdfescape/pdfescape.sty
Package: pdfescape 2019/12/09 v1.15 Implements pdfTeX's escape features (HO)
) (/usr/local/texlive/2021/texmf-dist/tex/latex/hycolor/hycolor.sty
Package: hycolor 2020-01-27 v1.10 Color options for hyperref/bookmark (HO)
) (/usr/local/texlive/2021/texmf-dist/tex/latex/letltxmacro/letltxmacro.sty
Package: letltxmacro 2019/12/03 v1.6 Let assignment for LaTeX macros (HO)
) (/usr/local/texlive/2021/texmf-dist/tex/latex/auxhook/auxhook.sty
Package: auxhook 2019-12-17 v1.6 Hooks for auxiliary files (HO)
) (/usr/local/texlive/2021/texmf-dist/tex/latex/kvoptions/kvoptions.sty
Package: kvoptions 2020-10-07 v3.14 Key value format for package options (HO)
)
\@linkdim=\dimen150
\Hy@linkcounter=\count284
\Hy@pagecounter=\count285
 (/usr/local/texlive/2021/texmf-dist/tex/latex/hyperref/pd1enc.def
File: pd1enc.def 2021-02-27 v7.00k Hyperref: PDFDocEncoding definition (HO)
) (/usr/local/texlive/2021/texmf-dist/tex/latex/hyperref/hyperref-langpatches.def
File: hyperref-langpatches.def 2021-02-27 v7.00k Hyperref: patches for babel languages
) (/usr/local/texlive/2021/texmf-dist/tex/generic/intcalc/intcalc.sty
Package: intcalc 2019/12/15 v1.3 Expandable calculations with integers (HO)
) (/usr/local/texlive/2021/texmf-dist/tex/generic/etexcmds/etexcmds.sty
Package: etexcmds 2019/12/15 v1.7 Avoid name clashes with e-TeX commands (HO)
)
\Hy@SavedSpaceFactor=\count286
 (/usr/local/texlive/2021/texmf-dist/tex/latex/hyperref/puenc.def
File: puenc.def 2021-02-27 v7.00k Hyperref: PDF Unicode definition (HO)
)
Package hyperref Info: Hyper figures OFF on input line 4192.
Package hyperref Info: Link nesting OFF on input line 4197.
Package hyperref Info: Hyper index ON on input line 4200.
Package hyperref Info: Plain pages OFF on input line 4207.
Package hyperref Info: Backreferencing OFF on input line 4212.
Package hyperref Info: Implicit mode ON; LaTeX internals redefined.
Package hyperref Info: Bookmarks ON on input line 4445.
\c@Hy@tempcnt=\count287
 (/usr/local/texlive/2021/texmf-dist/tex/latex/url/url.sty
\Urlmuskip=\muskip16
Package: url 2013/09/16  ver 3.4  Verb mode for urls, etc.
)
LaTeX Info: Redefining \url on input line 4804.
\XeTeXLinkMargin=\dimen151
 (/usr/local/texlive/2021/texmf-dist/tex/generic/bitset/bitset.sty
Package: bitset 2019/12/09 v1.3 Handle bit-vector datatype (HO)
 (/usr/local/texlive/2021/texmf-dist/tex/generic/bigintcalc/bigintcalc.sty
Package: bigintcalc 2019/12/15 v1.5 Expandable calculations on big integers (HO)
))
\Fld@menulength=\count288
\Field@Width=\dimen152
\Fld@charsize=\dimen153
Package hyperref Info: Hyper figures OFF on input line 6075.
Package hyperref Info: Link nesting OFF on input line 6080.
Package hyperref Info: Hyper index ON on input line 6083.
Package hyperref Info: backreferencing OFF on input line 6090.
Package hyperref Info: Link coloring OFF on input line 6095.
Package hyperref Info: Link coloring with OCG OFF on input line 6100.
Package hyperref Info: PDF/A mode OFF on input line 6105.
LaTeX Info: Redefining \ref on input line 6145.
LaTeX Info: Redefining \pageref on input line 6149.
 (/usr/local/texlive/2021/texmf-dist/tex/latex/base/atbegshi-ltx.sty
Package: atbegshi-ltx 2020/08/17 v1.0a Emulation of the original atbegshi package
with kernel methods
)
\Hy@abspage=\count289
\c@Item=\count290
\c@Hfootnote=\count291
)
Package hyperref Info: Driver (autodetected): hpdftex.
 (/usr/local/texlive/2021/texmf-dist/tex/latex/hyperref/hpdftex.def
File: hpdftex.def 2021-02-27 v7.00k Hyperref driver for pdfTeX
 (/usr/local/texlive/2021/texmf-dist/tex/latex/base/atveryend-ltx.sty
Package: atveryend-ltx 2020/08/19 v1.0a Emulation of the original atvery package
with kernel methods
)
\Fld@listcount=\count292
\c@bookmark@seq@number=\count293
 (/usr/local/texlive/2021/texmf-dist/tex/latex/rerunfilecheck/rerunfilecheck.sty
Package: rerunfilecheck 2019/12/05 v1.9 Rerun checks for auxiliary files (HO)
 (/usr/local/texlive/2021/texmf-dist/tex/generic/uniquecounter/uniquecounter.sty
Package: uniquecounter 2019/12/15 v1.4 Provide unlimited unique counter (HO)
)
Package uniquecounter Info: New unique counter `rerunfilecheck' on input line 286.
)
\Hy@SectionHShift=\skip57
) (/usr/local/texlive/2021/texmf-dist/tex/latex/hanging/hanging.sty
Package: hanging 2009/09/02 v1.2b hanging paragraphs and punctuation
\h@ngcommawd=\skip58
\h@ngfstopwd=\skip59
\h@ngquotewd=\skip60
\h@ngdquotewd=\skip61
\h@ngquerywd=\skip62
\h@ngexclwd=\skip63
\h@ngcolonwd=\skip64
\h@ngscolonwd=\skip65
) (/usr/local/texlive/2021/texmf-dist/tex/latex/geometry/geometry.sty
Package: geometry 2020/01/02 v5.9 Page Geometry
 (/usr/local/texlive/2021/texmf-dist/tex/generic/iftex/ifvtex.sty
Package: ifvtex 2019/10/25 v1.7 ifvtex legacy package. Use iftex instead.
)
\Gm@cnth=\count294
\Gm@cntv=\count295
\c@Gm@tempcnt=\count296
\Gm@bindingoffset=\dimen154
\Gm@wd@mp=\dimen155
\Gm@odd@mp=\dimen156
\Gm@even@mp=\dimen157
\Gm@layoutwidth=\dimen158
\Gm@layoutheight=\dimen159
\Gm@layouthoffset=\dimen160
\Gm@layoutvoffset=\dimen161
\Gm@dimlist=\toks27
) (/usr/local/texlive/2021/texmf-dist/tex/latex/pdfpages/pdfpages.sty
Package: pdfpages 2021/03/06 v0.5t Insert pages of external PDF documents (AM)
 (/usr/local/texlive/2021/texmf-dist/tex/latex/base/ifthen.sty
Package: ifthen 2014/09/29 v1.1c Standard LaTeX ifthen package (DPC)
) (/usr/local/texlive/2021/texmf-dist/tex/latex/tools/calc.sty
Package: calc 2017/05/25 v4.3 Infix arithmetic (KKT,FJ)
\calc@Acount=\count297
\calc@Bcount=\count298
\calc@Adimen=\dimen162
\calc@Bdimen=\dimen163
\calc@Askip=\skip66
\calc@Bskip=\skip67
LaTeX Info: Redefining \setlength on input line 80.
LaTeX Info: Redefining \addtolength on input line 81.
\calc@Ccount=\count299
\calc@Cskip=\skip68
) (/usr/local/texlive/2021/texmf-dist/tex/latex/eso-pic/eso-pic.sty
Package: eso-pic 2020/10/14 v3.0a eso-pic (RN)
\ESO@tempdima=\dimen164
\ESO@tempdimb=\dimen165
 (/usr/local/texlive/2021/texmf-dist/tex/latex/xcolor/xcolor.sty
Package: xcolor 2016/05/11 v2.12 LaTeX color extensions (UK)
 (/usr/local/texlive/2021/texmf-dist/tex/latex/graphics-cfg/color.cfg
File: color.cfg 2016/01/02 v1.6 sample color configuration
)
Package xcolor Info: Driver file: pdftex.def on input line 225.
 (/usr/local/texlive/2021/texmf-dist/tex/latex/graphics-def/pdftex.def
File: pdftex.def 2020/10/05 v1.2a Graphics/color driver for pdftex
)
Package xcolor Info: Model `cmy' substituted by `cmy0' on input line 1348.
Package xcolor Info: Model `hsb' substituted by `rgb' on input line 1352.
Package xcolor Info: Model `RGB' extended on input line 1364.
Package xcolor Info: Model `HTML' substituted by `rgb' on input line 1366.
Package xcolor Info: Model `Hsb' substituted by `hsb' on input line 1367.
Package xcolor Info: Model `tHsb' substituted by `hsb' on input line 1368.
Package xcolor Info: Model `HSB' substituted by `hsb' on input line 1369.
Package xcolor Info: Model `Gray' substituted by `gray' on input line 1370.
Package xcolor Info: Model `wave' substituted by `hsb' on input line 1371.
)) (/usr/local/texlive/2021/texmf-dist/tex/latex/graphics/graphicx.sty
Package: graphicx 2020/09/09 v1.2b Enhanced LaTeX Graphics (DPC,SPQR)
 (/usr/local/texlive/2021/texmf-dist/tex/latex/graphics/graphics.sty
Package: graphics 2020/08/30 v1.4c Standard LaTeX Graphics (DPC,SPQR)
 (/usr/local/texlive/2021/texmf-dist/tex/latex/graphics/trig.sty
Package: trig 2016/01/03 v1.10 sin cos tan (DPC)
) (/usr/local/texlive/2021/texmf-dist/tex/latex/graphics-cfg/graphics.cfg
File: graphics.cfg 2016/06/04 v1.11 sample graphics configuration
)
Package graphics Info: Driver file: pdftex.def on input line 105.
)
\Gin@req@height=\dimen166
\Gin@req@width=\dimen167
)
\AM@pagewidth=\dimen168
\AM@pageheight=\dimen169
\AM@fboxrule=\dimen170
 (/usr/local/texlive/2021/texmf-dist/tex/latex/pdfpages/pppdftex.def
File: pppdftex.def 2021/03/06 v0.5t Pdfpages driver for pdfTeX (AM)
)
\pdfpages@includegraphics@status=\count300
\AM@pagebox=\box54
\AM@global@opts=\toks28
\AM@pagecnt=\count301
\AM@toc@title=\toks29
\c@AM@survey=\count302
\AM@templatesizebox=\box55
) (/usr/local/texlive/2021/texmf-dist/tex/latex/tocloft/tocloft.sty
Package: tocloft 2017/08/31 v2.3i parameterised ToC, etc., typesetting
Package tocloft Info: The document has section divisions on input line 51.
\cftparskip=\skip69
\cftbeforetoctitleskip=\skip70
\cftaftertoctitleskip=\skip71
\cftbeforepartskip=\skip72
\cftpartnumwidth=\skip73
\cftpartindent=\skip74
\cftbeforesecskip=\skip75
\cftsecindent=\skip76
\cftsecnumwidth=\skip77
\cftbeforesubsecskip=\skip78
\cftsubsecindent=\skip79
\cftsubsecnumwidth=\skip80
\cftbeforesubsubsecskip=\skip81
\cftsubsubsecindent=\skip82
\cftsubsubsecnumwidth=\skip83
\cftbeforeparaskip=\skip84
\cftparaindent=\skip85
\cftparanumwidth=\skip86
\cftbeforesubparaskip=\skip87
\cftsubparaindent=\skip88
\cftsubparanumwidth=\skip89
\cftbeforeloftitleskip=\skip90
\cftafterloftitleskip=\skip91
\cftbeforefigskip=\skip92
\cftfigindent=\skip93
\cftfignumwidth=\skip94
\c@lofdepth=\count303
\c@lotdepth=\count304
\cftbeforelottitleskip=\skip95
\cftafterlottitleskip=\skip96
\cftbeforetabskip=\skip97
\cfttabindent=\skip98
\cfttabnumwidth=\skip99
) (/usr/local/texlive/2021/texmf-dist/tex/latex/setspace/setspace.sty
Package: setspace 2011/12/19 v6.7a set line spacing
) (/usr/local/texlive/2021/texmf-dist/tex/latex/footmisc/footmisc.sty
Package: footmisc 2011/06/06 v5.5b a miscellany of footnote facilities
\FN@temptoken=\toks30
\footnotemargin=\dimen171
\c@pp@next@reset=\count305
Package footmisc Info: Declaring symbol style bringhurst on input line 855.
Package footmisc Info: Declaring symbol style chicago on input line 863.
Package footmisc Info: Declaring symbol style wiley on input line 872.
Package footmisc Info: Declaring symbol style lamport-robust on input line 883.
Package footmisc Info: Declaring symbol style lamport* on input line 903.
Package footmisc Info: Declaring symbol style lamport*-robust on input line 924.
) (/usr/local/texlive/2021/texmf-dist/tex/latex/caption/subcaption.sty
Package: subcaption 2020/10/07 v1.3j Sub-captions (AR)
 (/usr/local/texlive/2021/texmf-dist/tex/latex/caption/caption.sty
Package: caption 2020/10/26 v3.5g Customizing captions (AR)
 (/usr/local/texlive/2021/texmf-dist/tex/latex/caption/caption3.sty
Package: caption3 2020/10/21 v2.2e caption3 kernel (AR)
\captionmargin=\dimen172
\captionmargin@=\dimen173
\captionwidth=\dimen174
\caption@tempdima=\dimen175
\caption@indent=\dimen176
\caption@parindent=\dimen177
\caption@hangindent=\dimen178
Package caption Info: Standard document class detected.
)
\c@caption@flags=\count306
\c@continuedfloat=\count307
Package caption Info: hyperref package is loaded.
Package caption Info: longtable package is loaded.
 (/usr/local/texlive/2021/texmf-dist/tex/latex/caption/ltcaption.sty
Package: ltcaption 2020/05/30 v1.4b longtable captions (AR)
))
\c@subfigure=\count308
\c@subtable=\count309
) (/usr/local/texlive/2021/texmf-dist/tex/latex/fancyhdr/fancyhdr.sty
Package: fancyhdr 2021/01/28 v4.0.1 Extensive control of page headers and footers
\f@nch@headwidth=\skip100
\f@nch@O@elh=\skip101
\f@nch@O@erh=\skip102
\f@nch@O@olh=\skip103
\f@nch@O@orh=\skip104
\f@nch@O@elf=\skip105
\f@nch@O@erf=\skip106
\f@nch@O@olf=\skip107
\f@nch@O@orf=\skip108
) (/usr/local/texlive/2021/texmf-dist/tex/latex/titlesec/titlesec.sty
Package: titlesec 2019/10/16 v2.13 Sectioning titles
\ttl@box=\box56
\beforetitleunit=\skip109
\aftertitleunit=\skip110
\ttl@plus=\dimen179
\ttl@minus=\dimen180
\ttl@toksa=\toks31
\titlewidth=\dimen181
\titlewidthlast=\dimen182
\titlewidthfirst=\dimen183
)

Package fancyhdr Warning: \fancyhead's `E' option without twoside option is useless on input line 53.


Package fancyhdr Warning: \fancyhead's `E' option without twoside option is useless on input line 54.


Package fancyhdr Warning: \fancyfoot's `E' option without twoside option is useless on input line 55.

LaTeX Font Info:    Trying to load font information for OT1+lmr on input line 59.
(/usr/local/texlive/2021/texmf-dist/tex/latex/lm/ot1lmr.fd
File: ot1lmr.fd 2015/05/01 v1.6.1 Font defs for Latin Modern
) (/usr/local/texlive/2021/texmf-dist/tex/latex/l3backend/l3backend-pdftex.def
File: l3backend-pdftex.def 2021-03-18 L3 backend support: PDF output (pdfTeX)
\l__color_backend_stack_int=\count310
\l__pdf_internal_box=\box57
) (/Users/anthonykevins/OneDrive - Universiteit Utrecht/Work/Other Work Documents/GitHub/academic-kickstart/Latex/Teaching Portfolio/Short_Teaching_Portfolio.aux)
\openout1 = `Short_Teaching_Portfolio.aux'.

LaTeX Font Info:    Checking defaults for OML/cmm/m/it on input line 59.
LaTeX Font Info:    ... okay on input line 59.
LaTeX Font Info:    Checking defaults for OMS/cmsy/m/n on input line 59.
LaTeX Font Info:    ... okay on input line 59.
LaTeX Font Info:    Checking defaults for OT1/cmr/m/n on input line 59.
LaTeX Font Info:    ... okay on input line 59.
LaTeX Font Info:    Checking defaults for T1/cmr/m/n on input line 59.
LaTeX Font Info:    ... okay on input line 59.
LaTeX Font Info:    Checking defaults for TS1/cmr/m/n on input line 59.
LaTeX Font Info:    ... okay on input line 59.
LaTeX Font Info:    Checking defaults for OMX/cmex/m/n on input line 59.
LaTeX Font Info:    ... okay on input line 59.
LaTeX Font Info:    Checking defaults for U/cmr/m/n on input line 59.
LaTeX Font Info:    ... okay on input line 59.
LaTeX Font Info:    Checking defaults for PD1/pdf/m/n on input line 59.
LaTeX Font Info:    ... okay on input line 59.
LaTeX Font Info:    Checking defaults for PU/pdf/m/n on input line 59.
LaTeX Font Info:    ... okay on input line 59.
 (/usr/local/texlive/2021/texmf-dist/tex/latex/ucs/ucsencs.def
File: ucsencs.def 2011/01/21 Fixes to fontencodings LGR, T3
)
LaTeX Info: Redefining \microtypecontext on input line 59.
Package microtype Info: Generating PDF output.
Package microtype Info: Character protrusion enabled (level 2).
Package microtype Info: Using default protrusion set `alltext'.
Package microtype Info: Automatic font expansion enabled (level 2),
(microtype)             stretch: 20, shrink: 20, step: 1, non-selected.
Package microtype Info: Using default expansion set `alltext-nott'.
LaTeX Info: Redefining \showhyphens on input line 59.
Package microtype Info: No adjustment of tracking.
Package microtype Info: No adjustment of interword spacing.
Package microtype Info: No adjustment of character kerning.
 (/usr/local/texlive/2021/texmf-dist/tex/latex/microtype/mt-cmr.cfg
File: mt-cmr.cfg 2013/05/19 v2.2 microtype config. file: Computer Modern Roman (RS)
)
Package hyperref Info: Link coloring OFF on input line 59.
 (/usr/local/texlive/2021/texmf-dist/tex/latex/hyperref/nameref.sty
Package: nameref 2021-04-02 v2.47 Cross-referencing by name of section
 (/usr/local/texlive/2021/texmf-dist/tex/latex/refcount/refcount.sty
Package: refcount 2019/12/15 v3.6 Data extraction from label references (HO)
) (/usr/local/texlive/2021/texmf-dist/tex/generic/gettitlestring/gettitlestring.sty
Package: gettitlestring 2019/12/15 v1.6 Cleanup title references (HO)
)
\c@section@level=\count311
)
LaTeX Info: Redefining \ref on input line 59.
LaTeX Info: Redefining \pageref on input line 59.
LaTeX Info: Redefining \nameref on input line 59.
 (/Users/anthonykevins/OneDrive - Universiteit Utrecht/Work/Other Work Documents/GitHub/academic-kickstart/Latex/Teaching Portfolio/Short_Teaching_Portfolio.out) (/Users/anthonykevins/OneDrive - Universiteit Utrecht/Work/Other Work Documents/GitHub/academic-kickstart/Latex/Teaching Portfolio/Short_Teaching_Portfolio.out)
\@outlinefile=\write3
\openout3 = `Short_Teaching_Portfolio.out'.


*geometry* driver: auto-detecting
*geometry* detected driver: pdftex
*geometry* verbose mode - [ preamble ] result:
* driver: pdftex
* paper: custom
* layout: <same size as paper>
* layoutoffset:(h,v)=(0.0pt,0.0pt)
* modes: 
* h-part:(L,W,R)=(89.62709pt, 418.25368pt, 89.6271pt)
* v-part:(T,H,B)=(95.39737pt, 590.07233pt, 109.50027pt)
* \paperwidth=597.50787pt
* \paperheight=794.96997pt
* \textwidth=418.25368pt
* \textheight=590.07233pt
* \oddsidemargin=17.3571pt
* \evensidemargin=17.3571pt
* \topmargin=-13.87262pt
* \headheight=12.0pt
* \headsep=25.0pt
* \topskip=11.0pt
* \footskip=30.0pt
* \marginparwidth=59.0pt
* \marginparsep=10.0pt
* \columnsep=10.0pt
* \skip\footins=10.0pt plus 4.0pt minus 2.0pt
* \hoffset=0.0pt
* \voffset=0.0pt
* \mag=1000
* \@twocolumnfalse
* \@twosidefalse
* \@mparswitchfalse
* \@reversemarginfalse
* (1in=72.27pt=25.4mm, 1cm=28.453pt)

(/usr/local/texlive/2021/texmf-dist/tex/context/base/mkii/supp-pdf.mkii
[Loading MPS to PDF converter (version 2006.09.02).]
\scratchcounter=\count312
\scratchdimen=\dimen184
\scratchbox=\box58
\nofMPsegments=\count313
\nofMParguments=\count314
\everyMPshowfont=\toks32
\MPscratchCnt=\count315
\MPscratchDim=\dimen185
\MPnumerator=\count316
\makeMPintoPDFobject=\count317
\everyMPtoPDFconversion=\toks33
) (/usr/local/texlive/2021/texmf-dist/tex/latex/epstopdf-pkg/epstopdf-base.sty
Package: epstopdf-base 2020-01-24 v2.11 Base part for package epstopdf
Package epstopdf-base Info: Redefining graphics rule for `.eps' on input line 485.
 (/usr/local/texlive/2021/texmf-dist/tex/latex/latexconfig/epstopdf-sys.cfg
File: epstopdf-sys.cfg 2010/07/13 v1.3 Configuration of (r)epstopdf for TeX Live
)) (/usr/local/texlive/2021/texmf-dist/tex/latex/pdflscape/pdflscape.sty
Package: pdflscape 2019/12/05 v0.12 Display of landscape pages in PDF (HO)
 (/usr/local/texlive/2021/texmf-dist/tex/latex/graphics/lscape.sty
Package: lscape 2020/05/28 v3.02 Landscape Pages (DPC)
)
Package pdflscape Info: Auto-detected driver: pdftex on input line 81.
)
Package caption Info: Begin \AtBeginDocument code.
Package caption Info: End \AtBeginDocument code.


Package fancyhdr Warning: \headheight is too small (12.0pt): 
(fancyhdr)                Make it at least 13.59999pt, for example:
(fancyhdr)                \setlength{\headheight}{13.59999pt}.
(fancyhdr)                You might also make \topmargin smaller to compensate:
(fancyhdr)                \addtolength{\topmargin}{-1.59999pt}.

[1{/usr/local/texlive/2021/texmf-var/fonts/map/pdftex/updmap/pdftex.map}

]
Underfull \hbox (badness 10000) in paragraph at lines 77--78

 []


Package fancyhdr Warning: \headheight is too small (12.0pt): 
(fancyhdr)                Make it at least 13.59999pt, for example:
(fancyhdr)                \setlength{\headheight}{13.59999pt}.
(fancyhdr)                You might also make \topmargin smaller to compensate:
(fancyhdr)                \addtolength{\topmargin}{-1.59999pt}.

[2]
Underfull \hbox (badness 10000) in paragraph at lines 84--85

 []

LaTeX Font Info:    Trying to load font information for TS1+lmr on input line 86.
(/usr/local/texlive/2021/texmf-dist/tex/latex/lm/ts1lmr.fd
File: ts1lmr.fd 2015/05/01 v1.6.1 Font defs for Latin Modern
) (/usr/local/texlive/2021/texmf-dist/tex/latex/ucs/data/uni-32.def
File: uni-32.def 2013/05/13 UCS: Unicode data U+2000..U+20FF
)
Underfull \hbox (badness 10000) in paragraph at lines 87--88

 []


Underfull \hbox (badness 10000) in paragraph at lines 95--96

 []


Underfull \hbox (badness 10000) in paragraph at lines 103--104

 []


Underfull \hbox (badness 10000) in paragraph at lines 111--112

 []


Package fancyhdr Warning: \headheight is too small (12.0pt): 
(fancyhdr)                Make it at least 13.59999pt, for example:
(fancyhdr)                \setlength{\headheight}{13.59999pt}.
(fancyhdr)                You might also make \topmargin smaller to compensate:
(fancyhdr)                \addtolength{\topmargin}{-1.59999pt}.

[3]
Underfull \hbox (badness 10000) in paragraph at lines 119--120

 []


Underfull \hbox (badness 10000) in paragraph at lines 125--126

 []


Underfull \hbox (badness 10000) in paragraph at lines 129--130

 []


Underfull \hbox (badness 10000) in paragraph at lines 139--140

 []

<Undergraduate.pdf, id=61, 597.5078pt x 845.04686pt>
File: Undergraduate.pdf Graphic file (type pdf)
<use Undergraduate.pdf>
Package pdftex.def Info: Undergraduate.pdf  used on input line 150.
(pdftex.def)             Requested size: 597.50633pt x 845.0448pt.
File: Undergraduate.pdf Graphic file (type pdf)
<use Undergraduate.pdf>
Package pdftex.def Info: Undergraduate.pdf  used on input line 150.
(pdftex.def)             Requested size: 597.50633pt x 845.0448pt.
<Undergraduate.pdf, id=64, page=1, 597.5078pt x 845.04686pt>
File: Undergraduate.pdf Graphic file (type pdf)
<use Undergraduate.pdf, page 1>
Package pdftex.def Info: Undergraduate.pdf , page1 used on input line 150.
(pdftex.def)             Requested size: 376.87022pt x 590.07233pt.
File: Undergraduate.pdf Graphic file (type pdf)
<use Undergraduate.pdf, page 1>
Package pdftex.def Info: Undergraduate.pdf , page1 used on input line 150.
(pdftex.def)             Requested size: 589.49518pt x 923.02773pt.

Package fancyhdr Warning: \headheight is too small (12.0pt): 
(fancyhdr)                Make it at least 13.59999pt, for example:
(fancyhdr)                \setlength{\headheight}{13.59999pt}.
(fancyhdr)                You might also make \topmargin smaller to compensate:
(fancyhdr)                \addtolength{\topmargin}{-1.59999pt}.

[4]
File: Undergraduate.pdf Graphic file (type pdf)
<use Undergraduate.pdf, page 1>
Package pdftex.def Info: Undergraduate.pdf , page1 used on input line 150.
(pdftex.def)             Requested size: 589.49518pt x 923.02773pt.
File: Undergraduate.pdf Graphic file (type pdf)
<use Undergraduate.pdf, page 1>
Package pdftex.def Info: Undergraduate.pdf , page1 used on input line 150.
(pdftex.def)             Requested size: 589.49518pt x 923.02773pt.
File: Undergraduate.pdf Graphic file (type pdf)
<use Undergraduate.pdf, page 1>
Package pdftex.def Info: Undergraduate.pdf , page1 used on input line 150.
(pdftex.def)             Requested size: 589.49518pt x 923.02773pt.
 [5 </Users/anthonykevins/OneDrive - Universiteit Utrecht/Work/Other Work Documents/GitHub/academic-kickstart/Latex/Teaching Portfolio/Undergraduate.pdf>]
File: Undergraduate.pdf Graphic file (type pdf)
<use Undergraduate.pdf>
Package pdftex.def Info: Undergraduate.pdf  used on input line 151.
(pdftex.def)             Requested size: 597.50633pt x 845.0448pt.
File: Undergraduate.pdf Graphic file (type pdf)
<use Undergraduate.pdf>
Package pdftex.def Info: Undergraduate.pdf  used on input line 151.
(pdftex.def)             Requested size: 597.50633pt x 845.0448pt.
<Undergraduate.pdf, id=97, page=2, 597.5078pt x 845.04686pt>
File: Undergraduate.pdf Graphic file (type pdf)
<use Undergraduate.pdf, page 2>
Package pdftex.def Info: Undergraduate.pdf , page2 used on input line 151.
(pdftex.def)             Requested size: 376.87022pt x 590.07233pt.
File: Undergraduate.pdf Graphic file (type pdf)
<use Undergraduate.pdf, page 2>
Package pdftex.def Info: Undergraduate.pdf , page2 used on input line 151.
(pdftex.def)             Requested size: 589.49518pt x 923.02773pt.
File: Undergraduate.pdf Graphic file (type pdf)
<use Undergraduate.pdf, page 2>
Package pdftex.def Info: Undergraduate.pdf , page2 used on input line 151.
(pdftex.def)             Requested size: 589.49518pt x 923.02773pt.
File: Undergraduate.pdf Graphic file (type pdf)
<use Undergraduate.pdf, page 2>
Package pdftex.def Info: Undergraduate.pdf , page2 used on input line 151.
(pdftex.def)             Requested size: 589.49518pt x 923.02773pt.
File: Undergraduate.pdf Graphic file (type pdf)
<use Undergraduate.pdf, page 2>
Package pdftex.def Info: Undergraduate.pdf , page2 used on input line 151.
(pdftex.def)             Requested size: 589.49518pt x 923.02773pt.
 [6 </Users/anthonykevins/OneDrive - Universiteit Utrecht/Work/Other Work Documents/GitHub/academic-kickstart/Latex/Teaching Portfolio/Undergraduate.pdf>]
<Undergraduate.pdf, id=124, page=3, 597.5078pt x 845.04686pt>
File: Undergraduate.pdf Graphic file (type pdf)
<use Undergraduate.pdf, page 3>
Package pdftex.def Info: Undergraduate.pdf , page3 used on input line 151.
(pdftex.def)             Requested size: 589.49518pt x 923.02773pt.
File: Undergraduate.pdf Graphic file (type pdf)
<use Undergraduate.pdf, page 3>
Package pdftex.def Info: Undergraduate.pdf , page3 used on input line 151.
(pdftex.def)             Requested size: 589.49518pt x 923.02773pt.
File: Undergraduate.pdf Graphic file (type pdf)
<use Undergraduate.pdf, page 3>
Package pdftex.def Info: Undergraduate.pdf , page3 used on input line 151.
(pdftex.def)             Requested size: 589.49518pt x 923.02773pt.
 [7 </Users/anthonykevins/OneDrive - Universiteit Utrecht/Work/Other Work Documents/GitHub/academic-kickstart/Latex/Teaching Portfolio/Undergraduate.pdf>]
<Undergraduate.pdf, id=132, page=4, 597.5078pt x 845.04686pt>
File: Undergraduate.pdf Graphic file (type pdf)
<use Undergraduate.pdf, page 4>
Package pdftex.def Info: Undergraduate.pdf , page4 used on input line 151.
(pdftex.def)             Requested size: 589.49518pt x 923.02773pt.
File: Undergraduate.pdf Graphic file (type pdf)
<use Undergraduate.pdf, page 4>
Package pdftex.def Info: Undergraduate.pdf , page4 used on input line 151.
(pdftex.def)             Requested size: 589.49518pt x 923.02773pt.
File: Undergraduate.pdf Graphic file (type pdf)
<use Undergraduate.pdf, page 4>
Package pdftex.def Info: Undergraduate.pdf , page4 used on input line 151.
(pdftex.def)             Requested size: 589.49518pt x 923.02773pt.
 [8 </Users/anthonykevins/OneDrive - Universiteit Utrecht/Work/Other Work Documents/GitHub/academic-kickstart/Latex/Teaching Portfolio/Undergraduate.pdf>]
<Undergraduate.pdf, id=144, page=5, 597.5078pt x 845.04686pt>
File: Undergraduate.pdf Graphic file (type pdf)
<use Undergraduate.pdf, page 5>
Package pdftex.def Info: Undergraduate.pdf , page5 used on input line 151.
(pdftex.def)             Requested size: 589.49518pt x 923.02773pt.
File: Undergraduate.pdf Graphic file (type pdf)
<use Undergraduate.pdf, page 5>
Package pdftex.def Info: Undergraduate.pdf , page5 used on input line 151.
(pdftex.def)             Requested size: 589.49518pt x 923.02773pt.
File: Undergraduate.pdf Graphic file (type pdf)
<use Undergraduate.pdf, page 5>
Package pdftex.def Info: Undergraduate.pdf , page5 used on input line 151.
(pdftex.def)             Requested size: 589.49518pt x 923.02773pt.
 [9 </Users/anthonykevins/OneDrive - Universiteit Utrecht/Work/Other Work Documents/GitHub/academic-kickstart/Latex/Teaching Portfolio/Undergraduate.pdf>]
<Undergraduate.pdf, id=149, page=6, 597.5078pt x 845.04686pt>
File: Undergraduate.pdf Graphic file (type pdf)
<use Undergraduate.pdf, page 6>
Package pdftex.def Info: Undergraduate.pdf , page6 used on input line 151.
(pdftex.def)             Requested size: 589.49518pt x 923.02773pt.
File: Undergraduate.pdf Graphic file (type pdf)
<use Undergraduate.pdf, page 6>
Package pdftex.def Info: Undergraduate.pdf , page6 used on input line 151.
(pdftex.def)             Requested size: 589.49518pt x 923.02773pt.
File: Undergraduate.pdf Graphic file (type pdf)
<use Undergraduate.pdf, page 6>
Package pdftex.def Info: Undergraduate.pdf , page6 used on input line 151.
(pdftex.def)             Requested size: 589.49518pt x 923.02773pt.
 [10 </Users/anthonykevins/OneDrive - Universiteit Utrecht/Work/Other Work Documents/GitHub/academic-kickstart/Latex/Teaching Portfolio/Undergraduate.pdf>]
<Undergraduate.pdf, id=154, page=7, 597.5078pt x 845.04686pt>
File: Undergraduate.pdf Graphic file (type pdf)
<use Undergraduate.pdf, page 7>
Package pdftex.def Info: Undergraduate.pdf , page7 used on input line 151.
(pdftex.def)             Requested size: 589.49518pt x 923.02773pt.
File: Undergraduate.pdf Graphic file (type pdf)
<use Undergraduate.pdf, page 7>
Package pdftex.def Info: Undergraduate.pdf , page7 used on input line 151.
(pdftex.def)             Requested size: 589.49518pt x 923.02773pt.
File: Undergraduate.pdf Graphic file (type pdf)
<use Undergraduate.pdf, page 7>
Package pdftex.def Info: Undergraduate.pdf , page7 used on input line 151.
(pdftex.def)             Requested size: 589.49518pt x 923.02773pt.
 [11 </Users/anthonykevins/OneDrive - Universiteit Utrecht/Work/Other Work Documents/GitHub/academic-kickstart/Latex/Teaching Portfolio/Undergraduate.pdf>]
<Undergraduate.pdf, id=159, page=8, 597.5078pt x 845.04686pt>
File: Undergraduate.pdf Graphic file (type pdf)
<use Undergraduate.pdf, page 8>
Package pdftex.def Info: Undergraduate.pdf , page8 used on input line 151.
(pdftex.def)             Requested size: 589.49518pt x 923.02773pt.
File: Undergraduate.pdf Graphic file (type pdf)
<use Undergraduate.pdf, page 8>
Package pdftex.def Info: Undergraduate.pdf , page8 used on input line 151.
(pdftex.def)             Requested size: 589.49518pt x 923.02773pt.
File: Undergraduate.pdf Graphic file (type pdf)
<use Undergraduate.pdf, page 8>
Package pdftex.def Info: Undergraduate.pdf , page8 used on input line 151.
(pdftex.def)             Requested size: 589.49518pt x 923.02773pt.
 [12 </Users/anthonykevins/OneDrive - Universiteit Utrecht/Work/Other Work Documents/GitHub/academic-kickstart/Latex/Teaching Portfolio/Undergraduate.pdf>]
<Undergraduate.pdf, id=165, page=9, 597.5078pt x 845.04686pt>
File: Undergraduate.pdf Graphic file (type pdf)
<use Undergraduate.pdf, page 9>
Package pdftex.def Info: Undergraduate.pdf , page9 used on input line 151.
(pdftex.def)             Requested size: 589.49518pt x 923.02773pt.
File: Undergraduate.pdf Graphic file (type pdf)
<use Undergraduate.pdf, page 9>
Package pdftex.def Info: Undergraduate.pdf , page9 used on input line 151.
(pdftex.def)             Requested size: 589.49518pt x 923.02773pt.
File: Undergraduate.pdf Graphic file (type pdf)
<use Undergraduate.pdf, page 9>
Package pdftex.def Info: Undergraduate.pdf , page9 used on input line 151.
(pdftex.def)             Requested size: 589.49518pt x 923.02773pt.
 [13 </Users/anthonykevins/OneDrive - Universiteit Utrecht/Work/Other Work Documents/GitHub/academic-kickstart/Latex/Teaching Portfolio/Undergraduate.pdf>]
<Undergraduate.pdf, id=171, page=10, 597.5078pt x 845.04686pt>
File: Undergraduate.pdf Graphic file (type pdf)
<use Undergraduate.pdf, page 10>
Package pdftex.def Info: Undergraduate.pdf , page10 used on input line 151.
(pdftex.def)             Requested size: 589.49518pt x 923.02773pt.
File: Undergraduate.pdf Graphic file (type pdf)
<use Undergraduate.pdf, page 10>
Package pdftex.def Info: Undergraduate.pdf , page10 used on input line 151.
(pdftex.def)             Requested size: 589.49518pt x 923.02773pt.
File: Undergraduate.pdf Graphic file (type pdf)
<use Undergraduate.pdf, page 10>
Package pdftex.def Info: Undergraduate.pdf , page10 used on input line 151.
(pdftex.def)             Requested size: 589.49518pt x 923.02773pt.
 [14 </Users/anthonykevins/OneDrive - Universiteit Utrecht/Work/Other Work Documents/GitHub/academic-kickstart/Latex/Teaching Portfolio/Undergraduate.pdf>]
<Undergraduate.pdf, id=176, page=11, 597.5078pt x 845.04686pt>
File: Undergraduate.pdf Graphic file (type pdf)
<use Undergraduate.pdf, page 11>
Package pdftex.def Info: Undergraduate.pdf , page11 used on input line 151.
(pdftex.def)             Requested size: 589.49518pt x 923.02773pt.
File: Undergraduate.pdf Graphic file (type pdf)
<use Undergraduate.pdf, page 11>
Package pdftex.def Info: Undergraduate.pdf , page11 used on input line 151.
(pdftex.def)             Requested size: 589.49518pt x 923.02773pt.
File: Undergraduate.pdf Graphic file (type pdf)
<use Undergraduate.pdf, page 11>
Package pdftex.def Info: Undergraduate.pdf , page11 used on input line 151.
(pdftex.def)             Requested size: 589.49518pt x 923.02773pt.
 [15 </Users/anthonykevins/OneDrive - Universiteit Utrecht/Work/Other Work Documents/GitHub/academic-kickstart/Latex/Teaching Portfolio/Undergraduate.pdf>]
<Undergraduate.pdf, id=181, page=12, 597.5078pt x 845.04686pt>
File: Undergraduate.pdf Graphic file (type pdf)
<use Undergraduate.pdf, page 12>
Package pdftex.def Info: Undergraduate.pdf , page12 used on input line 151.
(pdftex.def)             Requested size: 589.49518pt x 923.02773pt.
File: Undergraduate.pdf Graphic file (type pdf)
<use Undergraduate.pdf, page 12>
Package pdftex.def Info: Undergraduate.pdf , page12 used on input line 151.
(pdftex.def)             Requested size: 589.49518pt x 923.02773pt.
File: Undergraduate.pdf Graphic file (type pdf)
<use Undergraduate.pdf, page 12>
Package pdftex.def Info: Undergraduate.pdf , page12 used on input line 151.
(pdftex.def)             Requested size: 589.49518pt x 923.02773pt.
 [16 </Users/anthonykevins/OneDrive - Universiteit Utrecht/Work/Other Work Documents/GitHub/academic-kickstart/Latex/Teaching Portfolio/Undergraduate.pdf>]
<Undergraduate.pdf, id=186, page=13, 597.5078pt x 845.04686pt>
File: Undergraduate.pdf Graphic file (type pdf)
<use Undergraduate.pdf, page 13>
Package pdftex.def Info: Undergraduate.pdf , page13 used on input line 151.
(pdftex.def)             Requested size: 589.49518pt x 923.02773pt.
File: Undergraduate.pdf Graphic file (type pdf)
<use Undergraduate.pdf, page 13>
Package pdftex.def Info: Undergraduate.pdf , page13 used on input line 151.
(pdftex.def)             Requested size: 589.49518pt x 923.02773pt.
File: Undergraduate.pdf Graphic file (type pdf)
<use Undergraduate.pdf, page 13>
Package pdftex.def Info: Undergraduate.pdf , page13 used on input line 151.
(pdftex.def)             Requested size: 589.49518pt x 923.02773pt.
 [17 </Users/anthonykevins/OneDrive - Universiteit Utrecht/Work/Other Work Documents/GitHub/academic-kickstart/Latex/Teaching Portfolio/Undergraduate.pdf>]
<Undergraduate.pdf, id=191, page=14, 597.5078pt x 845.04686pt>
File: Undergraduate.pdf Graphic file (type pdf)
<use Undergraduate.pdf, page 14>
Package pdftex.def Info: Undergraduate.pdf , page14 used on input line 151.
(pdftex.def)             Requested size: 589.49518pt x 923.02773pt.
File: Undergraduate.pdf Graphic file (type pdf)
<use Undergraduate.pdf, page 14>
Package pdftex.def Info: Undergraduate.pdf , page14 used on input line 151.
(pdftex.def)             Requested size: 589.49518pt x 923.02773pt.
File: Undergraduate.pdf Graphic file (type pdf)
<use Undergraduate.pdf, page 14>
Package pdftex.def Info: Undergraduate.pdf , page14 used on input line 151.
(pdftex.def)             Requested size: 589.49518pt x 923.02773pt.
 [18 </Users/anthonykevins/OneDrive - Universiteit Utrecht/Work/Other Work Documents/GitHub/academic-kickstart/Latex/Teaching Portfolio/Undergraduate.pdf>]
<Undergraduate.pdf, id=196, page=15, 597.5078pt x 845.04686pt>
File: Undergraduate.pdf Graphic file (type pdf)
<use Undergraduate.pdf, page 15>
Package pdftex.def Info: Undergraduate.pdf , page15 used on input line 151.
(pdftex.def)             Requested size: 589.49518pt x 923.02773pt.
File: Undergraduate.pdf Graphic file (type pdf)
<use Undergraduate.pdf, page 15>
Package pdftex.def Info: Undergraduate.pdf , page15 used on input line 151.
(pdftex.def)             Requested size: 589.49518pt x 923.02773pt.
File: Undergraduate.pdf Graphic file (type pdf)
<use Undergraduate.pdf, page 15>
Package pdftex.def Info: Undergraduate.pdf , page15 used on input line 151.
(pdftex.def)             Requested size: 589.49518pt x 923.02773pt.
 [19 </Users/anthonykevins/OneDrive - Universiteit Utrecht/Work/Other Work Documents/GitHub/academic-kickstart/Latex/Teaching Portfolio/Undergraduate.pdf>]
<Undergraduate.pdf, id=202, page=16, 597.5078pt x 845.04686pt>
File: Undergraduate.pdf Graphic file (type pdf)
<use Undergraduate.pdf, page 16>
Package pdftex.def Info: Undergraduate.pdf , page16 used on input line 151.
(pdftex.def)             Requested size: 589.49518pt x 923.02773pt.
File: Undergraduate.pdf Graphic file (type pdf)
<use Undergraduate.pdf, page 16>
Package pdftex.def Info: Undergraduate.pdf , page16 used on input line 151.
(pdftex.def)             Requested size: 589.49518pt x 923.02773pt.
File: Undergraduate.pdf Graphic file (type pdf)
<use Undergraduate.pdf, page 16>
Package pdftex.def Info: Undergraduate.pdf , page16 used on input line 151.
(pdftex.def)             Requested size: 589.49518pt x 923.02773pt.
 [20 </Users/anthonykevins/OneDrive - Universiteit Utrecht/Work/Other Work Documents/GitHub/academic-kickstart/Latex/Teaching Portfolio/Undergraduate.pdf>]
<Undergraduate.pdf, id=207, page=17, 597.5078pt x 845.04686pt>
File: Undergraduate.pdf Graphic file (type pdf)
<use Undergraduate.pdf, page 17>
Package pdftex.def Info: Undergraduate.pdf , page17 used on input line 151.
(pdftex.def)             Requested size: 589.49518pt x 923.02773pt.
File: Undergraduate.pdf Graphic file (type pdf)
<use Undergraduate.pdf, page 17>
Package pdftex.def Info: Undergraduate.pdf , page17 used on input line 151.
(pdftex.def)             Requested size: 589.49518pt x 923.02773pt.
File: Undergraduate.pdf Graphic file (type pdf)
<use Undergraduate.pdf, page 17>
Package pdftex.def Info: Undergraduate.pdf , page17 used on input line 151.
(pdftex.def)             Requested size: 589.49518pt x 923.02773pt.
 [21 </Users/anthonykevins/OneDrive - Universiteit Utrecht/Work/Other Work Documents/GitHub/academic-kickstart/Latex/Teaching Portfolio/Undergraduate.pdf>]
<Undergraduate.pdf, id=212, page=18, 597.5078pt x 845.04686pt>
File: Undergraduate.pdf Graphic file (type pdf)
<use Undergraduate.pdf, page 18>
Package pdftex.def Info: Undergraduate.pdf , page18 used on input line 151.
(pdftex.def)             Requested size: 589.49518pt x 923.02773pt.
File: Undergraduate.pdf Graphic file (type pdf)
<use Undergraduate.pdf, page 18>
Package pdftex.def Info: Undergraduate.pdf , page18 used on input line 151.
(pdftex.def)             Requested size: 589.49518pt x 923.02773pt.
File: Undergraduate.pdf Graphic file (type pdf)
<use Undergraduate.pdf, page 18>
Package pdftex.def Info: Undergraduate.pdf , page18 used on input line 151.
(pdftex.def)             Requested size: 589.49518pt x 923.02773pt.
 [22 </Users/anthonykevins/OneDrive - Universiteit Utrecht/Work/Other Work Documents/GitHub/academic-kickstart/Latex/Teaching Portfolio/Undergraduate.pdf>]
<Undergraduate.pdf, id=217, page=19, 597.5078pt x 845.04686pt>
File: Undergraduate.pdf Graphic file (type pdf)
<use Undergraduate.pdf, page 19>
Package pdftex.def Info: Undergraduate.pdf , page19 used on input line 151.
(pdftex.def)             Requested size: 589.49518pt x 923.02773pt.
File: Undergraduate.pdf Graphic file (type pdf)
<use Undergraduate.pdf, page 19>
Package pdftex.def Info: Undergraduate.pdf , page19 used on input line 151.
(pdftex.def)             Requested size: 589.49518pt x 923.02773pt.
File: Undergraduate.pdf Graphic file (type pdf)
<use Undergraduate.pdf, page 19>
Package pdftex.def Info: Undergraduate.pdf , page19 used on input line 151.
(pdftex.def)             Requested size: 589.49518pt x 923.02773pt.
 [23 </Users/anthonykevins/OneDrive - Universiteit Utrecht/Work/Other Work Documents/GitHub/academic-kickstart/Latex/Teaching Portfolio/Undergraduate.pdf>]
<Undergraduate.pdf, id=222, page=20, 597.5078pt x 845.04686pt>
File: Undergraduate.pdf Graphic file (type pdf)
<use Undergraduate.pdf, page 20>
Package pdftex.def Info: Undergraduate.pdf , page20 used on input line 151.
(pdftex.def)             Requested size: 589.49518pt x 923.02773pt.
File: Undergraduate.pdf Graphic file (type pdf)
<use Undergraduate.pdf, page 20>
Package pdftex.def Info: Undergraduate.pdf , page20 used on input line 151.
(pdftex.def)             Requested size: 589.49518pt x 923.02773pt.
File: Undergraduate.pdf Graphic file (type pdf)
<use Undergraduate.pdf, page 20>
Package pdftex.def Info: Undergraduate.pdf , page20 used on input line 151.
(pdftex.def)             Requested size: 589.49518pt x 923.02773pt.
 [24 </Users/anthonykevins/OneDrive - Universiteit Utrecht/Work/Other Work Documents/GitHub/academic-kickstart/Latex/Teaching Portfolio/Undergraduate.pdf>]
<Undergraduate.pdf, id=227, page=21, 597.5078pt x 845.04686pt>
File: Undergraduate.pdf Graphic file (type pdf)
<use Undergraduate.pdf, page 21>
Package pdftex.def Info: Undergraduate.pdf , page21 used on input line 151.
(pdftex.def)             Requested size: 589.49518pt x 923.02773pt.
File: Undergraduate.pdf Graphic file (type pdf)
<use Undergraduate.pdf, page 21>
Package pdftex.def Info: Undergraduate.pdf , page21 used on input line 151.
(pdftex.def)             Requested size: 589.49518pt x 923.02773pt.
File: Undergraduate.pdf Graphic file (type pdf)
<use Undergraduate.pdf, page 21>
Package pdftex.def Info: Undergraduate.pdf , page21 used on input line 151.
(pdftex.def)             Requested size: 589.49518pt x 923.02773pt.
 [25 </Users/anthonykevins/OneDrive - Universiteit Utrecht/Work/Other Work Documents/GitHub/academic-kickstart/Latex/Teaching Portfolio/Undergraduate.pdf>]
<Graduate.pdf, id=233, 614.295pt x 794.97pt>
File: Graduate.pdf Graphic file (type pdf)
<use Graduate.pdf>
Package pdftex.def Info: Graduate.pdf  used on input line 152.
(pdftex.def)             Requested size: 614.29349pt x 794.96806pt.
File: Graduate.pdf Graphic file (type pdf)
<use Graduate.pdf>
Package pdftex.def Info: Graduate.pdf  used on input line 152.
(pdftex.def)             Requested size: 614.29349pt x 794.96806pt.
<Graduate.pdf, id=236, page=1, 614.295pt x 794.97pt>
File: Graduate.pdf Graphic file (type pdf)
<use Graduate.pdf, page 1>
Package pdftex.def Info: Graduate.pdf , page1 used on input line 152.
(pdftex.def)             Requested size: 432.13748pt x 590.07233pt.
File: Graduate.pdf Graphic file (type pdf)
<use Graduate.pdf, page 1>
Package pdftex.def Info: Graduate.pdf , page1 used on input line 152.
(pdftex.def)             Requested size: 666.00989pt x 909.45023pt.
File: Graduate.pdf Graphic file (type pdf)
<use Graduate.pdf, page 1>
Package pdftex.def Info: Graduate.pdf , page1 used on input line 152.
(pdftex.def)             Requested size: 666.00989pt x 909.45023pt.
File: Graduate.pdf Graphic file (type pdf)
<use Graduate.pdf, page 1>
Package pdftex.def Info: Graduate.pdf , page1 used on input line 152.
(pdftex.def)             Requested size: 666.00989pt x 909.45023pt.
File: Graduate.pdf Graphic file (type pdf)
<use Graduate.pdf, page 1>
Package pdftex.def Info: Graduate.pdf , page1 used on input line 152.
(pdftex.def)             Requested size: 666.00989pt x 909.45023pt.
 [26 </Users/anthonykevins/OneDrive - Universiteit Utrecht/Work/Other Work Documents/GitHub/academic-kickstart/Latex/Teaching Portfolio/Graduate.pdf>]
File: Graduate.pdf Graphic file (type pdf)
<use Graduate.pdf>
Package pdftex.def Info: Graduate.pdf  used on input line 153.
(pdftex.def)             Requested size: 614.29349pt x 794.96806pt.
File: Graduate.pdf Graphic file (type pdf)
<use Graduate.pdf>
Package pdftex.def Info: Graduate.pdf  used on input line 153.
(pdftex.def)             Requested size: 614.29349pt x 794.96806pt.
<Graduate.pdf, id=273, page=2, 614.295pt x 794.97pt>
File: Graduate.pdf Graphic file (type pdf)
<use Graduate.pdf, page 2>
Package pdftex.def Info: Graduate.pdf , page2 used on input line 153.
(pdftex.def)             Requested size: 432.13748pt x 590.07233pt.
File: Graduate.pdf Graphic file (type pdf)
<use Graduate.pdf, page 2>
Package pdftex.def Info: Graduate.pdf , page2 used on input line 153.
(pdftex.def)             Requested size: 666.00989pt x 909.45023pt.
File: Graduate.pdf Graphic file (type pdf)
<use Graduate.pdf, page 2>
Package pdftex.def Info: Graduate.pdf , page2 used on input line 153.
(pdftex.def)             Requested size: 666.00989pt x 909.45023pt.
File: Graduate.pdf Graphic file (type pdf)
<use Graduate.pdf, page 2>
Package pdftex.def Info: Graduate.pdf , page2 used on input line 153.
(pdftex.def)             Requested size: 666.00989pt x 909.45023pt.
File: Graduate.pdf Graphic file (type pdf)
<use Graduate.pdf, page 2>
Package pdftex.def Info: Graduate.pdf , page2 used on input line 153.
(pdftex.def)             Requested size: 666.00989pt x 909.45023pt.
 [27 </Users/anthonykevins/OneDrive - Universiteit Utrecht/Work/Other Work Documents/GitHub/academic-kickstart/Latex/Teaching Portfolio/Graduate.pdf>]
<Graduate.pdf, id=290, page=3, 614.295pt x 794.97pt>
File: Graduate.pdf Graphic file (type pdf)
<use Graduate.pdf, page 3>
Package pdftex.def Info: Graduate.pdf , page3 used on input line 153.
(pdftex.def)             Requested size: 666.00989pt x 909.45023pt.
File: Graduate.pdf Graphic file (type pdf)
<use Graduate.pdf, page 3>
Package pdftex.def Info: Graduate.pdf , page3 used on input line 153.
(pdftex.def)             Requested size: 666.00989pt x 909.45023pt.
File: Graduate.pdf Graphic file (type pdf)
<use Graduate.pdf, page 3>
Package pdftex.def Info: Graduate.pdf , page3 used on input line 153.
(pdftex.def)             Requested size: 666.00989pt x 909.45023pt.
 [28 </Users/anthonykevins/OneDrive - Universiteit Utrecht/Work/Other Work Documents/GitHub/academic-kickstart/Latex/Teaching Portfolio/Graduate.pdf>]
<Graduate.pdf, id=295, page=4, 614.295pt x 794.97pt>
File: Graduate.pdf Graphic file (type pdf)
<use Graduate.pdf, page 4>
Package pdftex.def Info: Graduate.pdf , page4 used on input line 153.
(pdftex.def)             Requested size: 666.00989pt x 909.45023pt.
File: Graduate.pdf Graphic file (type pdf)
<use Graduate.pdf, page 4>
Package pdftex.def Info: Graduate.pdf , page4 used on input line 153.
(pdftex.def)             Requested size: 666.00989pt x 909.45023pt.
File: Graduate.pdf Graphic file (type pdf)
<use Graduate.pdf, page 4>
Package pdftex.def Info: Graduate.pdf , page4 used on input line 153.
(pdftex.def)             Requested size: 666.00989pt x 909.45023pt.
 [29 </Users/anthonykevins/OneDrive - Universiteit Utrecht/Work/Other Work Documents/GitHub/academic-kickstart/Latex/Teaching Portfolio/Graduate.pdf>]
<Graduate.pdf, id=304, page=5, 614.295pt x 794.97pt>
File: Graduate.pdf Graphic file (type pdf)
<use Graduate.pdf, page 5>
Package pdftex.def Info: Graduate.pdf , page5 used on input line 153.
(pdftex.def)             Requested size: 666.00989pt x 909.45023pt.
File: Graduate.pdf Graphic file (type pdf)
<use Graduate.pdf, page 5>
Package pdftex.def Info: Graduate.pdf , page5 used on input line 153.
(pdftex.def)             Requested size: 666.00989pt x 909.45023pt.
File: Graduate.pdf Graphic file (type pdf)
<use Graduate.pdf, page 5>
Package pdftex.def Info: Graduate.pdf , page5 used on input line 153.
(pdftex.def)             Requested size: 666.00989pt x 909.45023pt.
 [30 </Users/anthonykevins/OneDrive - Universiteit Utrecht/Work/Other Work Documents/GitHub/academic-kickstart/Latex/Teaching Portfolio/Graduate.pdf>]
<Graduate.pdf, id=322, page=6, 614.295pt x 794.97pt>
File: Graduate.pdf Graphic file (type pdf)
<use Graduate.pdf, page 6>
Package pdftex.def Info: Graduate.pdf , page6 used on input line 153.
(pdftex.def)             Requested size: 666.00989pt x 909.45023pt.
File: Graduate.pdf Graphic file (type pdf)
<use Graduate.pdf, page 6>
Package pdftex.def Info: Graduate.pdf , page6 used on input line 153.
(pdftex.def)             Requested size: 666.00989pt x 909.45023pt.
File: Graduate.pdf Graphic file (type pdf)
<use Graduate.pdf, page 6>
Package pdftex.def Info: Graduate.pdf , page6 used on input line 153.
(pdftex.def)             Requested size: 666.00989pt x 909.45023pt.
 [31 </Users/anthonykevins/OneDrive - Universiteit Utrecht/Work/Other Work Documents/GitHub/academic-kickstart/Latex/Teaching Portfolio/Graduate.pdf>]
<Graduate.pdf, id=332, page=7, 614.295pt x 794.97pt>
File: Graduate.pdf Graphic file (type pdf)
<use Graduate.pdf, page 7>
Package pdftex.def Info: Graduate.pdf , page7 used on input line 153.
(pdftex.def)             Requested size: 666.00989pt x 909.45023pt.
File: Graduate.pdf Graphic file (type pdf)
<use Graduate.pdf, page 7>
Package pdftex.def Info: Graduate.pdf , page7 used on input line 153.
(pdftex.def)             Requested size: 666.00989pt x 909.45023pt.
File: Graduate.pdf Graphic file (type pdf)
<use Graduate.pdf, page 7>
Package pdftex.def Info: Graduate.pdf , page7 used on input line 153.
(pdftex.def)             Requested size: 666.00989pt x 909.45023pt.
 [32 </Users/anthonykevins/OneDrive - Universiteit Utrecht/Work/Other Work Documents/GitHub/academic-kickstart/Latex/Teaching Portfolio/Graduate.pdf>]
<Methods.pdf, id=341, 597.5078pt x 845.04686pt>
File: Methods.pdf Graphic file (type pdf)
<use Methods.pdf>
Package pdftex.def Info: Methods.pdf  used on input line 154.
(pdftex.def)             Requested size: 597.50633pt x 845.0448pt.
File: Methods.pdf Graphic file (type pdf)
<use Methods.pdf>
Package pdftex.def Info: Methods.pdf  used on input line 154.
(pdftex.def)             Requested size: 597.50633pt x 845.0448pt.
<Methods.pdf, id=344, page=1, 597.5078pt x 845.04686pt>
File: Methods.pdf Graphic file (type pdf)
<use Methods.pdf, page 1>
Package pdftex.def Info: Methods.pdf , page1 used on input line 154.
(pdftex.def)             Requested size: 388.63718pt x 590.07233pt.
File: Methods.pdf Graphic file (type pdf)
<use Methods.pdf, page 1>
Package pdftex.def Info: Methods.pdf , page1 used on input line 154.
(pdftex.def)             Requested size: 643.39093pt x 976.92346pt.
File: Methods.pdf Graphic file (type pdf)
<use Methods.pdf, page 1>
Package pdftex.def Info: Methods.pdf , page1 used on input line 154.
(pdftex.def)             Requested size: 643.39093pt x 976.92346pt.
File: Methods.pdf Graphic file (type pdf)
<use Methods.pdf, page 1>
Package pdftex.def Info: Methods.pdf , page1 used on input line 154.
(pdftex.def)             Requested size: 643.39093pt x 976.92346pt.
File: Methods.pdf Graphic file (type pdf)
<use Methods.pdf, page 1>
Package pdftex.def Info: Methods.pdf , page1 used on input line 154.
(pdftex.def)             Requested size: 643.39093pt x 976.92346pt.
 [33 </Users/anthonykevins/OneDrive - Universiteit Utrecht/Work/Other Work Documents/GitHub/academic-kickstart/Latex/Teaching Portfolio/Methods.pdf>]
File: Methods.pdf Graphic file (type pdf)
<use Methods.pdf>
Package pdftex.def Info: Methods.pdf  used on input line 155.
(pdftex.def)             Requested size: 597.50633pt x 845.0448pt.
File: Methods.pdf Graphic file (type pdf)
<use Methods.pdf>
Package pdftex.def Info: Methods.pdf  used on input line 155.
(pdftex.def)             Requested size: 597.50633pt x 845.0448pt.
<Methods.pdf, id=391, page=2, 597.5078pt x 845.04686pt>
File: Methods.pdf Graphic file (type pdf)
<use Methods.pdf, page 2>
Package pdftex.def Info: Methods.pdf , page2 used on input line 155.
(pdftex.def)             Requested size: 388.63718pt x 590.07233pt.
File: Methods.pdf Graphic file (type pdf)
<use Methods.pdf, page 2>
Package pdftex.def Info: Methods.pdf , page2 used on input line 155.
(pdftex.def)             Requested size: 643.39093pt x 976.92346pt.
File: Methods.pdf Graphic file (type pdf)
<use Methods.pdf, page 2>
Package pdftex.def Info: Methods.pdf , page2 used on input line 155.
(pdftex.def)             Requested size: 643.39093pt x 976.92346pt.
File: Methods.pdf Graphic file (type pdf)
<use Methods.pdf, page 2>
Package pdftex.def Info: Methods.pdf , page2 used on input line 155.
(pdftex.def)             Requested size: 643.39093pt x 976.92346pt.
File: Methods.pdf Graphic file (type pdf)
<use Methods.pdf, page 2>
Package pdftex.def Info: Methods.pdf , page2 used on input line 155.
(pdftex.def)             Requested size: 643.39093pt x 976.92346pt.
 [34 </Users/anthonykevins/OneDrive - Universiteit Utrecht/Work/Other Work Documents/GitHub/academic-kickstart/Latex/Teaching Portfolio/Methods.pdf>]
<Methods.pdf, id=406, page=3, 597.5078pt x 845.04686pt>
File: Methods.pdf Graphic file (type pdf)
<use Methods.pdf, page 3>
Package pdftex.def Info: Methods.pdf , page3 used on input line 155.
(pdftex.def)             Requested size: 643.39093pt x 976.92346pt.
File: Methods.pdf Graphic file (type pdf)
<use Methods.pdf, page 3>
Package pdftex.def Info: Methods.pdf , page3 used on input line 155.
(pdftex.def)             Requested size: 643.39093pt x 976.92346pt.
File: Methods.pdf Graphic file (type pdf)
<use Methods.pdf, page 3>
Package pdftex.def Info: Methods.pdf , page3 used on input line 155.
(pdftex.def)             Requested size: 643.39093pt x 976.92346pt.
 [35 </Users/anthonykevins/OneDrive - Universiteit Utrecht/Work/Other Work Documents/GitHub/academic-kickstart/Latex/Teaching Portfolio/Methods.pdf>]
<Methods.pdf, id=411, page=4, 597.5078pt x 845.04686pt>
File: Methods.pdf Graphic file (type pdf)
<use Methods.pdf, page 4>
Package pdftex.def Info: Methods.pdf , page4 used on input line 155.
(pdftex.def)             Requested size: 643.39093pt x 976.92346pt.
File: Methods.pdf Graphic file (type pdf)
<use Methods.pdf, page 4>
Package pdftex.def Info: Methods.pdf , page4 used on input line 155.
(pdftex.def)             Requested size: 643.39093pt x 976.92346pt.
File: Methods.pdf Graphic file (type pdf)
<use Methods.pdf, page 4>
Package pdftex.def Info: Methods.pdf , page4 used on input line 155.
(pdftex.def)             Requested size: 643.39093pt x 976.92346pt.
 [36 </Users/anthonykevins/OneDrive - Universiteit Utrecht/Work/Other Work Documents/GitHub/academic-kickstart/Latex/Teaching Portfolio/Methods.pdf>]
<Methods.pdf, id=416, page=5, 597.5078pt x 845.04686pt>
File: Methods.pdf Graphic file (type pdf)
<use Methods.pdf, page 5>
Package pdftex.def Info: Methods.pdf , page5 used on input line 155.
(pdftex.def)             Requested size: 643.39093pt x 976.92346pt.
File: Methods.pdf Graphic file (type pdf)
<use Methods.pdf, page 5>
Package pdftex.def Info: Methods.pdf , page5 used on input line 155.
(pdftex.def)             Requested size: 643.39093pt x 976.92346pt.
File: Methods.pdf Graphic file (type pdf)
<use Methods.pdf, page 5>
Package pdftex.def Info: Methods.pdf , page5 used on input line 155.
(pdftex.def)             Requested size: 643.39093pt x 976.92346pt.
 [37 </Users/anthonykevins/OneDrive - Universiteit Utrecht/Work/Other Work Documents/GitHub/academic-kickstart/Latex/Teaching Portfolio/Methods.pdf>]
<Methods.pdf, id=422, page=6, 597.5078pt x 845.04686pt>
File: Methods.pdf Graphic file (type pdf)
<use Methods.pdf, page 6>
Package pdftex.def Info: Methods.pdf , page6 used on input line 155.
(pdftex.def)             Requested size: 643.39093pt x 976.92346pt.
File: Methods.pdf Graphic file (type pdf)
<use Methods.pdf, page 6>
Package pdftex.def Info: Methods.pdf , page6 used on input line 155.
(pdftex.def)             Requested size: 643.39093pt x 976.92346pt.
File: Methods.pdf Graphic file (type pdf)
<use Methods.pdf, page 6>
Package pdftex.def Info: Methods.pdf , page6 used on input line 155.
(pdftex.def)             Requested size: 643.39093pt x 976.92346pt.
 [38 </Users/anthonykevins/OneDrive - Universiteit Utrecht/Work/Other Work Documents/GitHub/academic-kickstart/Latex/Teaching Portfolio/Methods.pdf>]
<Methods.pdf, id=431, page=7, 597.5078pt x 845.04686pt>
File: Methods.pdf Graphic file (type pdf)
<use Methods.pdf, page 7>
Package pdftex.def Info: Methods.pdf , page7 used on input line 155.
(pdftex.def)             Requested size: 643.39093pt x 976.92346pt.
File: Methods.pdf Graphic file (type pdf)
<use Methods.pdf, page 7>
Package pdftex.def Info: Methods.pdf , page7 used on input line 155.
(pdftex.def)             Requested size: 643.39093pt x 976.92346pt.
File: Methods.pdf Graphic file (type pdf)
<use Methods.pdf, page 7>
Package pdftex.def Info: Methods.pdf , page7 used on input line 155.
(pdftex.def)             Requested size: 643.39093pt x 976.92346pt.
 [39 </Users/anthonykevins/OneDrive - Universiteit Utrecht/Work/Other Work Documents/GitHub/academic-kickstart/Latex/Teaching Portfolio/Methods.pdf>]
<Methods.pdf, id=436, page=8, 597.5078pt x 845.04686pt>
File: Methods.pdf Graphic file (type pdf)
<use Methods.pdf, page 8>
Package pdftex.def Info: Methods.pdf , page8 used on input line 155.
(pdftex.def)             Requested size: 643.39093pt x 976.92346pt.
File: Methods.pdf Graphic file (type pdf)
<use Methods.pdf, page 8>
Package pdftex.def Info: Methods.pdf , page8 used on input line 155.
(pdftex.def)             Requested size: 643.39093pt x 976.92346pt.
File: Methods.pdf Graphic file (type pdf)
<use Methods.pdf, page 8>
Package pdftex.def Info: Methods.pdf , page8 used on input line 155.
(pdftex.def)             Requested size: 643.39093pt x 976.92346pt.
 [40 </Users/anthonykevins/OneDrive - Universiteit Utrecht/Work/Other Work Documents/GitHub/academic-kickstart/Latex/Teaching Portfolio/Methods.pdf>]
<Methods.pdf, id=441, page=9, 597.5078pt x 845.04686pt>
File: Methods.pdf Graphic file (type pdf)
<use Methods.pdf, page 9>
Package pdftex.def Info: Methods.pdf , page9 used on input line 155.
(pdftex.def)             Requested size: 643.39093pt x 976.92346pt.
File: Methods.pdf Graphic file (type pdf)
<use Methods.pdf, page 9>
Package pdftex.def Info: Methods.pdf , page9 used on input line 155.
(pdftex.def)             Requested size: 643.39093pt x 976.92346pt.
File: Methods.pdf Graphic file (type pdf)
<use Methods.pdf, page 9>
Package pdftex.def Info: Methods.pdf , page9 used on input line 155.
(pdftex.def)             Requested size: 643.39093pt x 976.92346pt.
 [41 </Users/anthonykevins/OneDrive - Universiteit Utrecht/Work/Other Work Documents/GitHub/academic-kickstart/Latex/Teaching Portfolio/Methods.pdf>]
<Methods.pdf, id=446, page=10, 597.5078pt x 845.04686pt>
File: Methods.pdf Graphic file (type pdf)
<use Methods.pdf, page 10>
Package pdftex.def Info: Methods.pdf , page10 used on input line 155.
(pdftex.def)             Requested size: 643.39093pt x 976.92346pt.
File: Methods.pdf Graphic file (type pdf)
<use Methods.pdf, page 10>
Package pdftex.def Info: Methods.pdf , page10 used on input line 155.
(pdftex.def)             Requested size: 643.39093pt x 976.92346pt.
File: Methods.pdf Graphic file (type pdf)
<use Methods.pdf, page 10>
Package pdftex.def Info: Methods.pdf , page10 used on input line 155.
(pdftex.def)             Requested size: 643.39093pt x 976.92346pt.
 [42 </Users/anthonykevins/OneDrive - Universiteit Utrecht/Work/Other Work Documents/GitHub/academic-kickstart/Latex/Teaching Portfolio/Methods.pdf>]
<Methods.pdf, id=451, page=11, 597.5078pt x 845.04686pt>
File: Methods.pdf Graphic file (type pdf)
<use Methods.pdf, page 11>
Package pdftex.def Info: Methods.pdf , page11 used on input line 155.
(pdftex.def)             Requested size: 643.39093pt x 976.92346pt.
File: Methods.pdf Graphic file (type pdf)
<use Methods.pdf, page 11>
Package pdftex.def Info: Methods.pdf , page11 used on input line 155.
(pdftex.def)             Requested size: 643.39093pt x 976.92346pt.
File: Methods.pdf Graphic file (type pdf)
<use Methods.pdf, page 11>
Package pdftex.def Info: Methods.pdf , page11 used on input line 155.
(pdftex.def)             Requested size: 643.39093pt x 976.92346pt.
 [43 </Users/anthonykevins/OneDrive - Universiteit Utrecht/Work/Other Work Documents/GitHub/academic-kickstart/Latex/Teaching Portfolio/Methods.pdf>]
<Methods.pdf, id=457, page=12, 597.5078pt x 845.04686pt>
File: Methods.pdf Graphic file (type pdf)
<use Methods.pdf, page 12>
Package pdftex.def Info: Methods.pdf , page12 used on input line 155.
(pdftex.def)             Requested size: 643.39093pt x 976.92346pt.
File: Methods.pdf Graphic file (type pdf)
<use Methods.pdf, page 12>
Package pdftex.def Info: Methods.pdf , page12 used on input line 155.
(pdftex.def)             Requested size: 643.39093pt x 976.92346pt.
File: Methods.pdf Graphic file (type pdf)
<use Methods.pdf, page 12>
Package pdftex.def Info: Methods.pdf , page12 used on input line 155.
(pdftex.def)             Requested size: 643.39093pt x 976.92346pt.
 [44 </Users/anthonykevins/OneDrive - Universiteit Utrecht/Work/Other Work Documents/GitHub/academic-kickstart/Latex/Teaching Portfolio/Methods.pdf>]
<Methods.pdf, id=462, page=13, 597.5078pt x 845.04686pt>
File: Methods.pdf Graphic file (type pdf)
<use Methods.pdf, page 13>
Package pdftex.def Info: Methods.pdf , page13 used on input line 155.
(pdftex.def)             Requested size: 643.39093pt x 976.92346pt.
File: Methods.pdf Graphic file (type pdf)
<use Methods.pdf, page 13>
Package pdftex.def Info: Methods.pdf , page13 used on input line 155.
(pdftex.def)             Requested size: 643.39093pt x 976.92346pt.
File: Methods.pdf Graphic file (type pdf)
<use Methods.pdf, page 13>
Package pdftex.def Info: Methods.pdf , page13 used on input line 155.
(pdftex.def)             Requested size: 643.39093pt x 976.92346pt.
 [45 </Users/anthonykevins/OneDrive - Universiteit Utrecht/Work/Other Work Documents/GitHub/academic-kickstart/Latex/Teaching Portfolio/Methods.pdf>]
<Methods.pdf, id=467, page=14, 597.5078pt x 845.04686pt>
File: Methods.pdf Graphic file (type pdf)
<use Methods.pdf, page 14>
Package pdftex.def Info: Methods.pdf , page14 used on input line 155.
(pdftex.def)             Requested size: 643.39093pt x 976.92346pt.
File: Methods.pdf Graphic file (type pdf)
<use Methods.pdf, page 14>
Package pdftex.def Info: Methods.pdf , page14 used on input line 155.
(pdftex.def)             Requested size: 643.39093pt x 976.92346pt.
File: Methods.pdf Graphic file (type pdf)
<use Methods.pdf, page 14>
Package pdftex.def Info: Methods.pdf , page14 used on input line 155.
(pdftex.def)             Requested size: 643.39093pt x 976.92346pt.
 [46 </Users/anthonykevins/OneDrive - Universiteit Utrecht/Work/Other Work Documents/GitHub/academic-kickstart/Latex/Teaching Portfolio/Methods.pdf>]
<Appendix_Materials.pdf, id=472, 614.295pt x 794.97pt>
File: Appendix_Materials.pdf Graphic file (type pdf)
<use Appendix_Materials.pdf>
Package pdftex.def Info: Appendix_Materials.pdf  used on input line 156.
(pdftex.def)             Requested size: 614.29349pt x 794.96806pt.
File: Appendix_Materials.pdf Graphic file (type pdf)
<use Appendix_Materials.pdf>
Package pdftex.def Info: Appendix_Materials.pdf  used on input line 156.
(pdftex.def)             Requested size: 614.29349pt x 794.96806pt.
<Appendix_Materials.pdf, id=475, page=36, 614.295pt x 794.97pt>
File: Appendix_Materials.pdf Graphic file (type pdf)
<use Appendix_Materials.pdf, page 36>
Package pdftex.def Info: Appendix_Materials.pdf , page36 used on input line 156.
(pdftex.def)             Requested size: 436.68195pt x 590.07233pt.
File: Appendix_Materials.pdf Graphic file (type pdf)
<use Appendix_Materials.pdf, page 36>
Package pdftex.def Info: Appendix_Materials.pdf , page36 used on input line 156.
(pdftex.def)             Requested size: 692.95775pt x 936.3981pt.
File: Appendix_Materials.pdf Graphic file (type pdf)
<use Appendix_Materials.pdf, page 36>
Package pdftex.def Info: Appendix_Materials.pdf , page36 used on input line 156.
(pdftex.def)             Requested size: 692.95775pt x 936.3981pt.
File: Appendix_Materials.pdf Graphic file (type pdf)
<use Appendix_Materials.pdf, page 36>
Package pdftex.def Info: Appendix_Materials.pdf , page36 used on input line 156.
(pdftex.def)             Requested size: 692.95775pt x 936.3981pt.
File: Appendix_Materials.pdf Graphic file (type pdf)
<use Appendix_Materials.pdf, page 36>
Package pdftex.def Info: Appendix_Materials.pdf , page36 used on input line 156.
(pdftex.def)             Requested size: 692.95775pt x 936.3981pt.
 [47 </Users/anthonykevins/OneDrive - Universiteit Utrecht/Work/Other Work Documents/GitHub/academic-kickstart/Latex/Teaching Portfolio/Appendix_Materials.pdf>]
File: Appendix_Materials.pdf Graphic file (type pdf)
<use Appendix_Materials.pdf>
Package pdftex.def Info: Appendix_Materials.pdf  used on input line 157.
(pdftex.def)             Requested size: 614.29349pt x 794.96806pt.
File: Appendix_Materials.pdf Graphic file (type pdf)
<use Appendix_Materials.pdf>
Package pdftex.def Info: Appendix_Materials.pdf  used on input line 157.
(pdftex.def)             Requested size: 614.29349pt x 794.96806pt.
<Appendix_Materials.pdf, id=541, page=37, 614.295pt x 794.97pt>
File: Appendix_Materials.pdf Graphic file (type pdf)
<use Appendix_Materials.pdf, page 37>
Package pdftex.def Info: Appendix_Materials.pdf , page37 used on input line 157.
(pdftex.def)             Requested size: 418.25758pt x 554.59058pt.
File: Appendix_Materials.pdf Graphic file (type pdf)
<use Appendix_Materials.pdf, page 37>
Package pdftex.def Info: Appendix_Materials.pdf , page37 used on input line 157.
(pdftex.def)             Requested size: 792.33136pt x 1050.59543pt.
File: Appendix_Materials.pdf Graphic file (type pdf)
<use Appendix_Materials.pdf, page 37>
Package pdftex.def Info: Appendix_Materials.pdf , page37 used on input line 157.
(pdftex.def)             Requested size: 792.33136pt x 1050.59543pt.
File: Appendix_Materials.pdf Graphic file (type pdf)
<use Appendix_Materials.pdf, page 37>
Package pdftex.def Info: Appendix_Materials.pdf , page37 used on input line 157.
(pdftex.def)             Requested size: 792.33136pt x 1050.59543pt.
File: Appendix_Materials.pdf Graphic file (type pdf)
<use Appendix_Materials.pdf, page 37>
Package pdftex.def Info: Appendix_Materials.pdf , page37 used on input line 157.
(pdftex.def)             Requested size: 792.33136pt x 1050.59543pt.
 [48 </Users/anthonykevins/OneDrive - Universiteit Utrecht/Work/Other Work Documents/GitHub/academic-kickstart/Latex/Teaching Portfolio/Appendix_Materials.pdf>]
<Evaluations2.pdf, id=556, 614.295pt x 794.97pt>
File: Evaluations2.pdf Graphic file (type pdf)
<use Evaluations2.pdf>
Package pdftex.def Info: Evaluations2.pdf  used on input line 158.
(pdftex.def)             Requested size: 614.29349pt x 794.96806pt.
File: Evaluations2.pdf Graphic file (type pdf)
<use Evaluations2.pdf>
Package pdftex.def Info: Evaluations2.pdf  used on input line 158.
(pdftex.def)             Requested size: 614.29349pt x 794.96806pt.
<Evaluations2.pdf, id=559, page=1, 614.295pt x 794.97pt>
File: Evaluations2.pdf Graphic file (type pdf)
<use Evaluations2.pdf, page 1>
Package pdftex.def Info: Evaluations2.pdf , page1 used on input line 158.
(pdftex.def)             Requested size: 418.25758pt x 554.59058pt.
File: Evaluations2.pdf Graphic file (type pdf)
<use Evaluations2.pdf, page 1>
Package pdftex.def Info: Evaluations2.pdf , page1 used on input line 158.
(pdftex.def)             Requested size: 792.33136pt x 1050.59543pt.
File: Evaluations2.pdf Graphic file (type pdf)
<use Evaluations2.pdf, page 1>
Package pdftex.def Info: Evaluations2.pdf , page1 used on input line 158.
(pdftex.def)             Requested size: 792.33136pt x 1050.59543pt.
File: Evaluations2.pdf Graphic file (type pdf)
<use Evaluations2.pdf, page 1>
Package pdftex.def Info: Evaluations2.pdf , page1 used on input line 158.
(pdftex.def)             Requested size: 792.33136pt x 1050.59543pt.
File: Evaluations2.pdf Graphic file (type pdf)
<use Evaluations2.pdf, page 1>
Package pdftex.def Info: Evaluations2.pdf , page1 used on input line 158.
(pdftex.def)             Requested size: 792.33136pt x 1050.59543pt.
 [49 </Users/anthonykevins/OneDrive - Universiteit Utrecht/Work/Other Work Documents/GitHub/academic-kickstart/Latex/Teaching Portfolio/Evaluations2.pdf>]
<Evaluations2.pdf, id=584, page=2, 614.295pt x 794.97pt>
File: Evaluations2.pdf Graphic file (type pdf)
<use Evaluations2.pdf, page 2>
Package pdftex.def Info: Evaluations2.pdf , page2 used on input line 158.
(pdftex.def)             Requested size: 792.33136pt x 1050.59543pt.
File: Evaluations2.pdf Graphic file (type pdf)
<use Evaluations2.pdf, page 2>
Package pdftex.def Info: Evaluations2.pdf , page2 used on input line 158.
(pdftex.def)             Requested size: 792.33136pt x 1050.59543pt.
File: Evaluations2.pdf Graphic file (type pdf)
<use Evaluations2.pdf, page 2>
Package pdftex.def Info: Evaluations2.pdf , page2 used on input line 158.
(pdftex.def)             Requested size: 792.33136pt x 1050.59543pt.
 [50 </Users/anthonykevins/OneDrive - Universiteit Utrecht/Work/Other Work Documents/GitHub/academic-kickstart/Latex/Teaching Portfolio/Evaluations2.pdf>]
<Evaluations2.pdf, id=598, page=3, 614.295pt x 794.97pt>
File: Evaluations2.pdf Graphic file (type pdf)
<use Evaluations2.pdf, page 3>
Package pdftex.def Info: Evaluations2.pdf , page3 used on input line 158.
(pdftex.def)             Requested size: 792.33136pt x 1050.59543pt.
File: Evaluations2.pdf Graphic file (type pdf)
<use Evaluations2.pdf, page 3>
Package pdftex.def Info: Evaluations2.pdf , page3 used on input line 158.
(pdftex.def)             Requested size: 792.33136pt x 1050.59543pt.
File: Evaluations2.pdf Graphic file (type pdf)
<use Evaluations2.pdf, page 3>
Package pdftex.def Info: Evaluations2.pdf , page3 used on input line 158.
(pdftex.def)             Requested size: 792.33136pt x 1050.59543pt.
 [51 </Users/anthonykevins/OneDrive - Universiteit Utrecht/Work/Other Work Documents/GitHub/academic-kickstart/Latex/Teaching Portfolio/Evaluations2.pdf>]
<Evaluations2.pdf, id=605, page=4, 614.295pt x 794.97pt>
File: Evaluations2.pdf Graphic file (type pdf)
<use Evaluations2.pdf, page 4>
Package pdftex.def Info: Evaluations2.pdf , page4 used on input line 158.
(pdftex.def)             Requested size: 792.33136pt x 1050.59543pt.
File: Evaluations2.pdf Graphic file (type pdf)
<use Evaluations2.pdf, page 4>
Package pdftex.def Info: Evaluations2.pdf , page4 used on input line 158.
(pdftex.def)             Requested size: 792.33136pt x 1050.59543pt.
File: Evaluations2.pdf Graphic file (type pdf)
<use Evaluations2.pdf, page 4>
Package pdftex.def Info: Evaluations2.pdf , page4 used on input line 158.
(pdftex.def)             Requested size: 792.33136pt x 1050.59543pt.
 [52 </Users/anthonykevins/OneDrive - Universiteit Utrecht/Work/Other Work Documents/GitHub/academic-kickstart/Latex/Teaching Portfolio/Evaluations2.pdf>]
<Evaluations2.pdf, id=612, page=5, 614.295pt x 794.97pt>
File: Evaluations2.pdf Graphic file (type pdf)
<use Evaluations2.pdf, page 5>
Package pdftex.def Info: Evaluations2.pdf , page5 used on input line 158.
(pdftex.def)             Requested size: 792.33136pt x 1050.59543pt.
File: Evaluations2.pdf Graphic file (type pdf)
<use Evaluations2.pdf, page 5>
Package pdftex.def Info: Evaluations2.pdf , page5 used on input line 158.
(pdftex.def)             Requested size: 792.33136pt x 1050.59543pt.
File: Evaluations2.pdf Graphic file (type pdf)
<use Evaluations2.pdf, page 5>
Package pdftex.def Info: Evaluations2.pdf , page5 used on input line 158.
(pdftex.def)             Requested size: 792.33136pt x 1050.59543pt.
 [53 </Users/anthonykevins/OneDrive - Universiteit Utrecht/Work/Other Work Documents/GitHub/academic-kickstart/Latex/Teaching Portfolio/Evaluations2.pdf>]
<Evaluations2.pdf, id=618, page=6, 614.295pt x 794.97pt>
File: Evaluations2.pdf Graphic file (type pdf)
<use Evaluations2.pdf, page 6>
Package pdftex.def Info: Evaluations2.pdf , page6 used on input line 158.
(pdftex.def)             Requested size: 792.33136pt x 1050.59543pt.
File: Evaluations2.pdf Graphic file (type pdf)
<use Evaluations2.pdf, page 6>
Package pdftex.def Info: Evaluations2.pdf , page6 used on input line 158.
(pdftex.def)             Requested size: 792.33136pt x 1050.59543pt.
File: Evaluations2.pdf Graphic file (type pdf)
<use Evaluations2.pdf, page 6>
Package pdftex.def Info: Evaluations2.pdf , page6 used on input line 158.
(pdftex.def)             Requested size: 792.33136pt x 1050.59543pt.
 [54 </Users/anthonykevins/OneDrive - Universiteit Utrecht/Work/Other Work Documents/GitHub/academic-kickstart/Latex/Teaching Portfolio/Evaluations2.pdf>]
<Appendix_Materials.pdf, id=624, page=68, 614.295pt x 794.97pt>
File: Appendix_Materials.pdf Graphic file (type pdf)
<use Appendix_Materials.pdf, page 68>
Package pdftex.def Info: Appendix_Materials.pdf , page68 used on input line 168.
(pdftex.def)             Requested size: 418.25368pt x 276.10611pt.
LaTeX Font Info:    Trying to load font information for OML+lmm on input line 169.
 (/usr/local/texlive/2021/texmf-dist/tex/latex/lm/omllmm.fd
File: omllmm.fd 2015/05/01 v1.6.1 Font defs for Latin Modern
)
LaTeX Font Info:    Trying to load font information for OMS+lmsy on input line 169.
 (/usr/local/texlive/2021/texmf-dist/tex/latex/lm/omslmsy.fd
File: omslmsy.fd 2015/05/01 v1.6.1 Font defs for Latin Modern
)
LaTeX Font Info:    Trying to load font information for OMX+lmex on input line 169.
 (/usr/local/texlive/2021/texmf-dist/tex/latex/lm/omxlmex.fd
File: omxlmex.fd 2015/05/01 v1.6.1 Font defs for Latin Modern
)
LaTeX Font Info:    External font `lmex10' loaded for size
(Font)              <10.95> on input line 169.
LaTeX Font Info:    External font `lmex10' loaded for size
(Font)              <8> on input line 169.
LaTeX Font Info:    External font `lmex10' loaded for size
(Font)              <6> on input line 169.
<Appendix_Materials.pdf, id=626, page=69, 614.295pt x 794.97pt>
File: Appendix_Materials.pdf Graphic file (type pdf)
<use Appendix_Materials.pdf, page 69>
Package pdftex.def Info: Appendix_Materials.pdf , page69 used on input line 172.
(pdftex.def)             Requested size: 418.25368pt x 276.10611pt.
<Appendix_Materials.pdf, id=628, page=72, 614.295pt x 794.97pt>
File: Appendix_Materials.pdf Graphic file (type pdf)
<use Appendix_Materials.pdf, page 72>
Package pdftex.def Info: Appendix_Materials.pdf , page72 used on input line 184.
(pdftex.def)             Requested size: 418.25368pt x 276.10611pt.
<Appendix_Materials.pdf, id=630, page=73, 614.295pt x 794.97pt>
File: Appendix_Materials.pdf Graphic file (type pdf)
<use Appendix_Materials.pdf, page 73>
Package pdftex.def Info: Appendix_Materials.pdf , page73 used on input line 188.
(pdftex.def)             Requested size: 418.25368pt x 276.10611pt.
 [55 </Users/anthonykevins/OneDrive - Universiteit Utrecht/Work/Other Work Documents/GitHub/academic-kickstart/Latex/Teaching Portfolio/Appendix_Materials.pdf> </Users/anthonykevins/OneDrive - Universiteit Utrecht/Work/Other Work Documents/GitHub/academic-kickstart/Latex/Teaching Portfolio/Appendix_Materials.pdf>]

Package fancyhdr Warning: \headheight is too small (12.0pt): 
(fancyhdr)                Make it at least 13.59999pt, for example:
(fancyhdr)                \setlength{\headheight}{13.59999pt}.
(fancyhdr)                You might also make \topmargin smaller to compensate:
(fancyhdr)                \addtolength{\topmargin}{-1.59999pt}.

[56 </Users/anthonykevins/OneDrive - Universiteit Utrecht/Work/Other Work Documents/GitHub/academic-kickstart/Latex/Teaching Portfolio/Appendix_Materials.pdf> </Users/anthonykevins/OneDrive - Universiteit Utrecht/Work/Other Work Documents/GitHub/academic-kickstart/Latex/Teaching Portfolio/Appendix_Materials.pdf>] (/Users/anthonykevins/OneDrive - Universiteit Utrecht/Work/Other Work Documents/GitHub/academic-kickstart/Latex/Teaching Portfolio/Short_Teaching_Portfolio.aux)
Package rerunfilecheck Info: File `Short_Teaching_Portfolio.out' has not changed.
(rerunfilecheck)             Checksum: 8D4186D0314C38C92DF24CE754746A2F;1680.
 ) 
Here is how much of TeX's memory you used:
 15679 strings out of 478994
 248700 string characters out of 5858184
 627476 words of memory out of 5000000
 32740 multiletter control sequences out of 15000+600000
 438103 words of font info for 92 fonts, out of 8000000 for 9000
 1141 hyphenation exceptions out of 8191
 83i,17n,88p,1277b,576s stack positions out of 5000i,500n,10000p,200000b,80000s
{/usr/local/texlive/2021/texmf-dist/fonts/enc/dvips/lm/lm-rm.enc}{/usr/local/texlive/2021/texmf-dist/fonts/enc/dvips/lm/lm-ts1.enc}</usr/local/texlive/2021/texmf-dist/fonts/type1/public/lm/lmbx10.pfb></usr/local/texlive/2021/texmf-dist/fonts/type1/public/lm/lmbx12.pfb></usr/local/texlive/2021/texmf-dist/fonts/type1/public/lm/lmr10.pfb></usr/local/texlive/2021/texmf-dist/fonts/type1/public/lm/lmri10.pfb>
Output written on "/Users/anthonykevins/OneDrive - Universiteit Utrecht/Work/Other Work Documents/GitHub/academic-kickstart/Latex/Teaching Portfolio/Short_Teaching_Portfolio.pdf" (56 pages, 1459735 bytes).
PDF statistics:
 705 PDF objects out of 1000 (max. 8388607)
 466 compressed objects within 5 object streams
 67 named destinations out of 1000 (max. 500000)
 20954 words of extra memory for PDF output out of 24883 (max. 10000000)

