This is pdfTeX, Version 3.141592653-2.6-1.40.25 (TeX Live 2023) (preloaded format=pdflatex 2023.12.14)  18 JUL 2025 14:12
entering extended mode
 restricted \write18 enabled.
 file:line:error style messages enabled.
 %&-line parsing enabled.
**"/Users/anthonykevins/OneDrive - Universiteit Utrecht/Work/Other Work Documents/GitHub/academic-kickstart/Latex/Teaching Portfolio/Teaching_Portfolio.tex"
(/Users/anthonykevins/OneDrive - Universiteit Utrecht/Work/Other Work Documents/GitHub/academic-kickstart/Latex/Teaching Portfolio/Teaching_Portfolio.tex
LaTeX2e <2022-11-01> patch level 1
L3 programming layer <2023-02-22> (/usr/local/texlive/2023/texmf-dist/tex/latex/base/article.cls
Document Class: article 2022/07/02 v1.4n Standard LaTeX document class
(/usr/local/texlive/2023/texmf-dist/tex/latex/base/size11.clo
File: size11.clo 2022/07/02 v1.4n Standard LaTeX file (size option)
)
\c@part=\count185
\c@section=\count186
\c@subsection=\count187
\c@subsubsection=\count188
\c@paragraph=\count189
\c@subparagraph=\count190
\c@figure=\count191
\c@table=\count192
\abovecaptionskip=\skip48
\belowcaptionskip=\skip49
\bibindent=\dimen140
) (/usr/local/texlive/2023/texmf-dist/tex/latex/tools/tabularx.sty
Package: tabularx 2020/01/15 v2.11c `tabularx' package (DPC)
 (/usr/local/texlive/2023/texmf-dist/tex/latex/tools/array.sty
Package: array 2022/09/04 v2.5g Tabular extension package (FMi)
\col@sep=\dimen141
\ar@mcellbox=\box51
\extrarowheight=\dimen142
\NC@list=\toks16
\extratabsurround=\skip50
\backup@length=\skip51
\ar@cellbox=\box52
)
\TX@col@width=\dimen143
\TX@old@table=\dimen144
\TX@old@col=\dimen145
\TX@target=\dimen146
\TX@delta=\dimen147
\TX@cols=\count193
\TX@ftn=\toks17
) (/usr/local/texlive/2023/texmf-dist/tex/latex/hyphenat/hyphenat.sty
Package: hyphenat 2009/09/02 v2.3c hyphenation utilities
\langwohyphens=\language87
LaTeX Info: Redefining \_ on input line 43.
) (/usr/local/texlive/2023/texmf-dist/tex/latex/base/inputenc.sty
Package: inputenc 2021/02/14 v1.3d Input encoding file
\inpenc@prehook=\toks18
\inpenc@posthook=\toks19
) (/usr/local/texlive/2023/texmf-dist/tex/latex/lm/lmodern.sty
Package: lmodern 2015/05/01 v1.6.1 Latin Modern Fonts
LaTeX Font Info:    Overwriting symbol font `operators' in version `normal'
(Font)                  OT1/cmr/m/n --> OT1/lmr/m/n on input line 22.
LaTeX Font Info:    Overwriting symbol font `letters' in version `normal'
(Font)                  OML/cmm/m/it --> OML/lmm/m/it on input line 23.
LaTeX Font Info:    Overwriting symbol font `symbols' in version `normal'
(Font)                  OMS/cmsy/m/n --> OMS/lmsy/m/n on input line 24.
LaTeX Font Info:    Overwriting symbol font `largesymbols' in version `normal'
(Font)                  OMX/cmex/m/n --> OMX/lmex/m/n on input line 25.
LaTeX Font Info:    Overwriting symbol font `operators' in version `bold'
(Font)                  OT1/cmr/bx/n --> OT1/lmr/bx/n on input line 26.
LaTeX Font Info:    Overwriting symbol font `letters' in version `bold'
(Font)                  OML/cmm/b/it --> OML/lmm/b/it on input line 27.
LaTeX Font Info:    Overwriting symbol font `symbols' in version `bold'
(Font)                  OMS/cmsy/b/n --> OMS/lmsy/b/n on input line 28.
LaTeX Font Info:    Overwriting symbol font `largesymbols' in version `bold'
(Font)                  OMX/cmex/m/n --> OMX/lmex/m/n on input line 29.
LaTeX Font Info:    Overwriting math alphabet `\mathbf' in version `normal'
(Font)                  OT1/cmr/bx/n --> OT1/lmr/bx/n on input line 31.
LaTeX Font Info:    Overwriting math alphabet `\mathsf' in version `normal'
(Font)                  OT1/cmss/m/n --> OT1/lmss/m/n on input line 32.
LaTeX Font Info:    Overwriting math alphabet `\mathit' in version `normal'
(Font)                  OT1/cmr/m/it --> OT1/lmr/m/it on input line 33.
LaTeX Font Info:    Overwriting math alphabet `\mathtt' in version `normal'
(Font)                  OT1/cmtt/m/n --> OT1/lmtt/m/n on input line 34.
LaTeX Font Info:    Overwriting math alphabet `\mathbf' in version `bold'
(Font)                  OT1/cmr/bx/n --> OT1/lmr/bx/n on input line 35.
LaTeX Font Info:    Overwriting math alphabet `\mathsf' in version `bold'
(Font)                  OT1/cmss/bx/n --> OT1/lmss/bx/n on input line 36.
LaTeX Font Info:    Overwriting math alphabet `\mathit' in version `bold'
(Font)                  OT1/cmr/bx/it --> OT1/lmr/bx/it on input line 37.
LaTeX Font Info:    Overwriting math alphabet `\mathtt' in version `bold'
(Font)                  OT1/cmtt/m/n --> OT1/lmtt/m/n on input line 38.
) (/usr/local/texlive/2023/texmf-dist/tex/latex/base/textcomp.sty
Package: textcomp 2020/02/02 v2.0n Standard LaTeX package
) (/usr/local/texlive/2023/texmf-dist/tex/latex/enumitem/enumitem.sty
Package: enumitem 2019/06/20 v3.9 Customized lists
\enitkv@toks@=\toks20
\labelindent=\skip52
\enit@outerparindent=\dimen148
\enit@toks=\toks21
\enit@inbox=\box53
\enit@count@id=\count194
\enitdp@description=\count195
) (/usr/local/texlive/2023/texmf-dist/tex/latex/ltablex/ltablex.sty
Package: ltablex 2014/08/13 v1.1 Modified tabularx
 (/usr/local/texlive/2023/texmf-dist/tex/latex/tools/longtable.sty
Package: longtable 2021-09-01 v4.17 Multi-page Table package (DPC)
\LTleft=\skip53
\LTright=\skip54
\LTpre=\skip55
\LTpost=\skip56
\LTchunksize=\count196
\LTcapwidth=\dimen149
\LT@head=\box54
\LT@firsthead=\box55
\LT@foot=\box56
\LT@lastfoot=\box57
\LT@gbox=\box58
\LT@cols=\count197
\LT@rows=\count198
\c@LT@tables=\count199
\c@LT@chunks=\count266
\LT@p@ftn=\toks22
)) (/usr/local/texlive/2023/texmf-dist/tex/generic/babel/babel.sty
Package: babel 2023/02/13 3.86 The Babel package
\babel@savecnt=\count267
\U@D=\dimen150
\l@unhyphenated=\language88
 (/usr/local/texlive/2023/texmf-dist/tex/generic/babel/txtbabel.def)
\bbl@readstream=\read2
\bbl@dirlevel=\count268
 (/usr/local/texlive/2023/texmf-dist/tex/generic/babel-english/english.ldf
Language: english 2017/06/06 v3.3r English support from the babel system
Package babel Info: Hyphen rules for 'canadian' set to \l@english
(babel)             (\language0). Reported on input line 102.
Package babel Info: Hyphen rules for 'australian' set to \l@ukenglish
(babel)             (\language21). Reported on input line 105.
Package babel Info: Hyphen rules for 'newzealand' set to \l@ukenglish
(babel)             (\language21). Reported on input line 108.
)) (/usr/local/texlive/2023/texmf-dist/tex/generic/babel/locale/en/babel-english.tex
Package babel Info: Importing font and identification data for english
(babel)             from babel-en.ini. Reported on input line 11.
) (/usr/local/texlive/2023/texmf-dist/tex/latex/blindtext/blindtext.sty
Package: blindtext 2012/01/06 V2.0 blindtext-Package
 (/usr/local/texlive/2023/texmf-dist/tex/latex/tools/xspace.sty
Package: xspace 2014/10/28 v1.13 Space after command names (DPC,MH)
)
\c@blindtext=\count269
\c@Blindtext=\count270
\c@blind@countparstart=\count271
\blind@countxx=\count272
\blindtext@numBlindtext=\count273
\blind@countyy=\count274
\c@blindlist=\count275
\c@blindlistlevel=\count276
\c@blindlist@level=\count277
\blind@listitem=\count278
\c@blind@listcount=\count279
\c@blind@levelcount=\count280
\blind@mathformula=\count281
\blind@Mathformula=\count282
\c@blind@randomcount=\count283
\c@blind@randommax=\count284
\c@blind@pangramcount=\count285
\c@blind@pangrammax=\count286
) (/usr/local/texlive/2023/texmf-dist/tex/latex/microtype/microtype.sty
Package: microtype 2023/03/13 v3.1a Micro-typographical refinements (RS)
 (/usr/local/texlive/2023/texmf-dist/tex/latex/graphics/keyval.sty
Package: keyval 2022/05/29 v1.15 key=value parser (DPC)
\KV@toks@=\toks23
) (/usr/local/texlive/2023/texmf-dist/tex/latex/etoolbox/etoolbox.sty
Package: etoolbox 2020/10/05 v2.5k e-TeX tools for LaTeX (JAW)
\etb@tempcnta=\count287
)
\MT@toks=\toks24
\MT@tempbox=\box59
\MT@count=\count288
LaTeX Info: Redefining \noprotrusionifhmode on input line 1059.
LaTeX Info: Redefining \leftprotrusion on input line 1060.
\MT@prot@toks=\toks25
LaTeX Info: Redefining \rightprotrusion on input line 1078.
LaTeX Info: Redefining \textls on input line 1368.
\MT@outer@kern=\dimen151
LaTeX Info: Redefining \textmicrotypecontext on input line 1988.
\MT@listname@count=\count289
 (/usr/local/texlive/2023/texmf-dist/tex/latex/microtype/microtype-pdftex.def
File: microtype-pdftex.def 2023/03/13 v3.1a Definitions specific to pdftex (RS)
LaTeX Info: Redefining \lsstyle on input line 902.
LaTeX Info: Redefining \lslig on input line 902.
\MT@outer@space=\skip57
)
Package microtype Info: Loading configuration file microtype.cfg.
 (/usr/local/texlive/2023/texmf-dist/tex/latex/microtype/microtype.cfg
File: microtype.cfg 2023/03/13 v3.1a microtype main configuration file (RS)
)) (/usr/local/texlive/2023/texmf-dist/tex/latex/hanging/hanging.sty
Package: hanging 2009/09/02 v1.2b hanging paragraphs and punctuation
\h@ngcommawd=\skip58
\h@ngfstopwd=\skip59
\h@ngquotewd=\skip60
\h@ngdquotewd=\skip61
\h@ngquerywd=\skip62
\h@ngexclwd=\skip63
\h@ngcolonwd=\skip64
\h@ngscolonwd=\skip65
) (/usr/local/texlive/2023/texmf-dist/tex/latex/geometry/geometry.sty
Package: geometry 2020/01/02 v5.9 Page Geometry
 (/usr/local/texlive/2023/texmf-dist/tex/generic/iftex/ifvtex.sty
Package: ifvtex 2019/10/25 v1.7 ifvtex legacy package. Use iftex instead.
 (/usr/local/texlive/2023/texmf-dist/tex/generic/iftex/iftex.sty
Package: iftex 2022/02/03 v1.0f TeX engine tests
))
\Gm@cnth=\count290
\Gm@cntv=\count291
\c@Gm@tempcnt=\count292
\Gm@bindingoffset=\dimen152
\Gm@wd@mp=\dimen153
\Gm@odd@mp=\dimen154
\Gm@even@mp=\dimen155
\Gm@layoutwidth=\dimen156
\Gm@layoutheight=\dimen157
\Gm@layouthoffset=\dimen158
\Gm@layoutvoffset=\dimen159
\Gm@dimlist=\toks26
) (/usr/local/texlive/2023/texmf-dist/tex/latex/pdfpages/pdfpages.sty
Package: pdfpages 2022/12/19 v0.5x Insert pages of external PDF documents (AM)
 (/usr/local/texlive/2023/texmf-dist/tex/latex/base/ifthen.sty
Package: ifthen 2022/04/13 v1.1d Standard LaTeX ifthen package (DPC)
) (/usr/local/texlive/2023/texmf-dist/tex/latex/tools/calc.sty
Package: calc 2017/05/25 v4.3 Infix arithmetic (KKT,FJ)
\calc@Acount=\count293
\calc@Bcount=\count294
\calc@Adimen=\dimen160
\calc@Bdimen=\dimen161
\calc@Askip=\skip66
\calc@Bskip=\skip67
LaTeX Info: Redefining \setlength on input line 80.
LaTeX Info: Redefining \addtolength on input line 81.
\calc@Ccount=\count295
\calc@Cskip=\skip68
) (/usr/local/texlive/2023/texmf-dist/tex/latex/eso-pic/eso-pic.sty
Package: eso-pic 2020/10/14 v3.0a eso-pic (RN)
\ESO@tempdima=\dimen162
\ESO@tempdimb=\dimen163
 (/usr/local/texlive/2023/texmf-dist/tex/latex/xcolor/xcolor.sty
Package: xcolor 2022/06/12 v2.14 LaTeX color extensions (UK)
 (/usr/local/texlive/2023/texmf-dist/tex/latex/graphics-cfg/color.cfg
File: color.cfg 2016/01/02 v1.6 sample color configuration
)
Package xcolor Info: Driver file: pdftex.def on input line 227.
 (/usr/local/texlive/2023/texmf-dist/tex/latex/graphics-def/pdftex.def
File: pdftex.def 2022/09/22 v1.2b Graphics/color driver for pdftex
) (/usr/local/texlive/2023/texmf-dist/tex/latex/graphics/mathcolor.ltx)
Package xcolor Info: Model `cmy' substituted by `cmy0' on input line 1353.
Package xcolor Info: Model `hsb' substituted by `rgb' on input line 1357.
Package xcolor Info: Model `RGB' extended on input line 1369.
Package xcolor Info: Model `HTML' substituted by `rgb' on input line 1371.
Package xcolor Info: Model `Hsb' substituted by `hsb' on input line 1372.
Package xcolor Info: Model `tHsb' substituted by `hsb' on input line 1373.
Package xcolor Info: Model `HSB' substituted by `hsb' on input line 1374.
Package xcolor Info: Model `Gray' substituted by `gray' on input line 1375.
Package xcolor Info: Model `wave' substituted by `hsb' on input line 1376.
)) (/usr/local/texlive/2023/texmf-dist/tex/latex/graphics/graphicx.sty
Package: graphicx 2021/09/16 v1.2d Enhanced LaTeX Graphics (DPC,SPQR)
 (/usr/local/texlive/2023/texmf-dist/tex/latex/graphics/graphics.sty
Package: graphics 2022/03/10 v1.4e Standard LaTeX Graphics (DPC,SPQR)
 (/usr/local/texlive/2023/texmf-dist/tex/latex/graphics/trig.sty
Package: trig 2021/08/11 v1.11 sin cos tan (DPC)
) (/usr/local/texlive/2023/texmf-dist/tex/latex/graphics-cfg/graphics.cfg
File: graphics.cfg 2016/06/04 v1.11 sample graphics configuration
)
Package graphics Info: Driver file: pdftex.def on input line 107.
)
\Gin@req@height=\dimen164
\Gin@req@width=\dimen165
)
\AM@pagewidth=\dimen166
\AM@pageheight=\dimen167
\AM@fboxrule=\dimen168
 (/usr/local/texlive/2023/texmf-dist/tex/latex/pdfpages/pppdftex.def
File: pppdftex.def 2022/12/19 v0.5x Pdfpages driver for pdfTeX (AM)
)
\pdfpages@includegraphics@status=\count296
\AM@pagebox=\box60
\AM@global@opts=\toks27
\AM@pagecnt=\count297
\AM@toc@title=\toks28
\AM@lof@heading=\toks29
\c@AM@survey=\count298
\AM@templatesizebox=\box61
) (/usr/local/texlive/2023/texmf-dist/tex/latex/tocloft/tocloft.sty
Package: tocloft 2017/08/31 v2.3i parameterised ToC, etc., typesetting
Package tocloft Info: The document has section divisions on input line 51.
\cftparskip=\skip69
\cftbeforetoctitleskip=\skip70
\cftaftertoctitleskip=\skip71
\cftbeforepartskip=\skip72
\cftpartnumwidth=\skip73
\cftpartindent=\skip74
\cftbeforesecskip=\skip75
\cftsecindent=\skip76
\cftsecnumwidth=\skip77
\cftbeforesubsecskip=\skip78
\cftsubsecindent=\skip79
\cftsubsecnumwidth=\skip80
\cftbeforesubsubsecskip=\skip81
\cftsubsubsecindent=\skip82
\cftsubsubsecnumwidth=\skip83
\cftbeforeparaskip=\skip84
\cftparaindent=\skip85
\cftparanumwidth=\skip86
\cftbeforesubparaskip=\skip87
\cftsubparaindent=\skip88
\cftsubparanumwidth=\skip89
\cftbeforeloftitleskip=\skip90
\cftafterloftitleskip=\skip91
\cftbeforefigskip=\skip92
\cftfigindent=\skip93
\cftfignumwidth=\skip94
\c@lofdepth=\count299
\c@lotdepth=\count300
\cftbeforelottitleskip=\skip95
\cftafterlottitleskip=\skip96
\cftbeforetabskip=\skip97
\cfttabindent=\skip98
\cfttabnumwidth=\skip99
) (/usr/local/texlive/2023/texmf-dist/tex/latex/setspace/setspace.sty
Package: setspace 2022/12/04 v6.7b set line spacing
) (/usr/local/texlive/2023/texmf-dist/tex/latex/footmisc/footmisc.sty
Package: footmisc 2022/03/08 v6.0d a miscellany of footnote facilities
\FN@temptoken=\toks30
\footnotemargin=\dimen169
\@outputbox@depth=\dimen170
Package footmisc Info: Declaring symbol style bringhurst on input line 695.
Package footmisc Info: Declaring symbol style chicago on input line 703.
Package footmisc Info: Declaring symbol style wiley on input line 712.
Package footmisc Info: Declaring symbol style lamport-robust on input line 723.
Package footmisc Info: Declaring symbol style lamport* on input line 743.
Package footmisc Info: Declaring symbol style lamport*-robust on input line 764.
) (/usr/local/texlive/2023/texmf-dist/tex/latex/roboto/roboto.sty
Package: roboto 2022/09/10 (Bob Tennent) Supports Roboto fonts for all LaTeX engines.
 (/usr/local/texlive/2023/texmf-dist/tex/generic/iftex/ifxetex.sty
Package: ifxetex 2019/10/25 v0.7 ifxetex legacy package. Use iftex instead.
) (/usr/local/texlive/2023/texmf-dist/tex/generic/iftex/ifluatex.sty
Package: ifluatex 2019/10/25 v1.5 ifluatex legacy package. Use iftex instead.
) (/usr/local/texlive/2023/texmf-dist/tex/latex/xkeyval/xkeyval.sty
Package: xkeyval 2022/06/16 v2.9 package option processing (HA)
 (/usr/local/texlive/2023/texmf-dist/tex/generic/xkeyval/xkeyval.tex (/usr/local/texlive/2023/texmf-dist/tex/generic/xkeyval/xkvutils.tex
\XKV@toks=\toks31
\XKV@tempa@toks=\toks32
)
\XKV@depth=\count301
File: xkeyval.tex 2014/12/03 v2.7a key=value parser (HA)
)) (/usr/local/texlive/2023/texmf-dist/tex/latex/base/fontenc.sty
Package: fontenc 2021/04/29 v2.0v Standard LaTeX package
LaTeX Font Info:    Trying to load font information for OT1+lmr on input line 112.
 (/usr/local/texlive/2023/texmf-dist/tex/latex/lm/ot1lmr.fd
File: ot1lmr.fd 2015/05/01 v1.6.1 Font defs for Latin Modern
)

LaTeX Font Warning: Font shape `OT1/lmr/l/n' undefined
(Font)              using `OT1/lmr/m/n' instead on input line 112.

) (/usr/local/texlive/2023/texmf-dist/tex/latex/fontaxes/fontaxes.sty
Package: fontaxes 2020/07/21 v1.0e Font selection axes
LaTeX Info: Redefining \upshape on input line 29.
LaTeX Info: Redefining \itshape on input line 31.
LaTeX Info: Redefining \slshape on input line 33.
LaTeX Info: Redefining \swshape on input line 35.
LaTeX Info: Redefining \scshape on input line 37.
LaTeX Info: Redefining \sscshape on input line 39.
LaTeX Info: Redefining \ulcshape on input line 41.
LaTeX Info: Redefining \textsw on input line 47.
LaTeX Info: Redefining \textssc on input line 48.
LaTeX Info: Redefining \textulc on input line 49.
)) (/usr/local/texlive/2023/texmf-dist/tex/latex/caption/subcaption.sty
Package: subcaption 2023/02/19 v1.6 Sub-captions (AR)
 (/usr/local/texlive/2023/texmf-dist/tex/latex/caption/caption.sty
Package: caption 2023/03/12 v3.6j Customizing captions (AR)
 (/usr/local/texlive/2023/texmf-dist/tex/latex/caption/caption3.sty
Package: caption3 2023/03/12 v2.4 caption3 kernel (AR)
\caption@tempdima=\dimen171
\captionmargin=\dimen172
\caption@leftmargin=\dimen173
\caption@rightmargin=\dimen174
\caption@width=\dimen175
\caption@indent=\dimen176
\caption@parindent=\dimen177
\caption@hangindent=\dimen178
Package caption Info: Standard document class detected.
)
\c@caption@flags=\count302
\c@continuedfloat=\count303
Package caption Info: longtable package is loaded.
 (/usr/local/texlive/2023/texmf-dist/tex/latex/caption/ltcaption.sty
Package: ltcaption 2021/01/08 v1.4c longtable captions (AR)
))
Package caption Info: New subtype `subfigure' on input line 239.
\c@subfigure=\count304
Package caption Info: New subtype `subtable' on input line 239.
\c@subtable=\count305
) (/usr/local/texlive/2023/texmf-dist/tex/latex/fancyhdr/fancyhdr.sty
Package: fancyhdr 2022/11/09 v4.1 Extensive control of page headers and footers
\f@nch@headwidth=\skip100
\f@nch@O@elh=\skip101
\f@nch@O@erh=\skip102
\f@nch@O@olh=\skip103
\f@nch@O@orh=\skip104
\f@nch@O@elf=\skip105
\f@nch@O@erf=\skip106
\f@nch@O@olf=\skip107
\f@nch@O@orf=\skip108
) (/usr/local/texlive/2023/texmf-dist/tex/latex/titlesec/titlesec.sty
Package: titlesec 2021/07/05 v2.14 Sectioning titles
\ttl@box=\box62
\beforetitleunit=\skip109
\aftertitleunit=\skip110
\ttl@plus=\dimen179
\ttl@minus=\dimen180
\ttl@toksa=\toks33
\titlewidth=\dimen181
\titlewidthlast=\dimen182
\titlewidthfirst=\dimen183
) (/usr/local/texlive/2023/texmf-dist/tex/latex/titling/titling.sty
Package: titling 2009/09/04 v2.1d maketitle typesetting
\thanksmarkwidth=\skip111
\thanksmargin=\skip112
\droptitle=\skip113
) (/usr/local/texlive/2023/texmf-dist/tex/latex/hyperref/hyperref.sty
Package: hyperref 2023-02-07 v7.00v Hypertext links for LaTeX
 (/usr/local/texlive/2023/texmf-dist/tex/generic/ltxcmds/ltxcmds.sty
Package: ltxcmds 2020-05-10 v1.25 LaTeX kernel commands for general use (HO)
) (/usr/local/texlive/2023/texmf-dist/tex/generic/pdftexcmds/pdftexcmds.sty
Package: pdftexcmds 2020-06-27 v0.33 Utility functions of pdfTeX for LuaTeX (HO)
 (/usr/local/texlive/2023/texmf-dist/tex/generic/infwarerr/infwarerr.sty
Package: infwarerr 2019/12/03 v1.5 Providing info/warning/error messages (HO)
)
Package pdftexcmds Info: \pdf@primitive is available.
Package pdftexcmds Info: \pdf@ifprimitive is available.
Package pdftexcmds Info: \pdfdraftmode found.
) (/usr/local/texlive/2023/texmf-dist/tex/latex/kvsetkeys/kvsetkeys.sty
Package: kvsetkeys 2022-10-05 v1.19 Key value parser (HO)
) (/usr/local/texlive/2023/texmf-dist/tex/generic/kvdefinekeys/kvdefinekeys.sty
Package: kvdefinekeys 2019-12-19 v1.6 Define keys (HO)
) (/usr/local/texlive/2023/texmf-dist/tex/generic/pdfescape/pdfescape.sty
Package: pdfescape 2019/12/09 v1.15 Implements pdfTeX's escape features (HO)
) (/usr/local/texlive/2023/texmf-dist/tex/latex/hycolor/hycolor.sty
Package: hycolor 2020-01-27 v1.10 Color options for hyperref/bookmark (HO)
) (/usr/local/texlive/2023/texmf-dist/tex/latex/letltxmacro/letltxmacro.sty
Package: letltxmacro 2019/12/03 v1.6 Let assignment for LaTeX macros (HO)
) (/usr/local/texlive/2023/texmf-dist/tex/latex/auxhook/auxhook.sty
Package: auxhook 2019-12-17 v1.6 Hooks for auxiliary files (HO)
) (/usr/local/texlive/2023/texmf-dist/tex/latex/hyperref/nameref.sty
Package: nameref 2022-05-17 v2.50 Cross-referencing by name of section
 (/usr/local/texlive/2023/texmf-dist/tex/latex/refcount/refcount.sty
Package: refcount 2019/12/15 v3.6 Data extraction from label references (HO)
) (/usr/local/texlive/2023/texmf-dist/tex/generic/gettitlestring/gettitlestring.sty
Package: gettitlestring 2019/12/15 v1.6 Cleanup title references (HO)
 (/usr/local/texlive/2023/texmf-dist/tex/latex/kvoptions/kvoptions.sty
Package: kvoptions 2022-06-15 v3.15 Key value format for package options (HO)
))
\c@section@level=\count306
)
\@linkdim=\dimen184
\Hy@linkcounter=\count307
\Hy@pagecounter=\count308
 (/usr/local/texlive/2023/texmf-dist/tex/latex/hyperref/pd1enc.def
File: pd1enc.def 2023-02-07 v7.00v Hyperref: PDFDocEncoding definition (HO)
Now handling font encoding PD1 ...
... no UTF-8 mapping file for font encoding PD1
) (/usr/local/texlive/2023/texmf-dist/tex/generic/intcalc/intcalc.sty
Package: intcalc 2019/12/15 v1.3 Expandable calculations with integers (HO)
) (/usr/local/texlive/2023/texmf-dist/tex/generic/etexcmds/etexcmds.sty
Package: etexcmds 2019/12/15 v1.7 Avoid name clashes with e-TeX commands (HO)
)
\Hy@SavedSpaceFactor=\count309
 (/usr/local/texlive/2023/texmf-dist/tex/latex/hyperref/puenc.def
File: puenc.def 2023-02-07 v7.00v Hyperref: PDF Unicode definition (HO)
Now handling font encoding PU ...
... no UTF-8 mapping file for font encoding PU
)
Package hyperref Info: Hyper figures OFF on input line 4177.
Package hyperref Info: Link nesting OFF on input line 4182.
Package hyperref Info: Hyper index ON on input line 4185.
Package hyperref Info: Plain pages OFF on input line 4192.
Package hyperref Info: Backreferencing OFF on input line 4197.
Package hyperref Info: Implicit mode ON; LaTeX internals redefined.
Package hyperref Info: Bookmarks ON on input line 4425.
\c@Hy@tempcnt=\count310
 (/usr/local/texlive/2023/texmf-dist/tex/latex/url/url.sty
\Urlmuskip=\muskip16
Package: url 2013/09/16  ver 3.4  Verb mode for urls, etc.
)
LaTeX Info: Redefining \url on input line 4763.
\XeTeXLinkMargin=\dimen185
 (/usr/local/texlive/2023/texmf-dist/tex/generic/bitset/bitset.sty
Package: bitset 2019/12/09 v1.3 Handle bit-vector datatype (HO)
 (/usr/local/texlive/2023/texmf-dist/tex/generic/bigintcalc/bigintcalc.sty
Package: bigintcalc 2019/12/15 v1.5 Expandable calculations on big integers (HO)
))
\Fld@menulength=\count311
\Field@Width=\dimen186
\Fld@charsize=\dimen187
Package hyperref Info: Hyper figures OFF on input line 6042.
Package hyperref Info: Link nesting OFF on input line 6047.
Package hyperref Info: Hyper index ON on input line 6050.
Package hyperref Info: backreferencing OFF on input line 6057.
Package hyperref Info: Link coloring OFF on input line 6062.
Package hyperref Info: Link coloring with OCG OFF on input line 6067.
Package hyperref Info: PDF/A mode OFF on input line 6072.
 (/usr/local/texlive/2023/texmf-dist/tex/latex/base/atbegshi-ltx.sty
Package: atbegshi-ltx 2021/01/10 v1.0c Emulation of the original atbegshi
package with kernel methods
)
\Hy@abspage=\count312
\c@Item=\count313
\c@Hfootnote=\count314
)
Package hyperref Info: Driver (autodetected): hpdftex.
 (/usr/local/texlive/2023/texmf-dist/tex/latex/hyperref/hpdftex.def
File: hpdftex.def 2023-02-07 v7.00v Hyperref driver for pdfTeX
 (/usr/local/texlive/2023/texmf-dist/tex/latex/base/atveryend-ltx.sty
Package: atveryend-ltx 2020/08/19 v1.0a Emulation of the original atveryend package
with kernel methods
)
\Fld@listcount=\count315
\c@bookmark@seq@number=\count316
 (/usr/local/texlive/2023/texmf-dist/tex/latex/rerunfilecheck/rerunfilecheck.sty
Package: rerunfilecheck 2022-07-10 v1.10 Rerun checks for auxiliary files (HO)
 (/usr/local/texlive/2023/texmf-dist/tex/generic/uniquecounter/uniquecounter.sty
Package: uniquecounter 2019/12/15 v1.4 Provide unlimited unique counter (HO)
)
Package uniquecounter Info: New unique counter `rerunfilecheck' on input line 285.
)
\Hy@SectionHShift=\skip114
)
Package hyperref Info: Option `colorlinks' set `true' on input line 73.
Package hyperref Info: Option `unicode' set `false' on input line 73.
Package hyperref Info: Option `pdftoolbar' set `true' on input line 73.
Package hyperref Info: Option `pdfmenubar' set `true' on input line 73.
Package hyperref Info: Option `pdffitwindow' set `false' on input line 73.
Package hyperref Info: Option `bookmarksopen' set `true' on input line 73.
Package hyperref Info: Option `pdfnewwindow' set `true' on input line 73.
 (/usr/local/texlive/2023/texmf-dist/tex/latex/bookmark/bookmark.sty
Package: bookmark 2020-11-06 v1.29 PDF bookmarks (HO)
 (/usr/local/texlive/2023/texmf-dist/tex/latex/bookmark/bkm-pdftex.def
File: bkm-pdftex.def 2020-11-06 v1.29 bookmark driver for pdfTeX (HO)
\BKM@id=\count317
))
LaTeX Font Info:    Trying to load font information for OT1+Roboto-LF on input line 76.
 (/usr/local/texlive/2023/texmf-dist/tex/latex/roboto/OT1Roboto-LF.fd
File: OT1Roboto-LF.fd 2019/12/11 (autoinst) Font definitions for OT1/Roboto-LF.
)
LaTeX Font Info:    Font shape `OT1/Roboto-LF/l/n' aliased to
(Font)              `OT1/Roboto-LF/light/n' on input line 76.
LaTeX Font Info:    Font shape `OT1/Roboto-LF/light/n' will be
(Font)              scaled to size 10.95pt on input line 76.
 (/usr/local/texlive/2023/texmf-dist/tex/latex/l3backend/l3backend-pdftex.def
File: l3backend-pdftex.def 2023-01-16 L3 backend support: PDF output (pdfTeX)
\l__color_backend_stack_int=\count318
\l__pdf_internal_box=\box63
) (./Teaching_Portfolio.aux)
\openout1 = `Teaching_Portfolio.aux'.

LaTeX Font Info:    Checking defaults for OML/cmm/m/it on input line 76.
LaTeX Font Info:    ... okay on input line 76.
LaTeX Font Info:    Checking defaults for OMS/cmsy/m/n on input line 76.
LaTeX Font Info:    ... okay on input line 76.
LaTeX Font Info:    Checking defaults for OT1/cmr/m/n on input line 76.
LaTeX Font Info:    ... okay on input line 76.
LaTeX Font Info:    Checking defaults for T1/cmr/m/n on input line 76.
LaTeX Font Info:    ... okay on input line 76.
LaTeX Font Info:    Checking defaults for TS1/cmr/m/n on input line 76.
LaTeX Font Info:    ... okay on input line 76.
LaTeX Font Info:    Checking defaults for OMX/cmex/m/n on input line 76.
LaTeX Font Info:    ... okay on input line 76.
LaTeX Font Info:    Checking defaults for U/cmr/m/n on input line 76.
LaTeX Font Info:    ... okay on input line 76.
LaTeX Font Info:    Checking defaults for PD1/pdf/m/n on input line 76.
LaTeX Font Info:    ... okay on input line 76.
LaTeX Font Info:    Checking defaults for PU/pdf/m/n on input line 76.
LaTeX Font Info:    ... okay on input line 76.
LaTeX Info: Redefining \microtypecontext on input line 76.
Package microtype Info: Applying patch `item' on input line 76.
Package microtype Info: Applying patch `toc' on input line 76.
Package microtype Info: Applying patch `eqnum' on input line 76.
Package microtype Info: Applying patch `footnote' on input line 76.
Package microtype Info: Applying patch `verbatim' on input line 76.
Package microtype Info: Generating PDF output.
Package microtype Info: Character protrusion enabled (level 2).
Package microtype Info: Using default protrusion set `alltext'.
Package microtype Info: Automatic font expansion enabled (level 2),
(microtype)             stretch: 20, shrink: 20, step: 1, non-selected.
Package microtype Info: Using default expansion set `alltext-nott'.
LaTeX Info: Redefining \showhyphens on input line 76.
Package microtype Info: No adjustment of tracking.
Package microtype Info: No adjustment of interword spacing.
Package microtype Info: No adjustment of character kerning.
Package microtype Info: Loading generic protrusion settings for font family
(microtype)             `Roboto-LF' (encoding: OT1).
(microtype)             For optimal results, create family-specific settings.
(microtype)             See the microtype manual for details.

*geometry* driver: auto-detecting
*geometry* detected driver: pdftex
*geometry* verbose mode - [ preamble ] result:
* driver: pdftex
* paper: custom
* layout: <same size as paper>
* layoutoffset:(h,v)=(0.0pt,0.0pt)
* modes: 
* h-part:(L,W,R)=(56.9055pt, 483.69687pt, 56.9055pt)
* v-part:(T,H,B)=(56.9055pt, 642.6671pt, 95.39737pt)
* \paperwidth=597.50787pt
* \paperheight=794.96997pt
* \textwidth=483.69687pt
* \textheight=642.6671pt
* \oddsidemargin=-15.36449pt
* \evensidemargin=-15.36449pt
* \topmargin=-52.36449pt
* \headheight=12.0pt
* \headsep=25.0pt
* \topskip=11.0pt
* \footskip=28.45274pt
* \marginparwidth=59.0pt
* \marginparsep=10.0pt
* \columnsep=10.0pt
* \skip\footins=10.0pt plus 4.0pt minus 2.0pt
* \hoffset=0.0pt
* \voffset=0.0pt
* \mag=1000
* \@twocolumnfalse
* \@twosidefalse
* \@mparswitchfalse
* \@reversemarginfalse
* (1in=72.27pt=25.4mm, 1cm=28.453pt)

(/usr/local/texlive/2023/texmf-dist/tex/context/base/mkii/supp-pdf.mkii
[Loading MPS to PDF converter (version 2006.09.02).]
\scratchcounter=\count319
\scratchdimen=\dimen188
\scratchbox=\box64
\nofMPsegments=\count320
\nofMParguments=\count321
\everyMPshowfont=\toks34
\MPscratchCnt=\count322
\MPscratchDim=\dimen189
\MPnumerator=\count323
\makeMPintoPDFobject=\count324
\everyMPtoPDFconversion=\toks35
) (/usr/local/texlive/2023/texmf-dist/tex/latex/epstopdf-pkg/epstopdf-base.sty
Package: epstopdf-base 2020-01-24 v2.11 Base part for package epstopdf
Package epstopdf-base Info: Redefining graphics rule for `.eps' on input line 485.
 (/usr/local/texlive/2023/texmf-dist/tex/latex/latexconfig/epstopdf-sys.cfg
File: epstopdf-sys.cfg 2010/07/13 v1.3 Configuration of (r)epstopdf for TeX Live
)) (/usr/local/texlive/2023/texmf-dist/tex/latex/pdflscape/pdflscape.sty
Package: pdflscape 2022-10-27 v0.13 Display of landscape pages in PDF
 (/usr/local/texlive/2023/texmf-dist/tex/latex/pdflscape/pdflscape-nometadata.sty
Package: pdflscape-nometadata 2022-10-28 v0.13 Display of landscape pages in PDF (HO)
 (/usr/local/texlive/2023/texmf-dist/tex/latex/graphics/lscape.sty
Package: lscape 2020/05/28 v3.02 Landscape Pages (DPC)
)
Package pdflscape Info: Auto-detected driver: pdftex on input line 81.
))
\c@mv@tabular=\count325
\c@mv@boldtabular=\count326
Package caption Info: Begin \AtBeginDocument code.
Package caption Info: hyperref package is loaded.
Package caption Info: End \AtBeginDocument code.
Package hyperref Info: Link coloring ON on input line 76.
LaTeX Font Info:    Font shape `OT1/Roboto-LF/l/n' aliased to
(Font)              `OT1/Roboto-LF/light/n' on input line 85.
LaTeX Font Info:    Font shape `OT1/Roboto-LF/light/n' will be
(Font)              scaled to size 17.28pt on input line 85.
LaTeX Font Info:    Font shape `OT1/Roboto-LF/l/n' aliased to
(Font)              `OT1/Roboto-LF/light/n' on input line 85.
LaTeX Font Info:    Font shape `OT1/Roboto-LF/light/n' will be
(Font)              scaled to size 20.74pt on input line 85.
LaTeX Font Info:    Font shape `OT1/Roboto-LF/b/n' aliased to
(Font)              `OT1/Roboto-LF/bold/n' on input line 85.
LaTeX Font Info:    Font shape `OT1/Roboto-LF/bold/n' will be
(Font)              scaled to size 20.74pt on input line 85.
LaTeX Font Info:    Font shape `OT1/Roboto-LF/l/n' aliased to
(Font)              `OT1/Roboto-LF/light/n' on input line 85.
LaTeX Font Info:    Font shape `OT1/Roboto-LF/light/n' will be
(Font)              scaled to size 12.0pt on input line 85.
 (/usr/local/texlive/2023/texmf-dist/tex/latex/microtype/mt-cmr.cfg
File: mt-cmr.cfg 2013/05/19 v2.2 microtype config. file: Computer Modern Roman (RS)
)
LaTeX Font Info:    Trying to load font information for OML+lmm on input line 85.
 (/usr/local/texlive/2023/texmf-dist/tex/latex/lm/omllmm.fd
File: omllmm.fd 2015/05/01 v1.6.1 Font defs for Latin Modern
)
LaTeX Font Info:    Trying to load font information for OMS+lmsy on input line 85.
 (/usr/local/texlive/2023/texmf-dist/tex/latex/lm/omslmsy.fd
File: omslmsy.fd 2015/05/01 v1.6.1 Font defs for Latin Modern
)
LaTeX Font Info:    Trying to load font information for OMX+lmex on input line 85.
 (/usr/local/texlive/2023/texmf-dist/tex/latex/lm/omxlmex.fd
File: omxlmex.fd 2015/05/01 v1.6.1 Font defs for Latin Modern
)
LaTeX Font Info:    External font `lmex10' loaded for size
(Font)              <12> on input line 85.
LaTeX Font Info:    External font `lmex10' loaded for size
(Font)              <8> on input line 85.
LaTeX Font Info:    External font `lmex10' loaded for size
(Font)              <6> on input line 85.
LaTeX Font Info:    Font shape `OT1/Roboto-LF/l/n' aliased to
(Font)              `OT1/Roboto-LF/light/n' on input line 88.
LaTeX Font Info:    Font shape `OT1/Roboto-LF/light/n' will be
(Font)              scaled to size 14.4pt on input line 88.
LaTeX Font Info:    Font shape `OT1/Roboto-LF/b/n' aliased to
(Font)              `OT1/Roboto-LF/bold/n' on input line 88.
LaTeX Font Info:    Font shape `OT1/Roboto-LF/bold/n' will be
(Font)              scaled to size 14.4pt on input line 88.
 (./Teaching_Portfolio.toc
LaTeX Font Info:    Font shape `OT1/Roboto-LF/b/n' aliased to
(Font)              `OT1/Roboto-LF/bold/n' on input line 2.
LaTeX Font Info:    Font shape `OT1/Roboto-LF/bold/n' will be
(Font)              scaled to size 10.95pt on input line 2.
LaTeX Font Info:    External font `lmex10' loaded for size
(Font)              <10.95> on input line 2.
)
\tf@toc=\write3
\openout3 = `Teaching_Portfolio.toc'.

LaTeX Font Info:    Trying to load font information for TS1+Roboto-LF on input line 101.
 (/usr/local/texlive/2023/texmf-dist/tex/latex/roboto/TS1Roboto-LF.fd
File: TS1Roboto-LF.fd 2019/12/11 (autoinst) Font definitions for TS1/Roboto-LF.
)
LaTeX Font Info:    Font shape `TS1/Roboto-LF/l/n' aliased to
(Font)              `TS1/Roboto-LF/light/n' on input line 101.
LaTeX Font Info:    Font shape `TS1/Roboto-LF/light/n' will be
(Font)              scaled to size 10.95pt on input line 101.
Package microtype Info: Loading generic protrusion settings for font family
(microtype)             `Roboto-LF' (encoding: TS1).
(microtype)             For optimal results, create family-specific settings.
(microtype)             See the microtype manual for details.

Overfull \hbox (15.02634pt too wide) in paragraph at lines 92--102
[] 
 []

[1

{/usr/local/texlive/2023/texmf-var/fonts/map/pdftex/updmap/pdftex.map}{/usr/local/texlive/2023/texmf-dist/fonts/enc/dvips/roboto/rbto_schjax.enc}{/usr/local/texlive/2023/texmf-dist/fonts/enc/dvips/roboto/rbto_ocbbsb.enc}]
LaTeX Font Info:    Font shape `OT1/Roboto-LF/l/it' aliased to
(Font)              `OT1/Roboto-LF/light/it' on input line 110.
LaTeX Font Info:    Font shape `OT1/Roboto-LF/light/it' will be
(Font)              scaled to size 10.95pt on input line 110.
 [2]
LaTeX Font Info:    Font shape `OT1/Roboto-LF/b/n' aliased to
(Font)              `OT1/Roboto-LF/bold/n' on input line 132.
LaTeX Font Info:    Font shape `OT1/Roboto-LF/bold/n' will be
(Font)              scaled to size 12.0pt on input line 132.
 [3] [4{/usr/local/texlive/2023/texmf-dist/fonts/enc/dvips/lm/lm-mathsy.enc}] [5]
Underfull \hbox (badness 10000) in paragraph at lines 230--231

 []

<Undergraduate.pdf, id=66, 597.5078pt x 845.04686pt>
File: Undergraduate.pdf Graphic file (type pdf)
<use Undergraduate.pdf>
Package pdftex.def Info: Undergraduate.pdf  used on input line 233.
(pdftex.def)             Requested size: 597.50633pt x 845.0448pt.
File: Undergraduate.pdf Graphic file (type pdf)
<use Undergraduate.pdf>
Package pdftex.def Info: Undergraduate.pdf  used on input line 233.
(pdftex.def)             Requested size: 597.50633pt x 845.0448pt.
<Undergraduate.pdf, id=69, page=1, 597.5078pt x 845.04686pt>
File: Undergraduate.pdf Graphic file (type pdf)
<use Undergraduate.pdf, page 1>
Package pdftex.def Info: Undergraduate.pdf , page1 used on input line 233.
(pdftex.def)             Requested size: 410.46297pt x 642.6671pt.
File: Undergraduate.pdf Graphic file (type pdf)
<use Undergraduate.pdf, page 1>
Package pdftex.def Info: Undergraduate.pdf , page1 used on input line 233.
(pdftex.def)             Requested size: 541.7497pt x 848.26816pt.
[6]
File: Undergraduate.pdf Graphic file (type pdf)
<use Undergraduate.pdf, page 1>
Package pdftex.def Info: Undergraduate.pdf , page1 used on input line 233.
(pdftex.def)             Requested size: 541.7497pt x 848.26816pt.
File: Undergraduate.pdf Graphic file (type pdf)
<use Undergraduate.pdf, page 1>
Package pdftex.def Info: Undergraduate.pdf , page1 used on input line 233.
(pdftex.def)             Requested size: 541.7497pt x 848.26816pt.
File: Undergraduate.pdf Graphic file (type pdf)
<use Undergraduate.pdf, page 1>
Package pdftex.def Info: Undergraduate.pdf , page1 used on input line 233.
(pdftex.def)             Requested size: 541.7497pt x 848.26816pt.
 [7 <./Undergraduate.pdf>]
File: Undergraduate.pdf Graphic file (type pdf)
<use Undergraduate.pdf>
Package pdftex.def Info: Undergraduate.pdf  used on input line 234.
(pdftex.def)             Requested size: 597.50633pt x 845.0448pt.
File: Undergraduate.pdf Graphic file (type pdf)
<use Undergraduate.pdf>
Package pdftex.def Info: Undergraduate.pdf  used on input line 234.
(pdftex.def)             Requested size: 597.50633pt x 845.0448pt.
<Undergraduate.pdf, id=103, page=2, 597.5078pt x 845.04686pt>
File: Undergraduate.pdf Graphic file (type pdf)
<use Undergraduate.pdf, page 2>
Package pdftex.def Info: Undergraduate.pdf , page2 used on input line 234.
(pdftex.def)             Requested size: 410.46297pt x 642.6671pt.
File: Undergraduate.pdf Graphic file (type pdf)
<use Undergraduate.pdf, page 2>
Package pdftex.def Info: Undergraduate.pdf , page2 used on input line 234.
(pdftex.def)             Requested size: 541.7497pt x 848.26816pt.
File: Undergraduate.pdf Graphic file (type pdf)
<use Undergraduate.pdf, page 2>
Package pdftex.def Info: Undergraduate.pdf , page2 used on input line 234.
(pdftex.def)             Requested size: 541.7497pt x 848.26816pt.
File: Undergraduate.pdf Graphic file (type pdf)
<use Undergraduate.pdf, page 2>
Package pdftex.def Info: Undergraduate.pdf , page2 used on input line 234.
(pdftex.def)             Requested size: 541.7497pt x 848.26816pt.
File: Undergraduate.pdf Graphic file (type pdf)
<use Undergraduate.pdf, page 2>
Package pdftex.def Info: Undergraduate.pdf , page2 used on input line 234.
(pdftex.def)             Requested size: 541.7497pt x 848.26816pt.
 [8 <./Undergraduate.pdf>]
<Undergraduate.pdf, id=130, page=3, 597.5078pt x 845.04686pt>
File: Undergraduate.pdf Graphic file (type pdf)
<use Undergraduate.pdf, page 3>
Package pdftex.def Info: Undergraduate.pdf , page3 used on input line 234.
(pdftex.def)             Requested size: 541.7497pt x 848.26816pt.
File: Undergraduate.pdf Graphic file (type pdf)
<use Undergraduate.pdf, page 3>
Package pdftex.def Info: Undergraduate.pdf , page3 used on input line 234.
(pdftex.def)             Requested size: 541.7497pt x 848.26816pt.
File: Undergraduate.pdf Graphic file (type pdf)
<use Undergraduate.pdf, page 3>
Package pdftex.def Info: Undergraduate.pdf , page3 used on input line 234.
(pdftex.def)             Requested size: 541.7497pt x 848.26816pt.
 [9 <./Undergraduate.pdf>]
<Undergraduate.pdf, id=137, page=4, 597.5078pt x 845.04686pt>
File: Undergraduate.pdf Graphic file (type pdf)
<use Undergraduate.pdf, page 4>
Package pdftex.def Info: Undergraduate.pdf , page4 used on input line 234.
(pdftex.def)             Requested size: 541.7497pt x 848.26816pt.
File: Undergraduate.pdf Graphic file (type pdf)
<use Undergraduate.pdf, page 4>
Package pdftex.def Info: Undergraduate.pdf , page4 used on input line 234.
(pdftex.def)             Requested size: 541.7497pt x 848.26816pt.
File: Undergraduate.pdf Graphic file (type pdf)
<use Undergraduate.pdf, page 4>
Package pdftex.def Info: Undergraduate.pdf , page4 used on input line 234.
(pdftex.def)             Requested size: 541.7497pt x 848.26816pt.
 [10 <./Undergraduate.pdf>]
<Undergraduate.pdf, id=149, page=5, 597.5078pt x 845.04686pt>
File: Undergraduate.pdf Graphic file (type pdf)
<use Undergraduate.pdf, page 5>
Package pdftex.def Info: Undergraduate.pdf , page5 used on input line 234.
(pdftex.def)             Requested size: 541.7497pt x 848.26816pt.
File: Undergraduate.pdf Graphic file (type pdf)
<use Undergraduate.pdf, page 5>
Package pdftex.def Info: Undergraduate.pdf , page5 used on input line 234.
(pdftex.def)             Requested size: 541.7497pt x 848.26816pt.
File: Undergraduate.pdf Graphic file (type pdf)
<use Undergraduate.pdf, page 5>
Package pdftex.def Info: Undergraduate.pdf , page5 used on input line 234.
(pdftex.def)             Requested size: 541.7497pt x 848.26816pt.
 [11 <./Undergraduate.pdf>]
<Undergraduate.pdf, id=155, page=6, 597.5078pt x 845.04686pt>
File: Undergraduate.pdf Graphic file (type pdf)
<use Undergraduate.pdf, page 6>
Package pdftex.def Info: Undergraduate.pdf , page6 used on input line 234.
(pdftex.def)             Requested size: 541.7497pt x 848.26816pt.
File: Undergraduate.pdf Graphic file (type pdf)
<use Undergraduate.pdf, page 6>
Package pdftex.def Info: Undergraduate.pdf , page6 used on input line 234.
(pdftex.def)             Requested size: 541.7497pt x 848.26816pt.
File: Undergraduate.pdf Graphic file (type pdf)
<use Undergraduate.pdf, page 6>
Package pdftex.def Info: Undergraduate.pdf , page6 used on input line 234.
(pdftex.def)             Requested size: 541.7497pt x 848.26816pt.
 [12 <./Undergraduate.pdf>]
<Undergraduate.pdf, id=160, page=7, 597.5078pt x 845.04686pt>
File: Undergraduate.pdf Graphic file (type pdf)
<use Undergraduate.pdf, page 7>
Package pdftex.def Info: Undergraduate.pdf , page7 used on input line 234.
(pdftex.def)             Requested size: 541.7497pt x 848.26816pt.
File: Undergraduate.pdf Graphic file (type pdf)
<use Undergraduate.pdf, page 7>
Package pdftex.def Info: Undergraduate.pdf , page7 used on input line 234.
(pdftex.def)             Requested size: 541.7497pt x 848.26816pt.
File: Undergraduate.pdf Graphic file (type pdf)
<use Undergraduate.pdf, page 7>
Package pdftex.def Info: Undergraduate.pdf , page7 used on input line 234.
(pdftex.def)             Requested size: 541.7497pt x 848.26816pt.
 [13 <./Undergraduate.pdf>]
<Undergraduate.pdf, id=166, page=8, 597.5078pt x 845.04686pt>
File: Undergraduate.pdf Graphic file (type pdf)
<use Undergraduate.pdf, page 8>
Package pdftex.def Info: Undergraduate.pdf , page8 used on input line 234.
(pdftex.def)             Requested size: 541.7497pt x 848.26816pt.
File: Undergraduate.pdf Graphic file (type pdf)
<use Undergraduate.pdf, page 8>
Package pdftex.def Info: Undergraduate.pdf , page8 used on input line 234.
(pdftex.def)             Requested size: 541.7497pt x 848.26816pt.
File: Undergraduate.pdf Graphic file (type pdf)
<use Undergraduate.pdf, page 8>
Package pdftex.def Info: Undergraduate.pdf , page8 used on input line 234.
(pdftex.def)             Requested size: 541.7497pt x 848.26816pt.
 [14 <./Undergraduate.pdf>]
<Undergraduate.pdf, id=171, page=9, 597.5078pt x 845.04686pt>
File: Undergraduate.pdf Graphic file (type pdf)
<use Undergraduate.pdf, page 9>
Package pdftex.def Info: Undergraduate.pdf , page9 used on input line 234.
(pdftex.def)             Requested size: 541.7497pt x 848.26816pt.
File: Undergraduate.pdf Graphic file (type pdf)
<use Undergraduate.pdf, page 9>
Package pdftex.def Info: Undergraduate.pdf , page9 used on input line 234.
(pdftex.def)             Requested size: 541.7497pt x 848.26816pt.
File: Undergraduate.pdf Graphic file (type pdf)
<use Undergraduate.pdf, page 9>
Package pdftex.def Info: Undergraduate.pdf , page9 used on input line 234.
(pdftex.def)             Requested size: 541.7497pt x 848.26816pt.
 [15 <./Undergraduate.pdf>]
<Undergraduate.pdf, id=176, page=10, 597.5078pt x 845.04686pt>
File: Undergraduate.pdf Graphic file (type pdf)
<use Undergraduate.pdf, page 10>
Package pdftex.def Info: Undergraduate.pdf , page10 used on input line 234.
(pdftex.def)             Requested size: 541.7497pt x 848.26816pt.
File: Undergraduate.pdf Graphic file (type pdf)
<use Undergraduate.pdf, page 10>
Package pdftex.def Info: Undergraduate.pdf , page10 used on input line 234.
(pdftex.def)             Requested size: 541.7497pt x 848.26816pt.
File: Undergraduate.pdf Graphic file (type pdf)
<use Undergraduate.pdf, page 10>
Package pdftex.def Info: Undergraduate.pdf , page10 used on input line 234.
(pdftex.def)             Requested size: 541.7497pt x 848.26816pt.
 [16 <./Undergraduate.pdf>]
<Undergraduate.pdf, id=181, page=11, 597.5078pt x 845.04686pt>
File: Undergraduate.pdf Graphic file (type pdf)
<use Undergraduate.pdf, page 11>
Package pdftex.def Info: Undergraduate.pdf , page11 used on input line 234.
(pdftex.def)             Requested size: 541.7497pt x 848.26816pt.
File: Undergraduate.pdf Graphic file (type pdf)
<use Undergraduate.pdf, page 11>
Package pdftex.def Info: Undergraduate.pdf , page11 used on input line 234.
(pdftex.def)             Requested size: 541.7497pt x 848.26816pt.
File: Undergraduate.pdf Graphic file (type pdf)
<use Undergraduate.pdf, page 11>
Package pdftex.def Info: Undergraduate.pdf , page11 used on input line 234.
(pdftex.def)             Requested size: 541.7497pt x 848.26816pt.
 [17 <./Undergraduate.pdf>]
<Undergraduate.pdf, id=186, page=12, 597.5078pt x 845.04686pt>
File: Undergraduate.pdf Graphic file (type pdf)
<use Undergraduate.pdf, page 12>
Package pdftex.def Info: Undergraduate.pdf , page12 used on input line 234.
(pdftex.def)             Requested size: 541.7497pt x 848.26816pt.
File: Undergraduate.pdf Graphic file (type pdf)
<use Undergraduate.pdf, page 12>
Package pdftex.def Info: Undergraduate.pdf , page12 used on input line 234.
(pdftex.def)             Requested size: 541.7497pt x 848.26816pt.
File: Undergraduate.pdf Graphic file (type pdf)
<use Undergraduate.pdf, page 12>
Package pdftex.def Info: Undergraduate.pdf , page12 used on input line 234.
(pdftex.def)             Requested size: 541.7497pt x 848.26816pt.
 [18 <./Undergraduate.pdf>]
<Undergraduate.pdf, id=191, page=13, 597.5078pt x 845.04686pt>
File: Undergraduate.pdf Graphic file (type pdf)
<use Undergraduate.pdf, page 13>
Package pdftex.def Info: Undergraduate.pdf , page13 used on input line 234.
(pdftex.def)             Requested size: 541.7497pt x 848.26816pt.
File: Undergraduate.pdf Graphic file (type pdf)
<use Undergraduate.pdf, page 13>
Package pdftex.def Info: Undergraduate.pdf , page13 used on input line 234.
(pdftex.def)             Requested size: 541.7497pt x 848.26816pt.
File: Undergraduate.pdf Graphic file (type pdf)
<use Undergraduate.pdf, page 13>
Package pdftex.def Info: Undergraduate.pdf , page13 used on input line 234.
(pdftex.def)             Requested size: 541.7497pt x 848.26816pt.
 [19 <./Undergraduate.pdf>]
<Undergraduate.pdf, id=197, page=14, 597.5078pt x 845.04686pt>
File: Undergraduate.pdf Graphic file (type pdf)
<use Undergraduate.pdf, page 14>
Package pdftex.def Info: Undergraduate.pdf , page14 used on input line 234.
(pdftex.def)             Requested size: 541.7497pt x 848.26816pt.
File: Undergraduate.pdf Graphic file (type pdf)
<use Undergraduate.pdf, page 14>
Package pdftex.def Info: Undergraduate.pdf , page14 used on input line 234.
(pdftex.def)             Requested size: 541.7497pt x 848.26816pt.
File: Undergraduate.pdf Graphic file (type pdf)
<use Undergraduate.pdf, page 14>
Package pdftex.def Info: Undergraduate.pdf , page14 used on input line 234.
(pdftex.def)             Requested size: 541.7497pt x 848.26816pt.
 [20 <./Undergraduate.pdf>]
<Undergraduate.pdf, id=202, page=15, 597.5078pt x 845.04686pt>
File: Undergraduate.pdf Graphic file (type pdf)
<use Undergraduate.pdf, page 15>
Package pdftex.def Info: Undergraduate.pdf , page15 used on input line 234.
(pdftex.def)             Requested size: 541.7497pt x 848.26816pt.
File: Undergraduate.pdf Graphic file (type pdf)
<use Undergraduate.pdf, page 15>
Package pdftex.def Info: Undergraduate.pdf , page15 used on input line 234.
(pdftex.def)             Requested size: 541.7497pt x 848.26816pt.
File: Undergraduate.pdf Graphic file (type pdf)
<use Undergraduate.pdf, page 15>
Package pdftex.def Info: Undergraduate.pdf , page15 used on input line 234.
(pdftex.def)             Requested size: 541.7497pt x 848.26816pt.
 [21 <./Undergraduate.pdf>]
<Undergraduate.pdf, id=207, page=16, 597.5078pt x 845.04686pt>
File: Undergraduate.pdf Graphic file (type pdf)
<use Undergraduate.pdf, page 16>
Package pdftex.def Info: Undergraduate.pdf , page16 used on input line 234.
(pdftex.def)             Requested size: 541.7497pt x 848.26816pt.
File: Undergraduate.pdf Graphic file (type pdf)
<use Undergraduate.pdf, page 16>
Package pdftex.def Info: Undergraduate.pdf , page16 used on input line 234.
(pdftex.def)             Requested size: 541.7497pt x 848.26816pt.
File: Undergraduate.pdf Graphic file (type pdf)
<use Undergraduate.pdf, page 16>
Package pdftex.def Info: Undergraduate.pdf , page16 used on input line 234.
(pdftex.def)             Requested size: 541.7497pt x 848.26816pt.
 [22 <./Undergraduate.pdf>]
<Undergraduate.pdf, id=212, page=17, 597.5078pt x 845.04686pt>
File: Undergraduate.pdf Graphic file (type pdf)
<use Undergraduate.pdf, page 17>
Package pdftex.def Info: Undergraduate.pdf , page17 used on input line 234.
(pdftex.def)             Requested size: 541.7497pt x 848.26816pt.
File: Undergraduate.pdf Graphic file (type pdf)
<use Undergraduate.pdf, page 17>
Package pdftex.def Info: Undergraduate.pdf , page17 used on input line 234.
(pdftex.def)             Requested size: 541.7497pt x 848.26816pt.
File: Undergraduate.pdf Graphic file (type pdf)
<use Undergraduate.pdf, page 17>
Package pdftex.def Info: Undergraduate.pdf , page17 used on input line 234.
(pdftex.def)             Requested size: 541.7497pt x 848.26816pt.
 [23 <./Undergraduate.pdf>]
<Undergraduate.pdf, id=217, page=18, 597.5078pt x 845.04686pt>
File: Undergraduate.pdf Graphic file (type pdf)
<use Undergraduate.pdf, page 18>
Package pdftex.def Info: Undergraduate.pdf , page18 used on input line 234.
(pdftex.def)             Requested size: 541.7497pt x 848.26816pt.
File: Undergraduate.pdf Graphic file (type pdf)
<use Undergraduate.pdf, page 18>
Package pdftex.def Info: Undergraduate.pdf , page18 used on input line 234.
(pdftex.def)             Requested size: 541.7497pt x 848.26816pt.
File: Undergraduate.pdf Graphic file (type pdf)
<use Undergraduate.pdf, page 18>
Package pdftex.def Info: Undergraduate.pdf , page18 used on input line 234.
(pdftex.def)             Requested size: 541.7497pt x 848.26816pt.
 [24 <./Undergraduate.pdf>]
<Undergraduate.pdf, id=222, page=19, 597.5078pt x 845.04686pt>
File: Undergraduate.pdf Graphic file (type pdf)
<use Undergraduate.pdf, page 19>
Package pdftex.def Info: Undergraduate.pdf , page19 used on input line 234.
(pdftex.def)             Requested size: 541.7497pt x 848.26816pt.
File: Undergraduate.pdf Graphic file (type pdf)
<use Undergraduate.pdf, page 19>
Package pdftex.def Info: Undergraduate.pdf , page19 used on input line 234.
(pdftex.def)             Requested size: 541.7497pt x 848.26816pt.
File: Undergraduate.pdf Graphic file (type pdf)
<use Undergraduate.pdf, page 19>
Package pdftex.def Info: Undergraduate.pdf , page19 used on input line 234.
(pdftex.def)             Requested size: 541.7497pt x 848.26816pt.
 [25 <./Undergraduate.pdf>]
<Undergraduate.pdf, id=228, page=20, 597.5078pt x 845.04686pt>
File: Undergraduate.pdf Graphic file (type pdf)
<use Undergraduate.pdf, page 20>
Package pdftex.def Info: Undergraduate.pdf , page20 used on input line 234.
(pdftex.def)             Requested size: 541.7497pt x 848.26816pt.
File: Undergraduate.pdf Graphic file (type pdf)
<use Undergraduate.pdf, page 20>
Package pdftex.def Info: Undergraduate.pdf , page20 used on input line 234.
(pdftex.def)             Requested size: 541.7497pt x 848.26816pt.
File: Undergraduate.pdf Graphic file (type pdf)
<use Undergraduate.pdf, page 20>
Package pdftex.def Info: Undergraduate.pdf , page20 used on input line 234.
(pdftex.def)             Requested size: 541.7497pt x 848.26816pt.
 [26 <./Undergraduate.pdf>]
<Undergraduate.pdf, id=233, page=21, 597.5078pt x 845.04686pt>
File: Undergraduate.pdf Graphic file (type pdf)
<use Undergraduate.pdf, page 21>
Package pdftex.def Info: Undergraduate.pdf , page21 used on input line 234.
(pdftex.def)             Requested size: 541.7497pt x 848.26816pt.
File: Undergraduate.pdf Graphic file (type pdf)
<use Undergraduate.pdf, page 21>
Package pdftex.def Info: Undergraduate.pdf , page21 used on input line 234.
(pdftex.def)             Requested size: 541.7497pt x 848.26816pt.
File: Undergraduate.pdf Graphic file (type pdf)
<use Undergraduate.pdf, page 21>
Package pdftex.def Info: Undergraduate.pdf , page21 used on input line 234.
(pdftex.def)             Requested size: 541.7497pt x 848.26816pt.
 [27 <./Undergraduate.pdf>]
<Graduate.pdf, id=238, 614.295pt x 794.97pt>
File: Graduate.pdf Graphic file (type pdf)
<use Graduate.pdf>
Package pdftex.def Info: Graduate.pdf  used on input line 235.
(pdftex.def)             Requested size: 614.29349pt x 794.96806pt.
File: Graduate.pdf Graphic file (type pdf)
<use Graduate.pdf>
Package pdftex.def Info: Graduate.pdf  used on input line 235.
(pdftex.def)             Requested size: 614.29349pt x 794.96806pt.
<Graduate.pdf, id=241, page=1, 614.295pt x 794.97pt>
File: Graduate.pdf Graphic file (type pdf)
<use Graduate.pdf, page 1>
Package pdftex.def Info: Graduate.pdf , page1 used on input line 235.
(pdftex.def)             Requested size: 470.65614pt x 642.6671pt.
File: Graduate.pdf Graphic file (type pdf)
<use Graduate.pdf, page 1>
Package pdftex.def Info: Graduate.pdf , page1 used on input line 235.
(pdftex.def)             Requested size: 612.06718pt x 835.79034pt.
File: Graduate.pdf Graphic file (type pdf)
<use Graduate.pdf, page 1>
Package pdftex.def Info: Graduate.pdf , page1 used on input line 235.
(pdftex.def)             Requested size: 612.06718pt x 835.79034pt.
File: Graduate.pdf Graphic file (type pdf)
<use Graduate.pdf, page 1>
Package pdftex.def Info: Graduate.pdf , page1 used on input line 235.
(pdftex.def)             Requested size: 612.06718pt x 835.79034pt.
File: Graduate.pdf Graphic file (type pdf)
<use Graduate.pdf, page 1>
Package pdftex.def Info: Graduate.pdf , page1 used on input line 235.
(pdftex.def)             Requested size: 612.06718pt x 835.79034pt.
 [28 <./Graduate.pdf>]
File: Graduate.pdf Graphic file (type pdf)
<use Graduate.pdf>
Package pdftex.def Info: Graduate.pdf  used on input line 236.
(pdftex.def)             Requested size: 614.29349pt x 794.96806pt.
File: Graduate.pdf Graphic file (type pdf)
<use Graduate.pdf>
Package pdftex.def Info: Graduate.pdf  used on input line 236.
(pdftex.def)             Requested size: 614.29349pt x 794.96806pt.
<Graduate.pdf, id=278, page=2, 614.295pt x 794.97pt>
File: Graduate.pdf Graphic file (type pdf)
<use Graduate.pdf, page 2>
Package pdftex.def Info: Graduate.pdf , page2 used on input line 236.
(pdftex.def)             Requested size: 470.65614pt x 642.6671pt.
File: Graduate.pdf Graphic file (type pdf)
<use Graduate.pdf, page 2>
Package pdftex.def Info: Graduate.pdf , page2 used on input line 236.
(pdftex.def)             Requested size: 612.06718pt x 835.79034pt.
File: Graduate.pdf Graphic file (type pdf)
<use Graduate.pdf, page 2>
Package pdftex.def Info: Graduate.pdf , page2 used on input line 236.
(pdftex.def)             Requested size: 612.06718pt x 835.79034pt.
File: Graduate.pdf Graphic file (type pdf)
<use Graduate.pdf, page 2>
Package pdftex.def Info: Graduate.pdf , page2 used on input line 236.
(pdftex.def)             Requested size: 612.06718pt x 835.79034pt.
File: Graduate.pdf Graphic file (type pdf)
<use Graduate.pdf, page 2>
Package pdftex.def Info: Graduate.pdf , page2 used on input line 236.
(pdftex.def)             Requested size: 612.06718pt x 835.79034pt.
 [29 <./Graduate.pdf>]
<Graduate.pdf, id=295, page=3, 614.295pt x 794.97pt>
File: Graduate.pdf Graphic file (type pdf)
<use Graduate.pdf, page 3>
Package pdftex.def Info: Graduate.pdf , page3 used on input line 236.
(pdftex.def)             Requested size: 612.06718pt x 835.79034pt.
File: Graduate.pdf Graphic file (type pdf)
<use Graduate.pdf, page 3>
Package pdftex.def Info: Graduate.pdf , page3 used on input line 236.
(pdftex.def)             Requested size: 612.06718pt x 835.79034pt.
File: Graduate.pdf Graphic file (type pdf)
<use Graduate.pdf, page 3>
Package pdftex.def Info: Graduate.pdf , page3 used on input line 236.
(pdftex.def)             Requested size: 612.06718pt x 835.79034pt.
 [30 <./Graduate.pdf>]
<Graduate.pdf, id=300, page=4, 614.295pt x 794.97pt>
File: Graduate.pdf Graphic file (type pdf)
<use Graduate.pdf, page 4>
Package pdftex.def Info: Graduate.pdf , page4 used on input line 236.
(pdftex.def)             Requested size: 612.06718pt x 835.79034pt.
File: Graduate.pdf Graphic file (type pdf)
<use Graduate.pdf, page 4>
Package pdftex.def Info: Graduate.pdf , page4 used on input line 236.
(pdftex.def)             Requested size: 612.06718pt x 835.79034pt.
File: Graduate.pdf Graphic file (type pdf)
<use Graduate.pdf, page 4>
Package pdftex.def Info: Graduate.pdf , page4 used on input line 236.
(pdftex.def)             Requested size: 612.06718pt x 835.79034pt.
 [31 <./Graduate.pdf>]
<Graduate.pdf, id=310, page=5, 614.295pt x 794.97pt>
File: Graduate.pdf Graphic file (type pdf)
<use Graduate.pdf, page 5>
Package pdftex.def Info: Graduate.pdf , page5 used on input line 236.
(pdftex.def)             Requested size: 612.06718pt x 835.79034pt.
File: Graduate.pdf Graphic file (type pdf)
<use Graduate.pdf, page 5>
Package pdftex.def Info: Graduate.pdf , page5 used on input line 236.
(pdftex.def)             Requested size: 612.06718pt x 835.79034pt.
File: Graduate.pdf Graphic file (type pdf)
<use Graduate.pdf, page 5>
Package pdftex.def Info: Graduate.pdf , page5 used on input line 236.
(pdftex.def)             Requested size: 612.06718pt x 835.79034pt.
 [32 <./Graduate.pdf>]
<Graduate.pdf, id=328, page=6, 614.295pt x 794.97pt>
File: Graduate.pdf Graphic file (type pdf)
<use Graduate.pdf, page 6>
Package pdftex.def Info: Graduate.pdf , page6 used on input line 236.
(pdftex.def)             Requested size: 612.06718pt x 835.79034pt.
File: Graduate.pdf Graphic file (type pdf)
<use Graduate.pdf, page 6>
Package pdftex.def Info: Graduate.pdf , page6 used on input line 236.
(pdftex.def)             Requested size: 612.06718pt x 835.79034pt.
File: Graduate.pdf Graphic file (type pdf)
<use Graduate.pdf, page 6>
Package pdftex.def Info: Graduate.pdf , page6 used on input line 236.
(pdftex.def)             Requested size: 612.06718pt x 835.79034pt.
 [33 <./Graduate.pdf>]
<Graduate.pdf, id=337, page=7, 614.295pt x 794.97pt>
File: Graduate.pdf Graphic file (type pdf)
<use Graduate.pdf, page 7>
Package pdftex.def Info: Graduate.pdf , page7 used on input line 236.
(pdftex.def)             Requested size: 612.06718pt x 835.79034pt.
File: Graduate.pdf Graphic file (type pdf)
<use Graduate.pdf, page 7>
Package pdftex.def Info: Graduate.pdf , page7 used on input line 236.
(pdftex.def)             Requested size: 612.06718pt x 835.79034pt.
File: Graduate.pdf Graphic file (type pdf)
<use Graduate.pdf, page 7>
Package pdftex.def Info: Graduate.pdf , page7 used on input line 236.
(pdftex.def)             Requested size: 612.06718pt x 835.79034pt.
 [34 <./Graduate.pdf>]

pdfTeX warning: pdflatex (file ./Lectures.pdf): PDF inclusion: found PDF version <1.7>, but at most version <1.5> allowed
<Lectures.pdf, id=346, 614.295pt x 794.97pt>
File: Lectures.pdf Graphic file (type pdf)
<use Lectures.pdf>
Package pdftex.def Info: Lectures.pdf  used on input line 237.
(pdftex.def)             Requested size: 614.29349pt x 794.96806pt.


pdfTeX warning: pdflatex (file ./Lectures.pdf): PDF inclusion: found PDF version <1.7>, but at most version <1.5> allowed
File: Lectures.pdf Graphic file (type pdf)
<use Lectures.pdf>
Package pdftex.def Info: Lectures.pdf  used on input line 237.
(pdftex.def)             Requested size: 614.29349pt x 794.96806pt.


pdfTeX warning: pdflatex (file ./Lectures.pdf): PDF inclusion: found PDF version <1.7>, but at most version <1.5> allowed


pdfTeX warning: pdflatex (file ./Lectures.pdf): PDF inclusion: found PDF version <1.7>, but at most version <1.5> allowed
<Lectures.pdf, id=349, page=1, 614.295pt x 794.97pt>
File: Lectures.pdf Graphic file (type pdf)
<use Lectures.pdf, page 1>
Package pdftex.def Info: Lectures.pdf , page1 used on input line 237.
(pdftex.def)             Requested size: 470.65614pt x 642.6671pt.
File: Lectures.pdf Graphic file (type pdf)
<use Lectures.pdf, page 1>
Package pdftex.def Info: Lectures.pdf , page1 used on input line 237.
(pdftex.def)             Requested size: 612.06718pt x 835.79034pt.
File: Lectures.pdf Graphic file (type pdf)
<use Lectures.pdf, page 1>
Package pdftex.def Info: Lectures.pdf , page1 used on input line 237.
(pdftex.def)             Requested size: 612.06718pt x 835.79034pt.
File: Lectures.pdf Graphic file (type pdf)
<use Lectures.pdf, page 1>
Package pdftex.def Info: Lectures.pdf , page1 used on input line 237.
(pdftex.def)             Requested size: 612.06718pt x 835.79034pt.
File: Lectures.pdf Graphic file (type pdf)
<use Lectures.pdf, page 1>
Package pdftex.def Info: Lectures.pdf , page1 used on input line 237.
(pdftex.def)             Requested size: 612.06718pt x 835.79034pt.
[35 <./Lectures.pdf>]
File: Lectures.pdf Graphic file (type pdf)
<use Lectures.pdf>
Package pdftex.def Info: Lectures.pdf  used on input line 238.
(pdftex.def)             Requested size: 614.29349pt x 794.96806pt.


pdfTeX warning: pdflatex (file ./Lectures.pdf): PDF inclusion: found PDF version <1.7>, but at most version <1.5> allowed
File: Lectures.pdf Graphic file (type pdf)
<use Lectures.pdf>
Package pdftex.def Info: Lectures.pdf  used on input line 238.
(pdftex.def)             Requested size: 614.29349pt x 794.96806pt.


pdfTeX warning: pdflatex (file ./Lectures.pdf): PDF inclusion: found PDF version <1.7>, but at most version <1.5> allowed


pdfTeX warning: pdflatex (file ./Lectures.pdf): PDF inclusion: found PDF version <1.7>, but at most version <1.5> allowed
<Lectures.pdf, id=377, page=2, 614.295pt x 794.97pt>
File: Lectures.pdf Graphic file (type pdf)
<use Lectures.pdf, page 2>
Package pdftex.def Info: Lectures.pdf , page2 used on input line 238.
(pdftex.def)             Requested size: 470.65614pt x 642.6671pt.
File: Lectures.pdf Graphic file (type pdf)
<use Lectures.pdf, page 2>
Package pdftex.def Info: Lectures.pdf , page2 used on input line 238.
(pdftex.def)             Requested size: 612.06718pt x 835.79034pt.
File: Lectures.pdf Graphic file (type pdf)
<use Lectures.pdf, page 2>
Package pdftex.def Info: Lectures.pdf , page2 used on input line 238.
(pdftex.def)             Requested size: 612.06718pt x 835.79034pt.
File: Lectures.pdf Graphic file (type pdf)
<use Lectures.pdf, page 2>
Package pdftex.def Info: Lectures.pdf , page2 used on input line 238.
(pdftex.def)             Requested size: 612.06718pt x 835.79034pt.
File: Lectures.pdf Graphic file (type pdf)
<use Lectures.pdf, page 2>
Package pdftex.def Info: Lectures.pdf , page2 used on input line 238.
(pdftex.def)             Requested size: 612.06718pt x 835.79034pt.
[36 <./Lectures.pdf>]

pdfTeX warning: pdflatex (file ./Lectures.pdf): PDF inclusion: found PDF version <1.7>, but at most version <1.5> allowed
<Lectures.pdf, id=386, page=3, 614.295pt x 794.97pt>
File: Lectures.pdf Graphic file (type pdf)
<use Lectures.pdf, page 3>
Package pdftex.def Info: Lectures.pdf , page3 used on input line 238.
(pdftex.def)             Requested size: 612.06718pt x 835.79034pt.
File: Lectures.pdf Graphic file (type pdf)
<use Lectures.pdf, page 3>
Package pdftex.def Info: Lectures.pdf , page3 used on input line 238.
(pdftex.def)             Requested size: 612.06718pt x 835.79034pt.
File: Lectures.pdf Graphic file (type pdf)
<use Lectures.pdf, page 3>
Package pdftex.def Info: Lectures.pdf , page3 used on input line 238.
(pdftex.def)             Requested size: 612.06718pt x 835.79034pt.
[37 <./Lectures.pdf>]

pdfTeX warning: pdflatex (file ./Tutorial1.pdf): PDF inclusion: found PDF version <1.7>, but at most version <1.5> allowed
<Tutorial1.pdf, id=396, 597.432pt x 845.07718pt>
File: Tutorial1.pdf Graphic file (type pdf)
<use Tutorial1.pdf>
Package pdftex.def Info: Tutorial1.pdf  used on input line 239.
(pdftex.def)             Requested size: 597.43054pt x 845.07512pt.


pdfTeX warning: pdflatex (file ./Tutorial1.pdf): PDF inclusion: found PDF version <1.7>, but at most version <1.5> allowed
File: Tutorial1.pdf Graphic file (type pdf)
<use Tutorial1.pdf>
Package pdftex.def Info: Tutorial1.pdf  used on input line 239.
(pdftex.def)             Requested size: 597.43054pt x 845.07512pt.


pdfTeX warning: pdflatex (file ./Tutorial1.pdf): PDF inclusion: found PDF version <1.7>, but at most version <1.5> allowed


pdfTeX warning: pdflatex (file ./Tutorial1.pdf): PDF inclusion: found PDF version <1.7>, but at most version <1.5> allowed
<Tutorial1.pdf, id=399, page=1, 597.432pt x 845.07718pt>
File: Tutorial1.pdf Graphic file (type pdf)
<use Tutorial1.pdf, page 1>
Package pdftex.def Info: Tutorial1.pdf , page1 used on input line 239.
(pdftex.def)             Requested size: 423.17204pt x 642.6671pt.
File: Tutorial1.pdf Graphic file (type pdf)
<use Tutorial1.pdf, page 1>
Package pdftex.def Info: Tutorial1.pdf , page1 used on input line 239.
(pdftex.def)             Requested size: 591.18637pt x 897.83623pt.
File: Tutorial1.pdf Graphic file (type pdf)
<use Tutorial1.pdf, page 1>
Package pdftex.def Info: Tutorial1.pdf , page1 used on input line 239.
(pdftex.def)             Requested size: 591.18637pt x 897.83623pt.
File: Tutorial1.pdf Graphic file (type pdf)
<use Tutorial1.pdf, page 1>
Package pdftex.def Info: Tutorial1.pdf , page1 used on input line 239.
(pdftex.def)             Requested size: 591.18637pt x 897.83623pt.
File: Tutorial1.pdf Graphic file (type pdf)
<use Tutorial1.pdf, page 1>
Package pdftex.def Info: Tutorial1.pdf , page1 used on input line 239.
(pdftex.def)             Requested size: 591.18637pt x 897.83623pt.
[38 <./Tutorial1.pdf>]
<Tutorial2.pdf, id=438, 614.295pt x 794.97pt>
File: Tutorial2.pdf Graphic file (type pdf)
<use Tutorial2.pdf>
Package pdftex.def Info: Tutorial2.pdf  used on input line 240.
(pdftex.def)             Requested size: 614.29349pt x 794.96806pt.
File: Tutorial2.pdf Graphic file (type pdf)
<use Tutorial2.pdf>
Package pdftex.def Info: Tutorial2.pdf  used on input line 240.
(pdftex.def)             Requested size: 614.29349pt x 794.96806pt.
<Tutorial2.pdf, id=441, page=1, 614.295pt x 794.97pt>
File: Tutorial2.pdf Graphic file (type pdf)
<use Tutorial2.pdf, page 1>
Package pdftex.def Info: Tutorial2.pdf , page1 used on input line 240.
(pdftex.def)             Requested size: 470.65614pt x 642.6671pt.
File: Tutorial2.pdf Graphic file (type pdf)
<use Tutorial2.pdf, page 1>
Package pdftex.def Info: Tutorial2.pdf , page1 used on input line 240.
(pdftex.def)             Requested size: 612.06718pt x 835.79034pt.
File: Tutorial2.pdf Graphic file (type pdf)
<use Tutorial2.pdf, page 1>
Package pdftex.def Info: Tutorial2.pdf , page1 used on input line 240.
(pdftex.def)             Requested size: 612.06718pt x 835.79034pt.
File: Tutorial2.pdf Graphic file (type pdf)
<use Tutorial2.pdf, page 1>
Package pdftex.def Info: Tutorial2.pdf , page1 used on input line 240.
(pdftex.def)             Requested size: 612.06718pt x 835.79034pt.
File: Tutorial2.pdf Graphic file (type pdf)
<use Tutorial2.pdf, page 1>
Package pdftex.def Info: Tutorial2.pdf , page1 used on input line 240.
(pdftex.def)             Requested size: 612.06718pt x 835.79034pt.
 [39 <./Tutorial2.pdf>]
<Tutorial2.pdf, id=483, page=2, 614.295pt x 794.97pt>
File: Tutorial2.pdf Graphic file (type pdf)
<use Tutorial2.pdf, page 2>
Package pdftex.def Info: Tutorial2.pdf , page2 used on input line 240.
(pdftex.def)             Requested size: 612.06718pt x 835.79034pt.
File: Tutorial2.pdf Graphic file (type pdf)
<use Tutorial2.pdf, page 2>
Package pdftex.def Info: Tutorial2.pdf , page2 used on input line 240.
(pdftex.def)             Requested size: 612.06718pt x 835.79034pt.
File: Tutorial2.pdf Graphic file (type pdf)
<use Tutorial2.pdf, page 2>
Package pdftex.def Info: Tutorial2.pdf , page2 used on input line 240.
(pdftex.def)             Requested size: 612.06718pt x 835.79034pt.
 [40 <./Tutorial2.pdf>]
<Tutorial2.pdf, id=494, page=3, 614.295pt x 794.97pt>
File: Tutorial2.pdf Graphic file (type pdf)
<use Tutorial2.pdf, page 3>
Package pdftex.def Info: Tutorial2.pdf , page3 used on input line 240.
(pdftex.def)             Requested size: 612.06718pt x 835.79034pt.
File: Tutorial2.pdf Graphic file (type pdf)
<use Tutorial2.pdf, page 3>
Package pdftex.def Info: Tutorial2.pdf , page3 used on input line 240.
(pdftex.def)             Requested size: 612.06718pt x 835.79034pt.
File: Tutorial2.pdf Graphic file (type pdf)
<use Tutorial2.pdf, page 3>
Package pdftex.def Info: Tutorial2.pdf , page3 used on input line 240.
(pdftex.def)             Requested size: 612.06718pt x 835.79034pt.
 [41 <./Tutorial2.pdf>]
<Tutorial2.pdf, id=499, page=4, 614.295pt x 794.97pt>
File: Tutorial2.pdf Graphic file (type pdf)
<use Tutorial2.pdf, page 4>
Package pdftex.def Info: Tutorial2.pdf , page4 used on input line 240.
(pdftex.def)             Requested size: 612.06718pt x 835.79034pt.
File: Tutorial2.pdf Graphic file (type pdf)
<use Tutorial2.pdf, page 4>
Package pdftex.def Info: Tutorial2.pdf , page4 used on input line 240.
(pdftex.def)             Requested size: 612.06718pt x 835.79034pt.
File: Tutorial2.pdf Graphic file (type pdf)
<use Tutorial2.pdf, page 4>
Package pdftex.def Info: Tutorial2.pdf , page4 used on input line 240.
(pdftex.def)             Requested size: 612.06718pt x 835.79034pt.
 [42 <./Tutorial2.pdf>]
<Tutorial2.pdf, id=508, page=5, 614.295pt x 794.97pt>
File: Tutorial2.pdf Graphic file (type pdf)
<use Tutorial2.pdf, page 5>
Package pdftex.def Info: Tutorial2.pdf , page5 used on input line 240.
(pdftex.def)             Requested size: 612.06718pt x 835.79034pt.
File: Tutorial2.pdf Graphic file (type pdf)
<use Tutorial2.pdf, page 5>
Package pdftex.def Info: Tutorial2.pdf , page5 used on input line 240.
(pdftex.def)             Requested size: 612.06718pt x 835.79034pt.
File: Tutorial2.pdf Graphic file (type pdf)
<use Tutorial2.pdf, page 5>
Package pdftex.def Info: Tutorial2.pdf , page5 used on input line 240.
(pdftex.def)             Requested size: 612.06718pt x 835.79034pt.
 [43 <./Tutorial2.pdf>]
<Tutorial2.pdf, id=532, page=6, 614.295pt x 794.97pt>
File: Tutorial2.pdf Graphic file (type pdf)
<use Tutorial2.pdf, page 6>
Package pdftex.def Info: Tutorial2.pdf , page6 used on input line 240.
(pdftex.def)             Requested size: 612.06718pt x 835.79034pt.
File: Tutorial2.pdf Graphic file (type pdf)
<use Tutorial2.pdf, page 6>
Package pdftex.def Info: Tutorial2.pdf , page6 used on input line 240.
(pdftex.def)             Requested size: 612.06718pt x 835.79034pt.
File: Tutorial2.pdf Graphic file (type pdf)
<use Tutorial2.pdf, page 6>
Package pdftex.def Info: Tutorial2.pdf , page6 used on input line 240.
(pdftex.def)             Requested size: 612.06718pt x 835.79034pt.
 [44 <./Tutorial2.pdf>]
<Tutorial2.pdf, id=549, page=7, 614.295pt x 794.97pt>
File: Tutorial2.pdf Graphic file (type pdf)
<use Tutorial2.pdf, page 7>
Package pdftex.def Info: Tutorial2.pdf , page7 used on input line 240.
(pdftex.def)             Requested size: 612.06718pt x 835.79034pt.
File: Tutorial2.pdf Graphic file (type pdf)
<use Tutorial2.pdf, page 7>
Package pdftex.def Info: Tutorial2.pdf , page7 used on input line 240.
(pdftex.def)             Requested size: 612.06718pt x 835.79034pt.
File: Tutorial2.pdf Graphic file (type pdf)
<use Tutorial2.pdf, page 7>
Package pdftex.def Info: Tutorial2.pdf , page7 used on input line 240.
(pdftex.def)             Requested size: 612.06718pt x 835.79034pt.
 [45 <./Tutorial2.pdf>]

pdfTeX warning: pdflatex (file ./Workshop.pdf): PDF inclusion: found PDF version <1.7>, but at most version <1.5> allowed
<Workshop.pdf, id=566, 614.295pt x 794.97pt>
File: Workshop.pdf Graphic file (type pdf)
<use Workshop.pdf>
Package pdftex.def Info: Workshop.pdf  used on input line 241.
(pdftex.def)             Requested size: 614.29349pt x 794.96806pt.


pdfTeX warning: pdflatex (file ./Workshop.pdf): PDF inclusion: found PDF version <1.7>, but at most version <1.5> allowed
File: Workshop.pdf Graphic file (type pdf)
<use Workshop.pdf>
Package pdftex.def Info: Workshop.pdf  used on input line 241.
(pdftex.def)             Requested size: 614.29349pt x 794.96806pt.


pdfTeX warning: pdflatex (file ./Workshop.pdf): PDF inclusion: found PDF version <1.7>, but at most version <1.5> allowed


pdfTeX warning: pdflatex (file ./Workshop.pdf): PDF inclusion: found PDF version <1.7>, but at most version <1.5> allowed
<Workshop.pdf, id=569, page=1, 614.295pt x 794.97pt>
File: Workshop.pdf Graphic file (type pdf)
<use Workshop.pdf, page 1>
Package pdftex.def Info: Workshop.pdf , page1 used on input line 241.
(pdftex.def)             Requested size: 470.65614pt x 642.6671pt.
File: Workshop.pdf Graphic file (type pdf)
<use Workshop.pdf, page 1>
Package pdftex.def Info: Workshop.pdf , page1 used on input line 241.
(pdftex.def)             Requested size: 612.06718pt x 835.79034pt.
File: Workshop.pdf Graphic file (type pdf)
<use Workshop.pdf, page 1>
Package pdftex.def Info: Workshop.pdf , page1 used on input line 241.
(pdftex.def)             Requested size: 612.06718pt x 835.79034pt.
File: Workshop.pdf Graphic file (type pdf)
<use Workshop.pdf, page 1>
Package pdftex.def Info: Workshop.pdf , page1 used on input line 241.
(pdftex.def)             Requested size: 612.06718pt x 835.79034pt.
File: Workshop.pdf Graphic file (type pdf)
<use Workshop.pdf, page 1>
Package pdftex.def Info: Workshop.pdf , page1 used on input line 241.
(pdftex.def)             Requested size: 612.06718pt x 835.79034pt.
[46 <./Workshop.pdf>]
<Appendix_Materials.pdf, id=627, 614.295pt x 794.97pt>
File: Appendix_Materials.pdf Graphic file (type pdf)
<use Appendix_Materials.pdf>
Package pdftex.def Info: Appendix_Materials.pdf  used on input line 248.
(pdftex.def)             Requested size: 614.29349pt x 794.96806pt.
File: Appendix_Materials.pdf Graphic file (type pdf)
<use Appendix_Materials.pdf>
Package pdftex.def Info: Appendix_Materials.pdf  used on input line 248.
(pdftex.def)             Requested size: 614.29349pt x 794.96806pt.
<Appendix_Materials.pdf, id=630, page=36, 614.295pt x 794.97pt>
File: Appendix_Materials.pdf Graphic file (type pdf)
<use Appendix_Materials.pdf, page 36>
Package pdftex.def Info: Appendix_Materials.pdf , page36 used on input line 248.
(pdftex.def)             Requested size: 475.60555pt x 642.6671pt.
File: Appendix_Materials.pdf Graphic file (type pdf)
<use Appendix_Materials.pdf, page 36>
Package pdftex.def Info: Appendix_Materials.pdf , page36 used on input line 248.
(pdftex.def)             Requested size: 636.83243pt x 860.55562pt.
 [47]
File: Appendix_Materials.pdf Graphic file (type pdf)
<use Appendix_Materials.pdf, page 36>
Package pdftex.def Info: Appendix_Materials.pdf , page36 used on input line 248.
(pdftex.def)             Requested size: 636.83243pt x 860.55562pt.
File: Appendix_Materials.pdf Graphic file (type pdf)
<use Appendix_Materials.pdf, page 36>
Package pdftex.def Info: Appendix_Materials.pdf , page36 used on input line 248.
(pdftex.def)             Requested size: 636.83243pt x 860.55562pt.
File: Appendix_Materials.pdf Graphic file (type pdf)
<use Appendix_Materials.pdf, page 36>
Package pdftex.def Info: Appendix_Materials.pdf , page36 used on input line 248.
(pdftex.def)             Requested size: 636.83243pt x 860.55562pt.
 [48 <./Appendix_Materials.pdf>]
File: Appendix_Materials.pdf Graphic file (type pdf)
<use Appendix_Materials.pdf>
Package pdftex.def Info: Appendix_Materials.pdf  used on input line 249.
(pdftex.def)             Requested size: 614.29349pt x 794.96806pt.
File: Appendix_Materials.pdf Graphic file (type pdf)
<use Appendix_Materials.pdf>
Package pdftex.def Info: Appendix_Materials.pdf  used on input line 249.
(pdftex.def)             Requested size: 614.29349pt x 794.96806pt.
<Appendix_Materials.pdf, id=699, page=37, 614.295pt x 794.97pt>
File: Appendix_Materials.pdf Graphic file (type pdf)
<use Appendix_Materials.pdf, page 37>
Package pdftex.def Info: Appendix_Materials.pdf , page37 used on input line 249.
(pdftex.def)             Requested size: 483.70442pt x 641.37012pt.
File: Appendix_Materials.pdf Graphic file (type pdf)
<use Appendix_Materials.pdf, page 37>
Package pdftex.def Info: Appendix_Materials.pdf , page37 used on input line 249.
(pdftex.def)             Requested size: 685.70325pt x 909.2114pt.
File: Appendix_Materials.pdf Graphic file (type pdf)
<use Appendix_Materials.pdf, page 37>
Package pdftex.def Info: Appendix_Materials.pdf , page37 used on input line 249.
(pdftex.def)             Requested size: 685.70325pt x 909.2114pt.
File: Appendix_Materials.pdf Graphic file (type pdf)
<use Appendix_Materials.pdf, page 37>
Package pdftex.def Info: Appendix_Materials.pdf , page37 used on input line 249.
(pdftex.def)             Requested size: 685.70325pt x 909.2114pt.
File: Appendix_Materials.pdf Graphic file (type pdf)
<use Appendix_Materials.pdf, page 37>
Package pdftex.def Info: Appendix_Materials.pdf , page37 used on input line 249.
(pdftex.def)             Requested size: 685.70325pt x 909.2114pt.
 [49 <./Appendix_Materials.pdf>]
<Evaluations2.pdf, id=715, 614.295pt x 794.97pt>
File: Evaluations2.pdf Graphic file (type pdf)
<use Evaluations2.pdf>
Package pdftex.def Info: Evaluations2.pdf  used on input line 250.
(pdftex.def)             Requested size: 614.29349pt x 794.96806pt.
File: Evaluations2.pdf Graphic file (type pdf)
<use Evaluations2.pdf>
Package pdftex.def Info: Evaluations2.pdf  used on input line 250.
(pdftex.def)             Requested size: 614.29349pt x 794.96806pt.
<Evaluations2.pdf, id=718, page=1, 614.295pt x 794.97pt>
File: Evaluations2.pdf Graphic file (type pdf)
<use Evaluations2.pdf, page 1>
Package pdftex.def Info: Evaluations2.pdf , page1 used on input line 250.
(pdftex.def)             Requested size: 483.70442pt x 641.37012pt.
File: Evaluations2.pdf Graphic file (type pdf)
<use Evaluations2.pdf, page 1>
Package pdftex.def Info: Evaluations2.pdf , page1 used on input line 250.
(pdftex.def)             Requested size: 685.70325pt x 909.2114pt.
File: Evaluations2.pdf Graphic file (type pdf)
<use Evaluations2.pdf, page 1>
Package pdftex.def Info: Evaluations2.pdf , page1 used on input line 250.
(pdftex.def)             Requested size: 685.70325pt x 909.2114pt.
File: Evaluations2.pdf Graphic file (type pdf)
<use Evaluations2.pdf, page 1>
Package pdftex.def Info: Evaluations2.pdf , page1 used on input line 250.
(pdftex.def)             Requested size: 685.70325pt x 909.2114pt.
File: Evaluations2.pdf Graphic file (type pdf)
<use Evaluations2.pdf, page 1>
Package pdftex.def Info: Evaluations2.pdf , page1 used on input line 250.
(pdftex.def)             Requested size: 685.70325pt x 909.2114pt.
 [50 <./Evaluations2.pdf>]
<Evaluations2.pdf, id=742, page=2, 614.295pt x 794.97pt>
File: Evaluations2.pdf Graphic file (type pdf)
<use Evaluations2.pdf, page 2>
Package pdftex.def Info: Evaluations2.pdf , page2 used on input line 250.
(pdftex.def)             Requested size: 685.70325pt x 909.2114pt.
File: Evaluations2.pdf Graphic file (type pdf)
<use Evaluations2.pdf, page 2>
Package pdftex.def Info: Evaluations2.pdf , page2 used on input line 250.
(pdftex.def)             Requested size: 685.70325pt x 909.2114pt.
File: Evaluations2.pdf Graphic file (type pdf)
<use Evaluations2.pdf, page 2>
Package pdftex.def Info: Evaluations2.pdf , page2 used on input line 250.
(pdftex.def)             Requested size: 685.70325pt x 909.2114pt.
 [51 <./Evaluations2.pdf>]
<Evaluations2.pdf, id=756, page=3, 614.295pt x 794.97pt>
File: Evaluations2.pdf Graphic file (type pdf)
<use Evaluations2.pdf, page 3>
Package pdftex.def Info: Evaluations2.pdf , page3 used on input line 250.
(pdftex.def)             Requested size: 685.70325pt x 909.2114pt.
File: Evaluations2.pdf Graphic file (type pdf)
<use Evaluations2.pdf, page 3>
Package pdftex.def Info: Evaluations2.pdf , page3 used on input line 250.
(pdftex.def)             Requested size: 685.70325pt x 909.2114pt.
File: Evaluations2.pdf Graphic file (type pdf)
<use Evaluations2.pdf, page 3>
Package pdftex.def Info: Evaluations2.pdf , page3 used on input line 250.
(pdftex.def)             Requested size: 685.70325pt x 909.2114pt.
 [52 <./Evaluations2.pdf>]
<Evaluations2.pdf, id=763, page=4, 614.295pt x 794.97pt>
File: Evaluations2.pdf Graphic file (type pdf)
<use Evaluations2.pdf, page 4>
Package pdftex.def Info: Evaluations2.pdf , page4 used on input line 250.
(pdftex.def)             Requested size: 685.70325pt x 909.2114pt.
File: Evaluations2.pdf Graphic file (type pdf)
<use Evaluations2.pdf, page 4>
Package pdftex.def Info: Evaluations2.pdf , page4 used on input line 250.
(pdftex.def)             Requested size: 685.70325pt x 909.2114pt.
File: Evaluations2.pdf Graphic file (type pdf)
<use Evaluations2.pdf, page 4>
Package pdftex.def Info: Evaluations2.pdf , page4 used on input line 250.
(pdftex.def)             Requested size: 685.70325pt x 909.2114pt.
 [53 <./Evaluations2.pdf>]
<Evaluations2.pdf, id=770, page=5, 614.295pt x 794.97pt>
File: Evaluations2.pdf Graphic file (type pdf)
<use Evaluations2.pdf, page 5>
Package pdftex.def Info: Evaluations2.pdf , page5 used on input line 250.
(pdftex.def)             Requested size: 685.70325pt x 909.2114pt.
File: Evaluations2.pdf Graphic file (type pdf)
<use Evaluations2.pdf, page 5>
Package pdftex.def Info: Evaluations2.pdf , page5 used on input line 250.
(pdftex.def)             Requested size: 685.70325pt x 909.2114pt.
File: Evaluations2.pdf Graphic file (type pdf)
<use Evaluations2.pdf, page 5>
Package pdftex.def Info: Evaluations2.pdf , page5 used on input line 250.
(pdftex.def)             Requested size: 685.70325pt x 909.2114pt.
 [54 <./Evaluations2.pdf>]
<Evaluations2.pdf, id=777, page=6, 614.295pt x 794.97pt>
File: Evaluations2.pdf Graphic file (type pdf)
<use Evaluations2.pdf, page 6>
Package pdftex.def Info: Evaluations2.pdf , page6 used on input line 250.
(pdftex.def)             Requested size: 685.70325pt x 909.2114pt.
File: Evaluations2.pdf Graphic file (type pdf)
<use Evaluations2.pdf, page 6>
Package pdftex.def Info: Evaluations2.pdf , page6 used on input line 250.
(pdftex.def)             Requested size: 685.70325pt x 909.2114pt.
File: Evaluations2.pdf Graphic file (type pdf)
<use Evaluations2.pdf, page 6>
Package pdftex.def Info: Evaluations2.pdf , page6 used on input line 250.
(pdftex.def)             Requested size: 685.70325pt x 909.2114pt.
 [55 <./Evaluations2.pdf>]
<Appendix_Materials.pdf, id=784, page=68, 614.295pt x 794.97pt>
File: Appendix_Materials.pdf Graphic file (type pdf)
<use Appendix_Materials.pdf, page 68>
Package pdftex.def Info: Appendix_Materials.pdf , page68 used on input line 257.
(pdftex.def)             Requested size: 483.69687pt x 319.30841pt.
<Appendix_Materials.pdf, id=786, page=69, 614.295pt x 794.97pt>
File: Appendix_Materials.pdf Graphic file (type pdf)
<use Appendix_Materials.pdf, page 69>
Package pdftex.def Info: Appendix_Materials.pdf , page69 used on input line 261.
(pdftex.def)             Requested size: 483.69687pt x 319.30841pt.


LaTeX Warning: Float too large for page by 14.49455pt on input line 263.

<Appendix_Materials.pdf, id=788, page=72, 614.295pt x 794.97pt>
File: Appendix_Materials.pdf Graphic file (type pdf)
<use Appendix_Materials.pdf, page 72>
Package pdftex.def Info: Appendix_Materials.pdf , page72 used on input line 270.
(pdftex.def)             Requested size: 483.69687pt x 319.30841pt.
<Appendix_Materials.pdf, id=790, page=73, 614.295pt x 794.97pt>
File: Appendix_Materials.pdf Graphic file (type pdf)
<use Appendix_Materials.pdf, page 73>
Package pdftex.def Info: Appendix_Materials.pdf , page73 used on input line 274.
(pdftex.def)             Requested size: 483.69687pt x 319.30841pt.

LaTeX Warning: Float too large for page by 14.49455pt on input line 276.

[56 <./Appendix_Materials.pdf> <./Appendix_Materials.pdf>] [57 <./Appendix_Materials.pdf> <./Appendix_Materials.pdf>] (./Teaching_Portfolio.aux)

LaTeX Font Warning: Some font shapes were not available, defaults substituted.

 ) 
Here is how much of TeX's memory you used:
 18475 strings out of 476025
 315477 string characters out of 5790016
 1865388 words of memory out of 5000000
 38424 multiletter control sequences out of 15000+600000
 550791 words of font info for 117 fonts, out of 8000000 for 9000
 1141 hyphenation exceptions out of 8191
 83i,17n,131p,1408b,585s stack positions out of 10000i,1000n,20000p,200000b,200000s
</usr/local/texlive/2023/texmf-dist/fonts/type1/google/roboto/Roboto-Bold.pfb></usr/local/texlive/2023/texmf-dist/fonts/type1/google/roboto/Roboto-Light.pfb></usr/local/texlive/2023/texmf-dist/fonts/type1/google/roboto/Roboto-LightItalic.pfb></usr/local/texlive/2023/texmf-dist/fonts/type1/public/lm/lmsy10.pfb>
Output written on Teaching_Portfolio.pdf (57 pages, 2203539 bytes).
PDF statistics:
 917 PDF objects out of 1000 (max. 8388607)
 626 compressed objects within 7 object streams
 75 named destinations out of 1000 (max. 500000)
 33333 words of extra memory for PDF output out of 35830 (max. 10000000)

